#
# A fatal error has been detected by the Java Runtime Environment:
#
#  SIGSEGV (0xb) at pc=0x00007100c14944e0, pid=1153, tid=1174
#
# JRE version: Java(TM) SE Runtime Environment (21.0.7+8) (build 21.0.7+8-LTS-245)
# Java VM: Java HotSpot(TM) 64-Bit Server VM (21.0.7+8-LTS-245, mixed mode, sharing, tiered, compressed oops, compressed class ptrs, g1 gc, linux-amd64)
# Problematic frame:
# V  [libjvm.so+0xc944e0]  Node::uncast(bool) const+0x0
#
# Core dump will be written. Default location: /home/mroth/src/jvm-crash/core.%e.1153
#
# If you would like to submit a bug report, please visit:
#   https://bugreport.java.com/bugreport/crash.jsp
#

---------------  S U M M A R Y ------------

Command Line: org.codehaus.groovy.tools.GroovyStarter --main groovy.ui.GroovyMain --classpath ./src/main/java:./src/main/resources ./src/main/java/de/crash/the/jvm/srv/gen/CrashTheJvm.groovy -e

Host: AMD Ryzen 7 3700X 8-Core Processor, 16 cores, 15G, Ubuntu 20.04.6 LTS
Time: Thu Jun  5 10:05:20 2025 CEST elapsed time: 3.136083 seconds (0d 0h 0m 3s)

---------------  T H R E A D  ---------------

Current thread (0x000071000c079e30):  JavaThread "C2 CompilerThread1" daemon [_thread_in_native, id=1174, stack(0x0000710045ab0000,0x0000710045bb1000) (1028K)]


Current CompileTask:
C2:   3136 5887       4       de.crash.the.jvm.srv.gen.CrashTheJvm$ColumnDefinition::description (33 bytes)

Stack: [0x0000710045ab0000,0x0000710045bb1000],  sp=0x0000710045ba84e8,  free space=993k
Native frames: (J=compiled Java code, j=interpreted, Vv=VM code, C=native code)
V  [libjvm.so+0xc944e0]  Node::uncast(bool) const+0x0
V  [libjvm.so+0x4af40c]  InlineTree::ok_to_inline(ciMethod*, JVMState*, ciCallProfile&, bool&)+0x13c
V  [libjvm.so+0x72ff1d]  Compile::call_generator(ciMethod*, int, bool, JVMState*, bool, float, ciKlass*, bool)+0x6cd
V  [libjvm.so+0x577880]  CallGenerator::for_method_handle_inline(JVMState*, ciMethod*, ciMethod*, bool, bool&)+0x130
V  [libjvm.so+0x578186]  CallGenerator::for_method_handle_call(JVMState*, ciMethod*, ciMethod*, bool)+0x26
V  [libjvm.so+0x72fe39]  Compile::call_generator(ciMethod*, int, bool, JVMState*, bool, float, ciKlass*, bool)+0x5e9
V  [libjvm.so+0x730b1b]  Parse::do_call()+0x1ab
V  [libjvm.so+0xcf78f9]  Parse::do_one_block()+0x199
V  [libjvm.so+0xcf7ee5]  Parse::do_all_blocks()+0xe5
V  [libjvm.so+0xcfa5a8]  Parse::Parse(JVMState*, ciMethod*, float)+0x6c8
V  [libjvm.so+0x5738db]  ParseGenerator::generate(JVMState*)+0x8b
V  [libjvm.so+0x730b73]  Parse::do_call()+0x203
V  [libjvm.so+0xcf78f9]  Parse::do_one_block()+0x199
V  [libjvm.so+0xcf7ee5]  Parse::do_all_blocks()+0xe5
V  [libjvm.so+0xcfa5a8]  Parse::Parse(JVMState*, ciMethod*, float)+0x6c8
V  [libjvm.so+0x5738db]  ParseGenerator::generate(JVMState*)+0x8b
V  [libjvm.so+0x730b73]  Parse::do_call()+0x203
V  [libjvm.so+0xcf78f9]  Parse::do_one_block()+0x199
V  [libjvm.so+0xcf7ee5]  Parse::do_all_blocks()+0xe5
V  [libjvm.so+0xcfa5a8]  Parse::Parse(JVMState*, ciMethod*, float)+0x6c8
V  [libjvm.so+0x5738db]  ParseGenerator::generate(JVMState*)+0x8b
V  [libjvm.so+0x730b73]  Parse::do_call()+0x203
V  [libjvm.so+0xcf78f9]  Parse::do_one_block()+0x199
V  [libjvm.so+0xcf7ee5]  Parse::do_all_blocks()+0xe5
V  [libjvm.so+0xcfa5a8]  Parse::Parse(JVMState*, ciMethod*, float)+0x6c8
V  [libjvm.so+0x5738db]  ParseGenerator::generate(JVMState*)+0x8b
V  [libjvm.so+0x730b73]  Parse::do_call()+0x203
V  [libjvm.so+0xcf78f9]  Parse::do_one_block()+0x199
V  [libjvm.so+0xcf7ee5]  Parse::do_all_blocks()+0xe5
V  [libjvm.so+0xcfa5a8]  Parse::Parse(JVMState*, ciMethod*, float)+0x6c8
V  [libjvm.so+0x5738db]  ParseGenerator::generate(JVMState*)+0x8b
V  [libjvm.so+0x730b73]  Parse::do_call()+0x203
V  [libjvm.so+0xcf78f9]  Parse::do_one_block()+0x199
V  [libjvm.so+0xcf7ee5]  Parse::do_all_blocks()+0xe5
V  [libjvm.so+0xcfa5a8]  Parse::Parse(JVMState*, ciMethod*, float)+0x6c8
V  [libjvm.so+0x5738db]  ParseGenerator::generate(JVMState*)+0x8b
V  [libjvm.so+0x730b73]  Parse::do_call()+0x203
V  [libjvm.so+0xcf78f9]  Parse::do_one_block()+0x199
V  [libjvm.so+0xcf7ee5]  Parse::do_all_blocks()+0xe5
V  [libjvm.so+0xcfa5a8]  Parse::Parse(JVMState*, ciMethod*, float)+0x6c8
V  [libjvm.so+0x5738db]  ParseGenerator::generate(JVMState*)+0x8b
V  [libjvm.so+0x730b73]  Parse::do_call()+0x203
V  [libjvm.so+0xcf78f9]  Parse::do_one_block()+0x199
V  [libjvm.so+0xcf7ee5]  Parse::do_all_blocks()+0xe5
V  [libjvm.so+0xcfa5a8]  Parse::Parse(JVMState*, ciMethod*, float)+0x6c8
V  [libjvm.so+0x5738db]  ParseGenerator::generate(JVMState*)+0x8b
V  [libjvm.so+0x730b73]  Parse::do_call()+0x203
V  [libjvm.so+0xcf78f9]  Parse::do_one_block()+0x199
V  [libjvm.so+0xcf7ee5]  Parse::do_all_blocks()+0xe5
V  [libjvm.so+0xcfa5a8]  Parse::Parse(JVMState*, ciMethod*, float)+0x6c8
V  [libjvm.so+0x5738db]  ParseGenerator::generate(JVMState*)+0x8b
V  [libjvm.so+0x730b73]  Parse::do_call()+0x203
V  [libjvm.so+0xcf78f9]  Parse::do_one_block()+0x199
V  [libjvm.so+0xcf7ee5]  Parse::do_all_blocks()+0xe5
V  [libjvm.so+0xcfa5a8]  Parse::Parse(JVMState*, ciMethod*, float)+0x6c8
V  [libjvm.so+0x5738db]  ParseGenerator::generate(JVMState*)+0x8b
V  [libjvm.so+0x730b73]  Parse::do_call()+0x203
V  [libjvm.so+0xcf78f9]  Parse::do_one_block()+0x199
V  [libjvm.so+0xcf7ee5]  Parse::do_all_blocks()+0xe5
V  [libjvm.so+0xcfa5a8]  Parse::Parse(JVMState*, ciMethod*, float)+0x6c8
V  [libjvm.so+0x5738db]  ParseGenerator::generate(JVMState*)+0x8b
V  [libjvm.so+0x730b73]  Parse::do_call()+0x203
V  [libjvm.so+0xcf78f9]  Parse::do_one_block()+0x199
V  [libjvm.so+0xcf7ee5]  Parse::do_all_blocks()+0xe5
V  [libjvm.so+0xcfa5a8]  Parse::Parse(JVMState*, ciMethod*, float)+0x6c8
V  [libjvm.so+0x5738db]  ParseGenerator::generate(JVMState*)+0x8b
V  [libjvm.so+0x730b73]  Parse::do_call()+0x203
V  [libjvm.so+0xcf78f9]  Parse::do_one_block()+0x199
V  [libjvm.so+0xcf7ee5]  Parse::do_all_blocks()+0xe5
V  [libjvm.so+0xcfa5a8]  Parse::Parse(JVMState*, ciMethod*, float)+0x6c8
V  [libjvm.so+0x5738db]  ParseGenerator::generate(JVMState*)+0x8b
V  [libjvm.so+0x730b73]  Parse::do_call()+0x203
V  [libjvm.so+0xcf78f9]  Parse::do_one_block()+0x199
V  [libjvm.so+0xcf7ee5]  Parse::do_all_blocks()+0xe5
V  [libjvm.so+0xcfa5a8]  Parse::Parse(JVMState*, ciMethod*, float)+0x6c8
V  [libjvm.so+0x5738db]  ParseGenerator::generate(JVMState*)+0x8b
V  [libjvm.so+0x730b73]  Parse::do_call()+0x203
V  [libjvm.so+0xcf78f9]  Parse::do_one_block()+0x199
V  [libjvm.so+0xcf7ee5]  Parse::do_all_blocks()+0xe5
V  [libjvm.so+0xcfa5a8]  Parse::Parse(JVMState*, ciMethod*, float)+0x6c8
V  [libjvm.so+0x5738db]  ParseGenerator::generate(JVMState*)+0x8b
V  [libjvm.so+0x730b73]  Parse::do_call()+0x203
V  [libjvm.so+0xcf78f9]  Parse::do_one_block()+0x199
V  [libjvm.so+0xcf7ee5]  Parse::do_all_blocks()+0xe5
V  [libjvm.so+0xcfa5a8]  Parse::Parse(JVMState*, ciMethod*, float)+0x6c8
V  [libjvm.so+0x5738db]  ParseGenerator::generate(JVMState*)+0x8b
V  [libjvm.so+0x730b73]  Parse::do_call()+0x203
V  [libjvm.so+0xcf78f9]  Parse::do_one_block()+0x199
V  [libjvm.so+0xcf7ee5]  Parse::do_all_blocks()+0xe5
V  [libjvm.so+0xcfa5a8]  Parse::Parse(JVMState*, ciMethod*, float)+0x6c8
V  [libjvm.so+0x5738db]  ParseGenerator::generate(JVMState*)+0x8b
V  [libjvm.so+0x730b73]  Parse::do_call()+0x203
V  [libjvm.so+0xcf78f9]  Parse::do_one_block()+0x199
V  [libjvm.so+0xcf7ee5]  Parse::do_all_blocks()+0xe5
V  [libjvm.so+0xcfa5a8]  Parse::Parse(JVMState*, ciMethod*, float)+0x6c8
V  [libjvm.so+0x5738db]  ParseGenerator::generate(JVMState*)+0x8b
V  [libjvm.so+0x576601]  CallGenerator::do_late_inline_helper()+0x5b1
V  [libjvm.so+0x6408d4]  Compile::inline_incrementally(PhaseIterGVN&)+0x774
V  [libjvm.so+0x6442c6]  Compile::Optimize()+0x386
V  [libjvm.so+0x645f7c]  Compile::Compile(ciEnv*, ciMethod*, int, Options, DirectiveSet*)+0xeec
...<more frames>...

siginfo: si_signo: 11 (SIGSEGV), si_code: 1 (SEGV_MAPERR), si_addr: 0x000000000000002c

Registers:
RAX=0x00000000000000aa, RBX=0x0000000000000000, RCX=0x0000000000005550, RDX=0x00007100005efff8
RSP=0x0000710045ba84e8, RBP=0x0000710045ba8540, RSI=0x0000000000000000, RDI=0x0000000000000000
R8 =0x0000710045ba869f, R9 =0x0000710045ba86a0, R10=0x00007100c1c76ca0, R11=0x000071000c02cda0
R12=0x0000710000407c78, R13=0x0000710008e0a6c8, R14=0x000071000c02d230, R15=0x000071000426ddc0
RIP=0x00007100c14944e0, EFLAGS=0x0000000000010206, CSGSFS=0x002b000000000033, ERR=0x0000000000000004
  TRAPNO=0x000000000000000e


Register to memory mapping:

RAX=0x00000000000000aa is an unknown value
RBX=0x0 is null
RCX=0x0000000000005550 is an unknown value
RDX=0x00007100005efff8 points into unknown readable memory: 0x000070ffe0140ab0 | b0 0a 14 e0 ff 70 00 00
RSP=0x0000710045ba84e8 is pointing into the stack for thread: 0x000071000c079e30
RBP=0x0000710045ba8540 is pointing into the stack for thread: 0x000071000c079e30
RSI=0x0 is null
RDI=0x0 is null
R8 =0x0000710045ba869f is pointing into the stack for thread: 0x000071000c079e30
R9 =0x0000710045ba86a0 is pointing into the stack for thread: 0x000071000c079e30
R10=0x00007100c1c76ca0: <offset 0x0000000001476ca0> in /home/mroth/.sdkman/candidates/java/21.0.7-oracle/lib/server/libjvm.so at 0x00007100c0800000
R11=0x000071000c02cda0 points into unknown readable memory: 0x00000000000c000b | 0b 00 0c 00 00 00 00 00
R12=0x0000710000407c78 points into unknown readable memory: 0x0000710000407cb8 | b8 7c 40 00 00 71 00 00
R13=0x0000710008e0a6c8 points into unknown readable memory: 0x00007100c1bca2f8 | f8 a2 bc c1 00 71 00 00
R14=0x000071000c02d230 points into unknown readable memory: 0x00007100c1bc4198 | 98 41 bc c1 00 71 00 00
R15=0x000071000426ddc0 points into unknown readable memory: 0x0000710045baeb30 | 30 eb ba 45 00 71 00 00

Top of Stack: (sp=0x0000710045ba84e8)
0x0000710045ba84e8:   00007100c0cae20e 0000710045ba8530
0x0000710045ba84f8:   000070fffce12650 0000710045ba8570
0x0000710045ba8508:   000071000426df80 0000710045ba8520
0x0000710045ba8518:   000071000426df80 000071000c02c390
0x0000710045ba8528:   000071000426ddc0 0000710045ba86a0
0x0000710045ba8538:   000071000c02d230 0000710045ba8600
0x0000710045ba8548:   00007100c0caf40c 0000710045ba869f
0x0000710045ba8558:   00007100c0caf3ae 0000710045ba8600
0x0000710045ba8568:   00007100c0db6c61 0000710045ba869f
0x0000710045ba8578:   0000000c0c079830 0000bbaa00000000
0x0000710045ba8588:   0000000000000000 000071000100c390
0x0000710045ba8598:   0000710000000000 0000710000000001
0x0000710045ba85a8:   00000000000a8090 0000710008dd01b0
0x0000710045ba85b8:   00007100c0caf01b 0000710008dd01b0
0x0000710045ba85c8:   000071000c02c390 000000e9000000b6
0x0000710045ba85d8:   000000000000bcab 000071000426df80
0x0000710045ba85e8:   0000000000000000 000071000426ddc0
0x0000710045ba85f8:   0000710045baeb30 0000710045ba8790
0x0000710045ba8608:   00007100c0f2ff1d 000071000c079e30
0x0000710045ba8618:   0000710045ba88d8 0000710045ba87a0
0x0000710045ba8628:   00007100ffffffff 0000710045ba869f
0x0000710045ba8638:   000000b6470a1268 0000000000000000
0x0000710045ba8648:   00007100c1553c01 00000001fffffffc
0x0000710045ba8658:   0000710047486001 0000710045ba86a0
0x0000710045ba8668:   000071000000bbaa 0000710000000000
0x0000710045ba8678:   010071003f7fffef 000000000000000c
0x0000710045ba8688:   000071000c02d230 000071000c079830
0x0000710045ba8698:   0000710008dd01b0 0000000000000000
0x0000710045ba86a8:   ffffffff0000bbaa 0000710008daff40
0x0000710045ba86b8:   0000000000000000 0000000800000002
0x0000710045ba86c8:   000071000820ab40 000071001c001d90
0x0000710045ba86d8:   0000710045baf6e0 0000000000000000 

Instructions: (pc=0x00007100c14944e0)
0x00007100c14943e0:   39 d2 0f 84 68 ff ff ff 48 8b 16 48 89 10 e9 5d
0x00007100c14943f0:   ff ff ff 0f 1f 44 00 00 4c 89 e7 e8 00 e4 ff ff
0x00007100c1494400:   49 8b 44 24 10 41 8b 74 24 20 e9 68 ff ff ff 90
0x00007100c1494410:   8b 57 1c 85 d2 74 19 48 8b 4f 08 31 c0 eb 0a 90
0x00007100c1494420:   48 83 c0 01 48 39 c2 74 07 48 39 34 c1 75 f1 c3
0x00007100c1494430:   b8 ff ff ff ff c3 66 2e 0f 1f 84 00 00 00 00 00
0x00007100c1494440:   55 48 89 e5 41 57 41 56 41 55 41 54 53 48 83 ec
0x00007100c1494450:   18 4c 89 4d c0 48 39 d6 74 6e 89 cb 45 89 c7 44
0x00007100c1494460:   39 c1 7d 64 49 89 fd 49 89 f6 49 89 d2 45 31 e4
0x00007100c1494470:   eb 0e 66 0f 1f 44 00 00 83 c3 01 41 39 df 74 31
0x00007100c1494480:   49 8b 4d 08 89 da 4c 3b 34 d1 75 ec 48 8b 4d c0
0x00007100c1494490:   4c 89 d2 89 de 4c 89 ef 83 c3 01 4c 89 55 c8 41
0x00007100c14944a0:   83 c4 01 e8 78 4b 08 00 4c 8b 55 c8 41 39 df 75
0x00007100c14944b0:   cf 48 83 c4 18 44 89 e0 5b 41 5c 41 5d 41 5e 41
0x00007100c14944c0:   5f 5d c3 0f 1f 44 00 00 48 83 c4 18 31 c0 5b 41
0x00007100c14944d0:   5c 41 5d 41 5e 41 5f 5d c3 90 66 0f 1f 44 00 00
0x00007100c14944e0:   8b 57 2c 48 89 f8 83 e2 1f 83 fa 14 75 30 40 84
0x00007100c14944f0:   f6 75 4c 83 78 18 02 75 25 0f 1f 80 00 00 00 00
0x00007100c1494500:   8b 50 2c 83 e2 1f 83 fa 14 75 13 48 8b 40 08 48
0x00007100c1494510:   8b 40 08 48 85 c0 74 38 83 78 18 02 74 e2 c3 90
0x00007100c1494520:   8b 50 2c 83 e2 1f 83 fa 14 75 f3 8b 50 40 85 d2
0x00007100c1494530:   75 ec 48 8b 40 08 48 8b 40 08 48 85 c0 74 df 83
0x00007100c1494540:   78 18 02 74 db c3 66 2e 0f 1f 84 00 00 00 00 00
0x00007100c1494550:   c3 90 66 66 2e 0f 1f 84 00 00 00 00 00 0f 1f 00
0x00007100c1494560:   55 48 89 e5 41 56 41 55 41 54 53 48 8b 5f 10 8b
0x00007100c1494570:   47 20 4c 8d 34 c3 4c 39 f3 73 35 41 89 f5 eb 09
0x00007100c1494580:   48 83 c3 08 4c 39 f3 73 27 4c 8b 23 49 8b 04 24
0x00007100c1494590:   4c 89 e7 ff 10 44 39 e8 75 e6 5b 4c 89 e0 41 5c
0x00007100c14945a0:   41 5d 41 5e 5d c3 66 2e 0f 1f 84 00 00 00 00 00
0x00007100c14945b0:   45 31 e4 5b 4c 89 e0 41 5c 41 5d 41 5e 5d c3 90
0x00007100c14945c0:   55 48 89 e5 41 55 41 54 41 89 f4 53 48 83 ec 08
0x00007100c14945d0:   48 8b 5f 10 8b 47 20 4c 8d 2c c3 4c 39 eb 72 11 


Stack slot to memory mapping:

stack at sp + 0 slots: 0x00007100c0cae20e: <offset 0x00000000004ae20e> in /home/mroth/.sdkman/candidates/java/21.0.7-oracle/lib/server/libjvm.so at 0x00007100c0800000
stack at sp + 1 slots: 0x0000710045ba8530 is pointing into the stack for thread: 0x000071000c079e30
stack at sp + 2 slots: 0x000070fffce12650 points into unknown readable memory: 0x000071001c0093d0 | d0 93 00 1c 00 71 00 00
stack at sp + 3 slots: 0x0000710045ba8570 is pointing into the stack for thread: 0x000071000c079e30
stack at sp + 4 slots: 0x000071000426df80 points into unknown readable memory: 0x000071000426dd80 | 80 dd 26 04 00 71 00 00
stack at sp + 5 slots: 0x0000710045ba8520 is pointing into the stack for thread: 0x000071000c079e30
stack at sp + 6 slots: 0x000071000426df80 points into unknown readable memory: 0x000071000426dd80 | 80 dd 26 04 00 71 00 00
stack at sp + 7 slots: 0x000071000c02c390 points into unknown readable memory: 0x00007100c1bc4198 | 98 41 bc c1 00 71 00 00


---------------  P R O C E S S  ---------------

Threads class SMR info:
_java_thread_list=0x00007100004cfbd0, length=21, elements={
0x00007100bc028620, 0x00007100bc185430, 0x00007100bc186ab0, 0x00007100bc188230,
0x00007100bc189860, 0x00007100bc18adf0, 0x00007100bc18c9a0, 0x00007100bc18e050,
0x00007100bc19a580, 0x00007100bc19d910, 0x0000710020054000, 0x000071002005aa40,
0x000071000c078350, 0x000071000c079e30, 0x000071000c07b0b0, 0x000071000c07c3a0,
0x00007100bc5fcbe0, 0x00007100bc5fe8b0, 0x000070fffc5e18b0, 0x0000710000334110,
0x00007100004cea70
}

Java Threads: ( => current thread )
  0x00007100bc028620 JavaThread "main"                              [_thread_in_Java, id=1154, stack(0x00007100c05b0000,0x00007100c06b1000) (1028K)]
  0x00007100bc185430 JavaThread "Reference Handler"          daemon [_thread_blocked, id=1162, stack(0x000071004678c000,0x000071004688d000) (1028K)]
  0x00007100bc186ab0 JavaThread "Finalizer"                  daemon [_thread_blocked, id=1163, stack(0x000071004668b000,0x000071004678c000) (1028K)]
  0x00007100bc188230 JavaThread "Signal Dispatcher"          daemon [_thread_blocked, id=1164, stack(0x000071004658a000,0x000071004668b000) (1028K)]
  0x00007100bc189860 JavaThread "Service Thread"             daemon [_thread_blocked, id=1165, stack(0x0000710046489000,0x000071004658a000) (1028K)]
  0x00007100bc18adf0 JavaThread "Monitor Deflation Thread"   daemon [_thread_blocked, id=1166, stack(0x0000710046388000,0x0000710046489000) (1028K)]
  0x00007100bc18c9a0 JavaThread "C2 CompilerThread0"         daemon [_thread_in_vm, id=1167, stack(0x0000710046287000,0x0000710046388000) (1028K)]
  0x00007100bc18e050 JavaThread "C1 CompilerThread0"         daemon [_thread_blocked, id=1168, stack(0x0000710046186000,0x0000710046287000) (1028K)]
  0x00007100bc19a580 JavaThread "Notification Thread"        daemon [_thread_blocked, id=1169, stack(0x0000710045fb5000,0x00007100460b6000) (1028K)]
  0x00007100bc19d910 JavaThread "Common-Cleaner"             daemon [_thread_blocked, id=1170, stack(0x0000710045eb4000,0x0000710045fb5000) (1028K)]
  0x0000710020054000 JavaThread "C1 CompilerThread1"         daemon [_thread_blocked, id=1171, stack(0x0000710045db3000,0x0000710045eb4000) (1028K)]
  0x000071002005aa40 JavaThread "C1 CompilerThread2"         daemon [_thread_blocked, id=1172, stack(0x0000710045cb2000,0x0000710045db3000) (1028K)]
  0x000071000c078350 JavaThread "C1 CompilerThread3"         daemon [_thread_blocked, id=1173, stack(0x0000710045bb1000,0x0000710045cb2000) (1028K)]
=>0x000071000c079e30 JavaThread "C2 CompilerThread1"         daemon [_thread_in_native, id=1174, stack(0x0000710045ab0000,0x0000710045bb1000) (1028K)]
  0x000071000c07b0b0 JavaThread "C2 CompilerThread2"         daemon [_thread_in_native, id=1175, stack(0x00007100459af000,0x0000710045ab0000) (1028K)]
  0x000071000c07c3a0 JavaThread "C2 CompilerThread3"         daemon [_thread_in_native, id=1176, stack(0x00007100458ae000,0x00007100459af000) (1028K)]
  0x00007100bc5fcbe0 JavaThread "ForkJoinPool.commonPool-worker-1" daemon [_thread_blocked, id=1182, stack(0x00007100452a8000,0x00007100453a9000) (1028K)]
  0x00007100bc5fe8b0 JavaThread "ForkJoinPool.commonPool-worker-2" daemon [_thread_blocked, id=1183, stack(0x00007100451a7000,0x00007100452a8000) (1028K)]
  0x000070fffc5e18b0 JavaThread "C2 CompilerThread4"         daemon [_thread_in_native, id=1195, stack(0x000071004479d000,0x000071004489e000) (1028K)]
  0x0000710000334110 JavaThread "C2 CompilerThread5"         daemon [_thread_in_native, id=1196, stack(0x000071004469c000,0x000071004479d000) (1028K)]
  0x00007100004cea70 JavaThread "C2 CompilerThread6"         daemon [_thread_in_native, id=1197, stack(0x000071004459b000,0x000071004469c000) (1028K)]
Total: 21

Other Threads:
  0x00007100bc179590 VMThread "VM Thread"                           [id=1161, stack(0x0000710046d7e000,0x0000710046e7e000) (1024K)]
  0x00007100bc1674b0 WatcherThread "VM Periodic Task Thread"        [id=1160, stack(0x0000710046e7f000,0x0000710046f7f000) (1024K)]
  0x00007100bc090e50 WorkerThread "GC Thread#0"                     [id=1155, stack(0x000071009f112000,0x000071009f212000) (1024K)]
  0x0000710034008af0 WorkerThread "GC Thread#1"                     [id=1177, stack(0x00007100457ae000,0x00007100458ae000) (1024K)]
  0x00007100340095d0 WorkerThread "GC Thread#2"                     [id=1178, stack(0x00007100456ad000,0x00007100457ad000) (1024K)]
  0x000071003400a0b0 WorkerThread "GC Thread#3"                     [id=1179, stack(0x00007100455ac000,0x00007100456ac000) (1024K)]
  0x000071003400ab90 WorkerThread "GC Thread#4"                     [id=1180, stack(0x00007100454ab000,0x00007100455ab000) (1024K)]
  0x000071003400b670 WorkerThread "GC Thread#5"                     [id=1181, stack(0x00007100453aa000,0x00007100454aa000) (1024K)]
  0x0000710034013ae0 WorkerThread "GC Thread#6"                     [id=1185, stack(0x0000710044fa6000,0x00007100450a6000) (1024K)]
  0x0000710034015280 WorkerThread "GC Thread#7"                     [id=1186, stack(0x0000710044ea5000,0x0000710044fa5000) (1024K)]
  0x000071003400dd80 WorkerThread "GC Thread#8"                     [id=1187, stack(0x00007100450a7000,0x00007100451a7000) (1024K)]
  0x000071003400e3a0 WorkerThread "GC Thread#9"                     [id=1188, stack(0x0000710044da4000,0x0000710044ea4000) (1024K)]
  0x0000710034017ed0 WorkerThread "GC Thread#10"                    [id=1189, stack(0x0000710044ca3000,0x0000710044da3000) (1024K)]
  0x0000710034012c40 WorkerThread "GC Thread#11"                    [id=1193, stack(0x00007100449a0000,0x0000710044aa0000) (1024K)]
  0x000071003401c7b0 WorkerThread "GC Thread#12"                    [id=1194, stack(0x000071004489f000,0x000071004499f000) (1024K)]
  0x00007100bc0a1dc0 ConcurrentGCThread "G1 Main Marker"            [id=1156, stack(0x000071009f011000,0x000071009f111000) (1024K)]
  0x00007100bc0a2d60 WorkerThread "G1 Conc#0"                       [id=1157, stack(0x000071009ef10000,0x000071009f010000) (1024K)]
  0x0000710090000c10 WorkerThread "G1 Conc#1"                       [id=1190, stack(0x0000710044ba2000,0x0000710044ca2000) (1024K)]
  0x0000710090001730 WorkerThread "G1 Conc#2"                       [id=1191, stack(0x0000710044aa1000,0x0000710044ba1000) (1024K)]
  0x00007100bc14c640 ConcurrentGCThread "G1 Refine#0"               [id=1158, stack(0x000071009c102000,0x000071009c202000) (1024K)]
  0x00007100bc14d5f0 ConcurrentGCThread "G1 Service"                [id=1159, stack(0x000071009c001000,0x000071009c101000) (1024K)]
Total: 21

Threads with active compile tasks:
C2 CompilerThread0     3147 5930       4       java.lang.invoke.LambdaForm$MH/0x0000710048374800::invoke (42 bytes)
C2 CompilerThread1     3147 5887       4       de.crash.the.jvm.srv.gen.CrashTheJvm$ColumnDefinition::description (33 bytes)
C2 CompilerThread2     3147 5888       4       de.crash.the.jvm.srv.gen.CrashTheJvm$_ConfScope::fromEnvironment (29 bytes)
C2 CompilerThread3     3147 5929       4       de.crash.the.jvm.srv.gen.CrashTheJvm$_Configuration::get (76 bytes)
C2 CompilerThread4     3147 5886       4       de.crash.the.jvm.srv.gen.CrashTheJvm$_Lib::getProp (20 bytes)
C2 CompilerThread5     3147 5909       4       de.crash.the.jvm.srv.gen.CrashTheJvm$_ConfScope::<init> (180 bytes)
C2 CompilerThread6     3147 5885       4       de.crash.the.jvm.srv.gen.CrashTheJvm$_Lib::getProp (13 bytes)
Total: 7

VM state: not at safepoint (normal execution)

VM Mutex/Monitor currently owned by a thread: None

Heap address: 0x0000000706c00000, size: 3988 MB, Compressed Oops mode: Zero based, Oop shift amount: 3

CDS archive(s) mapped at: [0x0000710047000000-0x0000710047cab000-0x0000710047cab000), size 13283328, SharedBaseAddress: 0x0000710047000000, ArchiveRelocationMode: 1.
Compressed class space mapped at: 0x0000710048000000-0x0000710088000000, reserved size: 1073741824
Narrow klass base: 0x0000710047000000, Narrow klass shift: 0, Narrow klass range: 0x100000000

GC Precious Log:
 CardTable entry size: 512
 Card Set container configuration: InlinePtr #cards 4 size 8 Array Of Cards #cards 16 size 48 Howl #buckets 8 coarsen threshold 3686 Howl Bitmap #cards 512 size 80 coarsen threshold 460 Card regions per heap region 1 cards per card region 4096
 CPUs: 16 total, 16 available
 Memory: 15946M
 Large Page Support: Disabled
 NUMA Support: Disabled
 Compressed Oops: Enabled (Zero based)
 Heap Region Size: 2M
 Heap Min Capacity: 8M
 Heap Initial Capacity: 250M
 Heap Max Capacity: 3988M
 Pre-touch: Disabled
 Parallel Workers: 13
 Concurrent Workers: 3
 Concurrent Refinement Workers: 13
 Periodic GC: Disabled

Heap:
 garbage-first heap   total 86016K, used 66486K [0x0000000706c00000, 0x0000000800000000)
  region size 2048K, 23 young (47104K), 1 survivors (2048K)
 Metaspace       used 27894K, committed 28480K, reserved 1114112K
  class space    used 3112K, committed 3392K, reserved 1048576K

Heap Regions: E=young(eden), S=young(survivor), O=old, HS=humongous(starts), HC=humongous(continues), CS=collection set, F=free, TAMS=top-at-mark-start, PB=parsable bottom
|   0|0x0000000706c00000, 0x0000000706e00000, 0x0000000706e00000|100%| O|  |TAMS 0x0000000706c00000| PB 0x0000000706c00000| Untracked 
|   1|0x0000000706e00000, 0x0000000707000000, 0x0000000707000000|100%| O|  |TAMS 0x0000000706e00000| PB 0x0000000706e00000| Untracked 
|   2|0x0000000707000000, 0x0000000707000000, 0x0000000707200000|  0%| F|  |TAMS 0x0000000707000000| PB 0x0000000707000000| Untracked 
|   3|0x0000000707200000, 0x0000000707400000, 0x0000000707400000|100%| O|  |TAMS 0x0000000707200000| PB 0x0000000707200000| Untracked 
|   4|0x0000000707400000, 0x0000000707600000, 0x0000000707600000|100%| O|  |TAMS 0x0000000707400000| PB 0x0000000707400000| Untracked 
|   5|0x0000000707600000, 0x0000000707800000, 0x0000000707800000|100%| O|  |TAMS 0x0000000707600000| PB 0x0000000707600000| Untracked 
|   6|0x0000000707800000, 0x0000000707a00000, 0x0000000707a00000|100%| O|  |TAMS 0x0000000707800000| PB 0x0000000707800000| Untracked 
|   7|0x0000000707a00000, 0x0000000707c00000, 0x0000000707c00000|100%| O|  |TAMS 0x0000000707a00000| PB 0x0000000707a00000| Untracked 
|   8|0x0000000707c00000, 0x0000000707e00000, 0x0000000707e00000|100%| O|  |TAMS 0x0000000707c00000| PB 0x0000000707c00000| Untracked 
|   9|0x0000000707e00000, 0x0000000708000000, 0x0000000708000000|100%| O|  |TAMS 0x0000000707e00000| PB 0x0000000707e00000| Untracked 
|  10|0x0000000708000000, 0x00000007081e0000, 0x0000000708200000| 93%| O|  |TAMS 0x0000000708000000| PB 0x0000000708000000| Untracked 
|  11|0x0000000708200000, 0x0000000708200000, 0x0000000708400000|  0%| F|  |TAMS 0x0000000708200000| PB 0x0000000708200000| Untracked 
|  12|0x0000000708400000, 0x0000000708400000, 0x0000000708600000|  0%| F|  |TAMS 0x0000000708400000| PB 0x0000000708400000| Untracked 
|  13|0x0000000708600000, 0x0000000708600000, 0x0000000708800000|  0%| F|  |TAMS 0x0000000708600000| PB 0x0000000708600000| Untracked 
|  14|0x0000000708800000, 0x0000000708800000, 0x0000000708a00000|  0%| F|  |TAMS 0x0000000708800000| PB 0x0000000708800000| Untracked 
|  15|0x0000000708a00000, 0x0000000708c00000, 0x0000000708c00000|100%| S|CS|TAMS 0x0000000708a00000| PB 0x0000000708a00000| Complete 
|  16|0x0000000708c00000, 0x0000000708c00000, 0x0000000708e00000|  0%| F|  |TAMS 0x0000000708c00000| PB 0x0000000708c00000| Untracked 
|  17|0x0000000708e00000, 0x0000000708e00000, 0x0000000709000000|  0%| F|  |TAMS 0x0000000708e00000| PB 0x0000000708e00000| Untracked 
|  18|0x0000000709000000, 0x0000000709000000, 0x0000000709200000|  0%| F|  |TAMS 0x0000000709000000| PB 0x0000000709000000| Untracked 
|  19|0x0000000709200000, 0x00000007093a7650, 0x0000000709400000| 82%| E|  |TAMS 0x0000000709200000| PB 0x0000000709200000| Complete 
|  20|0x0000000709400000, 0x0000000709600000, 0x0000000709600000|100%| E|CS|TAMS 0x0000000709400000| PB 0x0000000709400000| Complete 
|  21|0x0000000709600000, 0x0000000709800000, 0x0000000709800000|100%| E|CS|TAMS 0x0000000709600000| PB 0x0000000709600000| Complete 
|  22|0x0000000709800000, 0x0000000709a00000, 0x0000000709a00000|100%| E|CS|TAMS 0x0000000709800000| PB 0x0000000709800000| Complete 
|  23|0x0000000709a00000, 0x0000000709c00000, 0x0000000709c00000|100%| E|CS|TAMS 0x0000000709a00000| PB 0x0000000709a00000| Complete 
|  24|0x0000000709c00000, 0x0000000709e00000, 0x0000000709e00000|100%| E|CS|TAMS 0x0000000709c00000| PB 0x0000000709c00000| Complete 
|  25|0x0000000709e00000, 0x000000070a000000, 0x000000070a000000|100%| E|CS|TAMS 0x0000000709e00000| PB 0x0000000709e00000| Complete 
|  26|0x000000070a000000, 0x000000070a200000, 0x000000070a200000|100%| E|CS|TAMS 0x000000070a000000| PB 0x000000070a000000| Complete 
|  27|0x000000070a200000, 0x000000070a400000, 0x000000070a400000|100%| E|CS|TAMS 0x000000070a200000| PB 0x000000070a200000| Complete 
|  28|0x000000070a400000, 0x000000070a600000, 0x000000070a600000|100%| E|CS|TAMS 0x000000070a400000| PB 0x000000070a400000| Complete 
|  29|0x000000070a600000, 0x000000070a800000, 0x000000070a800000|100%| E|CS|TAMS 0x000000070a600000| PB 0x000000070a600000| Complete 
|  30|0x000000070a800000, 0x000000070aa00000, 0x000000070aa00000|100%| E|CS|TAMS 0x000000070a800000| PB 0x000000070a800000| Complete 
|  31|0x000000070aa00000, 0x000000070ac00000, 0x000000070ac00000|100%| E|CS|TAMS 0x000000070aa00000| PB 0x000000070aa00000| Complete 
|  32|0x000000070ac00000, 0x000000070ae00000, 0x000000070ae00000|100%| E|CS|TAMS 0x000000070ac00000| PB 0x000000070ac00000| Complete 
|  33|0x000000070ae00000, 0x000000070b000000, 0x000000070b000000|100%| E|CS|TAMS 0x000000070ae00000| PB 0x000000070ae00000| Complete 
|  34|0x000000070b000000, 0x000000070b200000, 0x000000070b200000|100%| E|CS|TAMS 0x000000070b000000| PB 0x000000070b000000| Complete 
|  79|0x0000000710a00000, 0x0000000710c00000, 0x0000000710c00000|100%| E|CS|TAMS 0x0000000710a00000| PB 0x0000000710a00000| Complete 
|  80|0x0000000710c00000, 0x0000000710e00000, 0x0000000710e00000|100%| E|CS|TAMS 0x0000000710c00000| PB 0x0000000710c00000| Complete 
|  81|0x0000000710e00000, 0x0000000711000000, 0x0000000711000000|100%| E|CS|TAMS 0x0000000710e00000| PB 0x0000000710e00000| Complete 
|  82|0x0000000711000000, 0x0000000711200000, 0x0000000711200000|100%| E|CS|TAMS 0x0000000711000000| PB 0x0000000711000000| Complete 
|  83|0x0000000711200000, 0x0000000711400000, 0x0000000711400000|100%| E|CS|TAMS 0x0000000711200000| PB 0x0000000711200000| Complete 
| 124|0x0000000716400000, 0x0000000716600000, 0x0000000716600000|100%| E|CS|TAMS 0x0000000716400000| PB 0x0000000716400000| Complete 
|1993|0x00000007ffe00000, 0x00000007fff0d908, 0x0000000800000000| 52%| O|  |TAMS 0x00000007ffe00000| PB 0x00000007ffe00000| Untracked 

Card table byte_map: [0x00007100a3062000,0x00007100a382c000] _byte_map_base: 0x000071009f82c000

Marking Bits: (CMBitMap*) 0x00007100bc091970
 Bits: [0x000071009f212000, 0x00007100a3062000)

Polling page: 0x00007100c1f71000

Metaspace:

Usage:
  Non-class:     24.20 MB used.
      Class:      3.04 MB used.
       Both:     27.24 MB used.

Virtual space:
  Non-class space:       64.00 MB reserved,      24.50 MB ( 38%) committed,  1 nodes.
      Class space:        1.00 GB reserved,       3.31 MB ( <1%) committed,  1 nodes.
             Both:        1.06 GB reserved,      27.81 MB (  3%) committed. 

Chunk freelists:
   Non-Class:  6.61 MB
       Class:  12.51 MB
        Both:  19.12 MB

MaxMetaspaceSize: unlimited
CompressedClassSpaceSize: 1.00 GB
Initial GC threshold: 21.00 MB
Current GC threshold: 35.12 MB
CDS: on
 - commit_granule_bytes: 65536.
 - commit_granule_words: 8192.
 - virtual_space_node_default_size: 8388608.
 - enlarge_chunks_in_place: 1.
 - use_allocation_guard: 0.


Internal statistics:

num_allocs_failed_limit: 3.
num_arena_births: 904.
num_arena_deaths: 0.
num_vsnodes_births: 2.
num_vsnodes_deaths: 0.
num_space_committed: 445.
num_space_uncommitted: 0.
num_chunks_returned_to_freelist: 3.
num_chunks_taken_from_freelist: 1967.
num_chunk_merges: 3.
num_chunk_splits: 1300.
num_chunks_enlarged: 822.
num_inconsistent_stats: 0.

CodeHeap 'non-profiled nmethods': size=119168Kb used=3618Kb max_used=3618Kb free=115549Kb
 bounds [0x00007100ac5a0000, 0x00007100ac930000, 0x00007100b3a00000]
CodeHeap 'profiled nmethods': size=119164Kb used=13120Kb max_used=13120Kb free=106043Kb
 bounds [0x00007100a4a00000, 0x00007100a56e0000, 0x00007100abe5f000]
CodeHeap 'non-nmethods': size=7428Kb used=3602Kb max_used=3684Kb free=3825Kb
 bounds [0x00007100abe5f000, 0x00007100ac1ff000, 0x00007100ac5a0000]
 total_blobs=6635 nmethods=5925 adapters=610
 compilation: enabled
              stopped_count=0, restarted_count=0
 full_count=0

Compilation events (20 events):
Event: 3.100 Thread 0x000071000c07c3a0 5920       4       java.lang.invoke.LambdaForm$MH/0x0000710048343c00::invoke (29 bytes)
Event: 3.101 Thread 0x000071000c07c3a0 nmethod 5920 0x00007100ac926b10 code [0x00007100ac926cc0, 0x00007100ac926df8]
Event: 3.101 Thread 0x000071000c07c3a0 5907       4       de.crash.the.jvm.srv.gen.CrashTheJvm$_Lib::getBar (15 bytes)
Event: 3.116 Thread 0x000071002005aa40 5931       3       org.apache.velocity.runtime.parser.StandardParserTokenManager::MoreLexicalActions (717 bytes)
Event: 3.116 Thread 0x00007100bc18e050 5932       3       org.apache.velocity.runtime.parser.StandardParserTokenManager::jjStopAtPos (14 bytes)
Event: 3.117 Thread 0x00007100bc18e050 nmethod 5932 0x00007100a56bcb90 code [0x00007100a56bcd20, 0x00007100a56bce30]
Event: 3.117 Thread 0x000071000c07c3a0 nmethod 5907 0x00007100ac926f90 code [0x00007100ac927260, 0x00007100ac927b18]
Event: 3.117 Thread 0x000071000c07c3a0 5929       4       de.crash.the.jvm.srv.gen.CrashTheJvm$_Configuration::get (76 bytes)
Event: 3.120 Thread 0x000071002005aa40 nmethod 5931 0x00007100a56bcf10 code [0x00007100a56bd960, 0x00007100a56c2580]
Event: 3.121 Thread 0x00007100bc18e050 5933   !   3       java.io.BufferedReader::read (78 bytes)
Event: 3.121 Thread 0x0000710020054000 5934       3       java.io.BufferedReader::implRead (87 bytes)
Event: 3.121 Thread 0x000071000c078350 5935       3       java.util.Vector::<init> (7 bytes)
Event: 3.121 Thread 0x000071002005aa40 5936       3       java.util.Vector::<init> (49 bytes)
Event: 3.121 Thread 0x000071000c078350 nmethod 5935 0x00007100a56c3f10 code [0x00007100a56c40c0, 0x00007100a56c4200]
Event: 3.122 Thread 0x0000710020054000 nmethod 5934 0x00007100a56c4290 code [0x00007100a56c44e0, 0x00007100a56c4cd0]
Event: 3.122 Thread 0x00007100bc18e050 nmethod 5933 0x00007100a56c4f90 code [0x00007100a56c5240, 0x00007100a56c6168]
Event: 3.122 Thread 0x000071002005aa40 nmethod 5936 0x00007100a56c6690 code [0x00007100a56c68e0, 0x00007100a56c70f0]
Event: 3.125 Thread 0x00007100bc18e050 5937       3       java.util.Stack::<init> (5 bytes)
Event: 3.125 Thread 0x000071000c078350 5938       3       java.util.Vector::<init> (7 bytes)
Event: 3.125 Thread 0x000071000c078350 nmethod 5938 0x00007100a56c7410 code [0x00007100a56c75c0, 0x00007100a56c7760]

GC Heap History (10 events):
Event: 0.464 GC heap before
{Heap before GC invocations=0 (full 0):
 garbage-first heap   total 258048K, used 21558K [0x0000000706c00000, 0x0000000800000000)
  region size 2048K, 11 young (22528K), 0 survivors (0K)
 Metaspace       used 8690K, committed 8896K, reserved 1114112K
  class space    used 863K, committed 960K, reserved 1048576K
}
Event: 0.468 GC heap after
{Heap after GC invocations=1 (full 0):
 garbage-first heap   total 258048K, used 5620K [0x0000000706c00000, 0x0000000800000000)
  region size 2048K, 2 young (4096K), 2 survivors (4096K)
 Metaspace       used 8690K, committed 8896K, reserved 1114112K
  class space    used 863K, committed 960K, reserved 1048576K
}
Event: 0.765 GC heap before
{Heap before GC invocations=1 (full 0):
 garbage-first heap   total 258048K, used 40436K [0x0000000706c00000, 0x0000000800000000)
  region size 2048K, 19 young (38912K), 2 survivors (4096K)
 Metaspace       used 13583K, committed 13888K, reserved 1114112K
  class space    used 1571K, committed 1728K, reserved 1048576K
}
Event: 0.770 GC heap after
{Heap after GC invocations=2 (full 0):
 garbage-first heap   total 258048K, used 10232K [0x0000000706c00000, 0x0000000800000000)
  region size 2048K, 3 young (6144K), 3 survivors (6144K)
 Metaspace       used 13583K, committed 13888K, reserved 1114112K
  class space    used 1571K, committed 1728K, reserved 1048576K
}
Event: 1.603 GC heap before
{Heap before GC invocations=2 (full 0):
 garbage-first heap   total 258048K, used 83960K [0x0000000706c00000, 0x0000000800000000)
  region size 2048K, 41 young (83968K), 3 survivors (6144K)
 Metaspace       used 21203K, committed 21504K, reserved 1114112K
  class space    used 2437K, committed 2560K, reserved 1048576K
}
Event: 1.609 GC heap after
{Heap after GC invocations=3 (full 0):
 garbage-first heap   total 258048K, used 14306K [0x0000000706c00000, 0x0000000800000000)
  region size 2048K, 5 young (10240K), 5 survivors (10240K)
 Metaspace       used 21203K, committed 21504K, reserved 1114112K
  class space    used 2437K, committed 2560K, reserved 1048576K
}
Event: 2.389 GC heap before
{Heap before GC invocations=4 (full 0):
 garbage-first heap   total 69632K, used 63458K [0x0000000706c00000, 0x0000000800000000)
  region size 2048K, 30 young (61440K), 5 survivors (10240K)
 Metaspace       used 27649K, committed 28224K, reserved 1114112K
  class space    used 3112K, committed 3392K, reserved 1048576K
}
Event: 2.399 GC heap after
{Heap after GC invocations=5 (full 0):
 garbage-first heap   total 86016K, used 22065K [0x0000000706c00000, 0x0000000800000000)
  region size 2048K, 8 young (16384K), 8 survivors (16384K)
 Metaspace       used 27649K, committed 28224K, reserved 1114112K
  class space    used 3112K, committed 3392K, reserved 1048576K
}
Event: 2.764 GC heap before
{Heap before GC invocations=5 (full 0):
 garbage-first heap   total 86016K, used 56881K [0x0000000706c00000, 0x0000000800000000)
  region size 2048K, 25 young (51200K), 8 survivors (16384K)
 Metaspace       used 27735K, committed 28352K, reserved 1114112K
  class space    used 3112K, committed 3392K, reserved 1048576K
}
Event: 2.771 GC heap after
{Heap after GC invocations=6 (full 0):
 garbage-first heap   total 86016K, used 23478K [0x0000000706c00000, 0x0000000800000000)
  region size 2048K, 1 young (2048K), 1 survivors (2048K)
 Metaspace       used 27735K, committed 28352K, reserved 1114112K
  class space    used 3112K, committed 3392K, reserved 1048576K
}

Dll operation events (9 events):
Event: 0.002 Loaded shared library /home/mroth/.sdkman/candidates/java/21.0.7-oracle/lib/libjava.so
Event: 0.026 Loaded shared library /home/mroth/.sdkman/candidates/java/21.0.7-oracle/lib/libjsvml.so
Event: 0.032 Loaded shared library /home/mroth/.sdkman/candidates/java/21.0.7-oracle/lib/libnio.so
Event: 0.034 Loaded shared library /home/mroth/.sdkman/candidates/java/21.0.7-oracle/lib/libzip.so
Event: 0.069 Loaded shared library /home/mroth/.sdkman/candidates/java/21.0.7-oracle/lib/libverify.so
Event: 0.088 Loaded shared library /home/mroth/.sdkman/candidates/java/21.0.7-oracle/lib/libjimage.so
Event: 0.508 Loaded shared library /home/mroth/.sdkman/candidates/java/21.0.7-oracle/lib/libnet.so
Event: 1.582 Loaded shared library /home/mroth/.sdkman/candidates/java/21.0.7-oracle/lib/libmanagement.so
Event: 1.583 Loaded shared library /home/mroth/.sdkman/candidates/java/21.0.7-oracle/lib/libmanagement_ext.so

Deoptimization events (20 events):
Event: 2.796 Thread 0x00007100bc028620 DEOPT PACKING pc=0x00007100ac83e140 sp=0x00007100c06ac6d0
Event: 2.796 Thread 0x00007100bc028620 DEOPT UNPACKING pc=0x00007100abeb2f99 sp=0x00007100c06ac658 mode 2
Event: 3.057 Thread 0x00007100bc028620 DEOPT PACKING pc=0x00007100ac8a9724 sp=0x00007100c06ad950
Event: 3.057 Thread 0x00007100bc028620 DEOPT UNPACKING pc=0x00007100abeb372f sp=0x00007100c06aca20 mode 0
Event: 3.058 Thread 0x00007100bc028620 DEOPT PACKING pc=0x00007100ac8df3a0 sp=0x00007100c06ad5f0
Event: 3.059 Thread 0x00007100bc028620 DEOPT UNPACKING pc=0x00007100abeb372f sp=0x00007100c06ac210 mode 0
Event: 3.059 Thread 0x00007100bc028620 DEOPT PACKING pc=0x00007100ac8ae074 sp=0x00007100c06acc90
Event: 3.060 Thread 0x00007100bc028620 DEOPT UNPACKING pc=0x00007100abeb372f sp=0x00007100c06abe60 mode 0
Event: 3.060 Thread 0x00007100bc028620 DEOPT PACKING pc=0x00007100ac8dbc84 sp=0x00007100c06ac8d0
Event: 3.060 Thread 0x00007100bc028620 DEOPT UNPACKING pc=0x00007100abeb372f sp=0x00007100c06abab8 mode 0
Event: 3.061 Thread 0x00007100bc028620 DEOPT PACKING pc=0x00007100ac8a595c sp=0x00007100c06ac550
Event: 3.061 Thread 0x00007100bc028620 DEOPT UNPACKING pc=0x00007100abeb372f sp=0x00007100c06ab390 mode 0
Event: 3.061 Thread 0x00007100bc028620 DEOPT PACKING pc=0x00007100ac8f4e5c sp=0x00007100c06ac6f0
Event: 3.061 Thread 0x00007100bc028620 DEOPT UNPACKING pc=0x00007100abeb372f sp=0x00007100c06ab530 mode 0
Event: 3.062 Thread 0x00007100bc028620 DEOPT PACKING pc=0x00007100ac90d78c sp=0x00007100c06ac2e0
Event: 3.062 Thread 0x00007100bc028620 DEOPT UNPACKING pc=0x00007100abeb372f sp=0x00007100c06ab488 mode 0
Event: 3.062 Thread 0x00007100bc028620 DEOPT PACKING pc=0x00007100ac8e4d28 sp=0x00007100c06acdb0
Event: 3.062 Thread 0x00007100bc028620 DEOPT UNPACKING pc=0x00007100abeb372f sp=0x00007100c06abf50 mode 0
Event: 3.063 Thread 0x00007100bc028620 DEOPT PACKING pc=0x00007100ac8fcf98 sp=0x00007100c06ad630
Event: 3.063 Thread 0x00007100bc028620 DEOPT UNPACKING pc=0x00007100abeb372f sp=0x00007100c06ac7f8 mode 0

Classes loaded (20 events):
Event: 1.956 Loading class java/lang/BooleanBeanInfo
Event: 1.956 Loading class java/lang/BooleanBeanInfo done
Event: 1.956 Loading class java/lang/BooleanBeanInfo
Event: 1.956 Loading class java/lang/BooleanBeanInfo done
Event: 1.956 Loading class java/lang/BooleanCustomizer
Event: 1.956 Loading class java/lang/BooleanCustomizer done
Event: 1.957 Loading class java/lang/BooleanCustomizer
Event: 1.957 Loading class java/lang/BooleanCustomizer done
Event: 1.980 Loading class java/io/FilterWriter
Event: 1.980 Loading class java/io/FilterWriter done
Event: 1.997 Loading class java/lang/StringBeanInfo
Event: 1.997 Loading class java/lang/StringBeanInfo done
Event: 1.997 Loading class java/lang/StringBeanInfo
Event: 1.997 Loading class java/lang/StringBeanInfo done
Event: 1.997 Loading class java/lang/StringCustomizer
Event: 1.997 Loading class java/lang/StringCustomizer done
Event: 1.997 Loading class java/lang/StringCustomizer
Event: 1.997 Loading class java/lang/StringCustomizer done
Event: 2.037 Loading class java/lang/StringIndexOutOfBoundsException
Event: 2.037 Loading class java/lang/StringIndexOutOfBoundsException done

Classes unloaded (0 events):
No events

Classes redefined (0 events):
No events

Internal exceptions (20 events):
Event: 1.973 Thread 0x00007100bc028620 Exception <a 'java/lang/ClassNotFoundException'{0x00000007089054c8}: org/apache/commons/configuration2/event/BaseEventSourceBeanInfo> (0x00000007089054c8) 
thrown [open/src/hotspot/share/classfile/systemDictionary.cpp, line 312]
Event: 1.973 Thread 0x00007100bc028620 Exception <a 'java/lang/ClassNotFoundException'{0x000000070890d280}: org/apache/commons/configuration2/event/BaseEventSourceCustomizer> (0x000000070890d280) 
thrown [open/src/hotspot/share/classfile/systemDictionary.cpp, line 312]
Event: 1.975 Thread 0x00007100bc028620 Exception <a 'java/lang/ClassNotFoundException'{0x0000000708927ae8}: org/apache/commons/configuration2/AbstractConfigurationCustomizer> (0x0000000708927ae8) 
thrown [open/src/hotspot/share/classfile/systemDictionary.cpp, line 312]
Event: 1.977 Thread 0x00007100bc028620 Exception <a 'java/lang/ClassNotFoundException'{0x0000000708974088}: org/apache/commons/configuration2/BaseConfigurationCustomizer> (0x0000000708974088) 
thrown [open/src/hotspot/share/classfile/systemDictionary.cpp, line 312]
Event: 1.978 Thread 0x00007100bc028620 Exception <a 'java/lang/ClassNotFoundException'{0x0000000708988ba0}: org/apache/commons/configuration2/PropertiesConfigurationCustomizer> (0x0000000708988ba0) 
thrown [open/src/hotspot/share/classfile/systemDictionary.cpp, line 312]
Event: 1.993 Thread 0x00007100bc028620 Exception <a 'java/lang/ClassNotFoundException'{0x00000007086b4788}: org/apache/commons/configuration2/convert/DisabledListDelimiterHandlerBeanInfo> (0x00000007086b4788) 
thrown [open/src/hotspot/share/classfile/systemDictionary.cpp, line 312]
Event: 1.993 Thread 0x00007100bc028620 Exception <a 'java/lang/ClassNotFoundException'{0x00000007086bca08}: org/apache/commons/configuration2/convert/AbstractListDelimiterHandlerBeanInfo> (0x00000007086bca08) 
thrown [open/src/hotspot/share/classfile/systemDictionary.cpp, line 312]
Event: 1.993 Thread 0x00007100bc028620 Exception <a 'java/lang/ClassNotFoundException'{0x00000007086c4d58}: org/apache/commons/configuration2/convert/AbstractListDelimiterHandlerCustomizer> (0x00000007086c4d58) 
thrown [open/src/hotspot/share/classfile/systemDictionary.cpp, line 312]
Event: 1.994 Thread 0x00007100bc028620 Exception <a 'java/lang/ClassNotFoundException'{0x00000007086d1f78}: org/apache/commons/configuration2/convert/DisabledListDelimiterHandlerCustomizer> (0x00000007086d1f78) 
thrown [open/src/hotspot/share/classfile/systemDictionary.cpp, line 312]
Event: 1.995 Thread 0x00007100bc028620 Implicit null exception at 0x00007100ac7e54f4 to 0x00007100ac7e5844
Event: 1.997 Thread 0x00007100bc028620 Exception <a 'java/lang/ClassNotFoundException'{0x0000000708706d68}: java/lang/StringBeanInfo> (0x0000000708706d68) 
thrown [open/src/hotspot/share/classfile/systemDictionary.cpp, line 312]
Event: 1.998 Thread 0x00007100bc028620 Exception <a 'java/lang/ClassNotFoundException'{0x000000070870bcf0}: java/lang/StringCustomizer> (0x000000070870bcf0) 
thrown [open/src/hotspot/share/classfile/systemDictionary.cpp, line 312]
Event: 2.004 Thread 0x00007100bc028620 Exception <a 'java/lang/NoSuchMethodError'{0x000000070876eb88}: 'void java.lang.invoke.DirectMethodHandle$Holder.invokeInterface(java.lang.Object, java.lang.Object, java.lang.Object, java.lang.Object)'> (0x000000070876eb88) 
thrown [open/src/hotspot/share/interpreter/linkResolver.cpp, line 772]
Event: 2.004 Thread 0x00007100bc028620 Implicit null exception at 0x00007100ac7f1c4b to 0x00007100ac7f1f70
Event: 2.029 Thread 0x00007100bc028620 Exception <a 'java/lang/ClassNotFoundException'{0x000000070850fd48}: org/codehaus/groovy/util/HashCodeHelperBeanInfo> (0x000000070850fd48) 
thrown [open/src/hotspot/share/classfile/systemDictionary.cpp, line 312]
Event: 2.029 Thread 0x00007100bc028620 Exception <a 'java/lang/ClassNotFoundException'{0x00000007085174d0}: org/codehaus/groovy/util/HashCodeHelperCustomizer> (0x00000007085174d0) 
thrown [open/src/hotspot/share/classfile/systemDictionary.cpp, line 312]
Event: 2.030 Thread 0x00007100bc028620 Exception <a 'java/lang/NoSuchMethodError'{0x0000000708524078}: 'int java.lang.invoke.DirectMethodHandle$Holder.invokeStaticInit(java.lang.Object)'> (0x0000000708524078) 
thrown [open/src/hotspot/share/interpreter/linkResolver.cpp, line 772]
Event: 2.030 Thread 0x00007100bc028620 Exception <a 'java/lang/NoSuchMethodError'{0x0000000708527680}: 'int java.lang.invoke.DelegatingMethodHandle$Holder.reinvoke_L(java.lang.Object)'> (0x0000000708527680) 
thrown [open/src/hotspot/share/interpreter/linkResolver.cpp, line 772]
Event: 2.031 Thread 0x00007100bc028620 Exception <a 'java/lang/NoSuchMethodError'{0x0000000708532858}: 'int java.lang.invoke.DirectMethodHandle$Holder.invokeSpecial(java.lang.Object, java.lang.Object, int, java.lang.Object)'> (0x0000000708532858) 
thrown [open/src/hotspot/share/interpreter/linkResolver.cpp, line 772]
Event: 2.031 Thread 0x00007100bc028620 Exception <a 'java/lang/NoSuchMethodError'{0x0000000708536130}: 'int java.lang.invoke.DelegatingMethodHandle$Holder.reinvoke_L(java.lang.Object, int, java.lang.Object)'> (0x0000000708536130) 
thrown [open/src/hotspot/share/interpreter/linkResolver.cpp, line 772]

ZGC Phase Switch (0 events):
No events

VM Operations (20 events):
Event: 2.796 Executing VM operation: HandshakeAllThreads (Deoptimize)
Event: 2.796 Executing VM operation: HandshakeAllThreads (Deoptimize) done
Event: 3.057 Executing VM operation: HandshakeAllThreads (Deoptimize)
Event: 3.057 Executing VM operation: HandshakeAllThreads (Deoptimize) done
Event: 3.058 Executing VM operation: HandshakeAllThreads (Deoptimize)
Event: 3.058 Executing VM operation: HandshakeAllThreads (Deoptimize) done
Event: 3.059 Executing VM operation: HandshakeAllThreads (Deoptimize)
Event: 3.059 Executing VM operation: HandshakeAllThreads (Deoptimize) done
Event: 3.060 Executing VM operation: HandshakeAllThreads (Deoptimize)
Event: 3.060 Executing VM operation: HandshakeAllThreads (Deoptimize) done
Event: 3.060 Executing VM operation: HandshakeAllThreads (Deoptimize)
Event: 3.060 Executing VM operation: HandshakeAllThreads (Deoptimize) done
Event: 3.061 Executing VM operation: HandshakeAllThreads (Deoptimize)
Event: 3.061 Executing VM operation: HandshakeAllThreads (Deoptimize) done
Event: 3.062 Executing VM operation: HandshakeAllThreads (Deoptimize)
Event: 3.062 Executing VM operation: HandshakeAllThreads (Deoptimize) done
Event: 3.062 Executing VM operation: HandshakeAllThreads (Deoptimize)
Event: 3.062 Executing VM operation: HandshakeAllThreads (Deoptimize) done
Event: 3.063 Executing VM operation: HandshakeAllThreads (Deoptimize)
Event: 3.063 Executing VM operation: HandshakeAllThreads (Deoptimize) done

Events (20 events):
Event: 0.108 Thread 0x000071000c07b0b0 Thread added: 0x000071000c07b0b0
Event: 0.108 Protecting memory [0x00007100459af000,0x00007100459b3000] with protection modes 0
Event: 0.109 Thread 0x000071000c07c3a0 Thread added: 0x000071000c07c3a0
Event: 0.109 Protecting memory [0x00007100458ae000,0x00007100458b2000] with protection modes 0
Event: 0.495 Thread 0x00007100bc5fcbe0 Thread added: 0x00007100bc5fcbe0
Event: 0.495 Protecting memory [0x00007100452a8000,0x00007100452ac000] with protection modes 0
Event: 0.495 Thread 0x00007100bc5fe8b0 Thread added: 0x00007100bc5fe8b0
Event: 0.495 Protecting memory [0x00007100451a7000,0x00007100451ab000] with protection modes 0
Event: 0.538 Thread 0x000071000412e8d0 Thread added: 0x000071000412e8d0
Event: 0.538 Protecting memory [0x00007100450a6000,0x00007100450aa000] with protection modes 0
Event: 1.598 Thread 0x000071000412e8d0 Thread exited: 0x000071000412e8d0
Event: 2.107 Thread 0x00007100202f1c40 Thread added: 0x00007100202f1c40
Event: 2.107 Protecting memory [0x000071004499f000,0x00007100449a3000] with protection modes 0
Event: 2.275 Thread 0x00007100202f1c40 Thread exited: 0x00007100202f1c40
Event: 2.974 Thread 0x000070fffc5e18b0 Thread added: 0x000070fffc5e18b0
Event: 2.974 Protecting memory [0x000071004479d000,0x00007100447a1000] with protection modes 0
Event: 3.019 Thread 0x0000710000334110 Thread added: 0x0000710000334110
Event: 3.019 Protecting memory [0x000071004469c000,0x00007100446a0000] with protection modes 0
Event: 3.019 Thread 0x00007100004cea70 Thread added: 0x00007100004cea70
Event: 3.020 Protecting memory [0x000071004459b000,0x000071004459f000] with protection modes 0


Dynamic libraries:
706c00000-70b200000 rw-p 00000000 00:00 0 
70b200000-710a00000 ---p 00000000 00:00 0 
710a00000-711400000 rw-p 00000000 00:00 0 
711400000-716400000 ---p 00000000 00:00 0 
716400000-716600000 rw-p 00000000 00:00 0 
716600000-7ffe00000 ---p 00000000 00:00 0 
7ffe00000-7fff0e000 rw-p 00ceb000 08:30 221027                           /home/mroth/.sdkman/candidates/java/21.0.7-oracle/lib/server/classes.jsa
7fff0e000-800000000 rw-p 00000000 00:00 0 
5f92a13b4000-5f92a13b5000 r-xp 00000000 08:30 221079                     /home/mroth/.sdkman/candidates/java/21.0.7-oracle/bin/java
5f92a13b6000-5f92a13b7000 r--p 00001000 08:30 221079                     /home/mroth/.sdkman/candidates/java/21.0.7-oracle/bin/java
5f92a13b7000-5f92a13b8000 rw-p 00002000 08:30 221079                     /home/mroth/.sdkman/candidates/java/21.0.7-oracle/bin/java
5f92d08c9000-5f92d090f000 rw-p 00000000 00:00 0                          [heap]
70ffac000000-70ffac987000 rw-p 00000000 00:00 0 
70ffac987000-70ffb0000000 ---p 00000000 00:00 0 
70ffb4000000-70ffb4ad2000 rw-p 00000000 00:00 0 
70ffb4ad2000-70ffb8000000 ---p 00000000 00:00 0 
70ffb8000000-70ffb8ab2000 rw-p 00000000 00:00 0 
70ffb8ab2000-70ffbc000000 ---p 00000000 00:00 0 
70ffbc000000-70ffbc2b1000 rw-p 00000000 00:00 0 
70ffbc2b1000-70ffc0000000 ---p 00000000 00:00 0 
70ffc0000000-70ffc0021000 rw-p 00000000 00:00 0 
70ffc0021000-70ffc4000000 ---p 00000000 00:00 0 
70ffc4000000-70ffc4021000 rw-p 00000000 00:00 0 
70ffc4021000-70ffc8000000 ---p 00000000 00:00 0 
70ffc8000000-70ffc8021000 rw-p 00000000 00:00 0 
70ffc8021000-70ffcc000000 ---p 00000000 00:00 0 
70ffcc000000-70ffcc021000 rw-p 00000000 00:00 0 
70ffcc021000-70ffd0000000 ---p 00000000 00:00 0 
70ffd0000000-70ffd0021000 rw-p 00000000 00:00 0 
70ffd0021000-70ffd4000000 ---p 00000000 00:00 0 
70ffd4000000-70ffd4021000 rw-p 00000000 00:00 0 
70ffd4021000-70ffd8000000 ---p 00000000 00:00 0 
70ffd8000000-70ffd8021000 rw-p 00000000 00:00 0 
70ffd8021000-70ffdc000000 ---p 00000000 00:00 0 
70ffdc000000-70ffdc093000 rw-p 00000000 00:00 0 
70ffdc093000-70ffe0000000 ---p 00000000 00:00 0 
70ffe0000000-70ffe0c59000 rw-p 00000000 00:00 0 
70ffe0c59000-70ffe4000000 ---p 00000000 00:00 0 
70ffe4000000-70ffe4021000 rw-p 00000000 00:00 0 
70ffe4021000-70ffe8000000 ---p 00000000 00:00 0 
70ffe8000000-70ffe8021000 rw-p 00000000 00:00 0 
70ffe8021000-70ffec000000 ---p 00000000 00:00 0 
70ffec000000-70ffec021000 rw-p 00000000 00:00 0 
70ffec021000-70fff0000000 ---p 00000000 00:00 0 
70fff0000000-70fff0021000 rw-p 00000000 00:00 0 
70fff0021000-70fff4000000 ---p 00000000 00:00 0 
70fff4000000-70fff4021000 rw-p 00000000 00:00 0 
70fff4021000-70fff8000000 ---p 00000000 00:00 0 
70fff8000000-70fff8021000 rw-p 00000000 00:00 0 
70fff8021000-70fffc000000 ---p 00000000 00:00 0 
70fffc000000-70fffd008000 rw-p 00000000 00:00 0 
70fffd008000-710000000000 ---p 00000000 00:00 0 
710000000000-7100014b5000 rw-p 00000000 00:00 0 
7100014b5000-710004000000 ---p 00000000 00:00 0 
710004000000-710004307000 rw-p 00000000 00:00 0 
710004307000-710008000000 ---p 00000000 00:00 0 
710008000000-710008f84000 rw-p 00000000 00:00 0 
710008f84000-71000c000000 ---p 00000000 00:00 0 
71000c000000-71000c335000 rw-p 00000000 00:00 0 
71000c335000-710010000000 ---p 00000000 00:00 0 
710010000000-710010369000 rw-p 00000000 00:00 0 
710010369000-710014000000 ---p 00000000 00:00 0 
710014000000-710014021000 rw-p 00000000 00:00 0 
710014021000-710018000000 ---p 00000000 00:00 0 
710018000000-710018021000 rw-p 00000000 00:00 0 
710018021000-71001c000000 ---p 00000000 00:00 0 
71001c000000-71001cfd0000 rw-p 00000000 00:00 0 
71001cfd0000-710020000000 ---p 00000000 00:00 0 
710020000000-710020491000 rw-p 00000000 00:00 0 
710020491000-710024000000 ---p 00000000 00:00 0 
710024000000-710024021000 rw-p 00000000 00:00 0 
710024021000-710028000000 ---p 00000000 00:00 0 
710028000000-710028021000 rw-p 00000000 00:00 0 
710028021000-71002c000000 ---p 00000000 00:00 0 
71002c000000-71002c021000 rw-p 00000000 00:00 0 
71002c021000-710030000000 ---p 00000000 00:00 0 
710030000000-710030021000 rw-p 00000000 00:00 0 
710030021000-710034000000 ---p 00000000 00:00 0 
710034000000-710034021000 rw-p 00000000 00:00 0 
710034021000-710038000000 ---p 00000000 00:00 0 
710038000000-710038021000 rw-p 00000000 00:00 0 
710038021000-71003c000000 ---p 00000000 00:00 0 
71003c000000-71003c3f0000 rw-p 00000000 00:00 0 
71003c3f0000-71003c8f0000 rw-p 00000000 00:00 0 
71003c8f0000-71003c9f0000 rw-p 00000000 00:00 0 
71003c9f0000-71003cbb0000 rw-p 00000000 00:00 0 
71003cbb0000-71003cbf0000 rw-p 00000000 00:00 0 
71003cbf0000-71003ccf0000 rw-p 00000000 00:00 0 
71003ccf0000-71003cdf0000 rw-p 00000000 00:00 0 
71003cdf0000-71003d2d0000 rw-p 00000000 00:00 0 
71003d2d0000-71003d2f0000 rw-p 00000000 00:00 0 
71003d2f0000-71003d4f0000 rw-p 00000000 00:00 0 
71003d4f0000-71003d870000 rw-p 00000000 00:00 0 
71003d870000-71003d900000 ---p 00000000 00:00 0 
71003d900000-71003d910000 rw-p 00000000 00:00 0 
71003d910000-710040000000 ---p 00000000 00:00 0 
710040000000-710040021000 rw-p 00000000 00:00 0 
710040021000-710044000000 ---p 00000000 00:00 0 
7100442dd000-71004459b000 rw-p 00000000 00:00 0 
71004459b000-71004459f000 ---p 00000000 00:00 0 
71004459f000-71004469c000 rw-p 00000000 00:00 0 
71004469c000-7100446a0000 ---p 00000000 00:00 0 
7100446a0000-71004479d000 rw-p 00000000 00:00 0 
71004479d000-7100447a1000 ---p 00000000 00:00 0 
7100447a1000-71004489e000 rw-p 00000000 00:00 0 
71004489e000-71004489f000 ---p 00000000 00:00 0 
71004489f000-71004499f000 rw-p 00000000 00:00 0 
71004499f000-7100449a3000 ---p 00000000 00:00 0 
7100449a3000-710044aa0000 rw-p 00000000 00:00 0 
710044aa0000-710044aa1000 ---p 00000000 00:00 0 
710044aa1000-710044ba1000 rw-p 00000000 00:00 0 
710044ba1000-710044ba2000 ---p 00000000 00:00 0 
710044ba2000-710044ca2000 rw-p 00000000 00:00 0 
710044ca2000-710044ca3000 ---p 00000000 00:00 0 
710044ca3000-710044da3000 rw-p 00000000 00:00 0 
710044da3000-710044da4000 ---p 00000000 00:00 0 
710044da4000-710044ea4000 rw-p 00000000 00:00 0 
710044ea4000-710044ea5000 ---p 00000000 00:00 0 
710044ea5000-710044fa5000 rw-p 00000000 00:00 0 
710044fa5000-710044fa6000 ---p 00000000 00:00 0 
710044fa6000-7100450a6000 rw-p 00000000 00:00 0 
7100450a6000-7100450aa000 ---p 00000000 00:00 0 
7100450aa000-7100451a7000 rw-p 00000000 00:00 0 
7100451a7000-7100451ab000 ---p 00000000 00:00 0 
7100451ab000-7100452a8000 rw-p 00000000 00:00 0 
7100452a8000-7100452ac000 ---p 00000000 00:00 0 
7100452ac000-7100453a9000 rw-p 00000000 00:00 0 
7100453a9000-7100453aa000 ---p 00000000 00:00 0 
7100453aa000-7100454aa000 rw-p 00000000 00:00 0 
7100454aa000-7100454ab000 ---p 00000000 00:00 0 
7100454ab000-7100455ab000 rw-p 00000000 00:00 0 
7100455ab000-7100455ac000 ---p 00000000 00:00 0 
7100455ac000-7100456ac000 rw-p 00000000 00:00 0 
7100456ac000-7100456ad000 ---p 00000000 00:00 0 
7100456ad000-7100457ad000 rw-p 00000000 00:00 0 
7100457ad000-7100457ae000 ---p 00000000 00:00 0 
7100457ae000-7100458ae000 rw-p 00000000 00:00 0 
7100458ae000-7100458b2000 ---p 00000000 00:00 0 
7100458b2000-7100459af000 rw-p 00000000 00:00 0 
7100459af000-7100459b3000 ---p 00000000 00:00 0 
7100459b3000-710045ab0000 rw-p 00000000 00:00 0 
710045ab0000-710045ab4000 ---p 00000000 00:00 0 
710045ab4000-710045bb1000 rw-p 00000000 00:00 0 
710045bb1000-710045bb5000 ---p 00000000 00:00 0 
710045bb5000-710045cb2000 rw-p 00000000 00:00 0 
710045cb2000-710045cb6000 ---p 00000000 00:00 0 
710045cb6000-710045db3000 rw-p 00000000 00:00 0 
710045db3000-710045db7000 ---p 00000000 00:00 0 
710045db7000-710045eb4000 rw-p 00000000 00:00 0 
710045eb4000-710045eb8000 ---p 00000000 00:00 0 
710045eb8000-710045fb5000 rw-p 00000000 00:00 0 
710045fb5000-710045fb9000 ---p 00000000 00:00 0 
710045fb9000-7100460b6000 rw-p 00000000 00:00 0 
7100460b6000-710046184000 r-xp 00000000 08:30 221013                     /home/mroth/.sdkman/candidates/java/21.0.7-oracle/lib/libjsvml.so
710046184000-710046185000 r--p 000cd000 08:30 221013                     /home/mroth/.sdkman/candidates/java/21.0.7-oracle/lib/libjsvml.so
710046185000-710046186000 rw-p 000ce000 08:30 221013                     /home/mroth/.sdkman/candidates/java/21.0.7-oracle/lib/libjsvml.so
710046186000-71004618a000 ---p 00000000 00:00 0 
71004618a000-710046287000 rw-p 00000000 00:00 0 
710046287000-71004628b000 ---p 00000000 00:00 0 
71004628b000-710046388000 rw-p 00000000 00:00 0 
710046388000-71004638c000 ---p 00000000 00:00 0 
71004638c000-710046489000 rw-p 00000000 00:00 0 
710046489000-71004648d000 ---p 00000000 00:00 0 
71004648d000-71004658a000 rw-p 00000000 00:00 0 
71004658a000-71004658e000 ---p 00000000 00:00 0 
71004658e000-71004668b000 rw-p 00000000 00:00 0 
71004668b000-71004668f000 ---p 00000000 00:00 0 
71004668f000-71004678c000 rw-p 00000000 00:00 0 
71004678c000-710046790000 ---p 00000000 00:00 0 
710046790000-71004688d000 rw-p 00000000 00:00 0 
71004688d000-710046a00000 r--p 00000000 08:30 20978                      /usr/lib/locale/C.UTF-8/LC_COLLATE
710046a00000-710046ce6000 r--p 00000000 08:30 6755                       /usr/lib/locale/locale-archive
710046d7d000-710046d7e000 ---p 00000000 00:00 0 
710046d7e000-710046e7e000 rw-p 00000000 00:00 0 
710046e7e000-710046e7f000 ---p 00000000 00:00 0 
710046e7f000-710047000000 rw-p 00000000 00:00 0 
710047000000-710047cab000 rw-p 00001000 08:30 221027                     /home/mroth/.sdkman/candidates/java/21.0.7-oracle/lib/server/classes.jsa
710047cab000-710048000000 ---p 00000000 00:00 0 
710048000000-710048030000 rw-p 00000000 00:00 0 
710048030000-7100480b0000 rw-p 00000000 00:00 0 
7100480b0000-710048230000 rw-p 00000000 00:00 0 
710048230000-710048270000 rw-p 00000000 00:00 0 
710048270000-7100482d0000 rw-p 00000000 00:00 0 
7100482d0000-710048300000 ---p 00000000 00:00 0 
710048300000-710048380000 rw-p 00000000 00:00 0 
710048380000-710088000000 ---p 00000000 00:00 0 
710088000000-710088021000 rw-p 00000000 00:00 0 
710088021000-71008c000000 ---p 00000000 00:00 0 
71008c000000-71008c021000 rw-p 00000000 00:00 0 
71008c021000-710090000000 ---p 00000000 00:00 0 
710090000000-710090021000 rw-p 00000000 00:00 0 
710090021000-710094000000 ---p 00000000 00:00 0 
710094000000-710094021000 rw-p 00000000 00:00 0 
710094021000-710098000000 ---p 00000000 00:00 0 
710098000000-710098021000 rw-p 00000000 00:00 0 
710098021000-71009c000000 ---p 00000000 00:00 0 
71009c000000-71009c001000 ---p 00000000 00:00 0 
71009c001000-71009c101000 rw-p 00000000 00:00 0 
71009c101000-71009c102000 ---p 00000000 00:00 0 
71009c102000-71009ef0f000 rw-p 00000000 00:00 0 
71009ef0f000-71009ef10000 ---p 00000000 00:00 0 
71009ef10000-71009f010000 rw-p 00000000 00:00 0 
71009f010000-71009f011000 ---p 00000000 00:00 0 
71009f011000-71009f111000 rw-p 00000000 00:00 0 
71009f111000-71009f112000 ---p 00000000 00:00 0 
71009f112000-71009f32a000 rw-p 00000000 00:00 0 
71009f32a000-71009f48a000 ---p 00000000 00:00 0 
71009f48a000-71009f4b2000 rw-p 00000000 00:00 0 
71009f4b2000-71009f5f2000 ---p 00000000 00:00 0 
71009f5f2000-71009f5fa000 rw-p 00000000 00:00 0 
71009f5fa000-7100a305a000 ---p 00000000 00:00 0 
7100a305a000-7100a3085000 rw-p 00000000 00:00 0 
7100a3085000-7100a30b1000 ---p 00000000 00:00 0 
7100a30b1000-7100a30b6000 rw-p 00000000 00:00 0 
7100a30b6000-7100a30de000 ---p 00000000 00:00 0 
7100a30de000-7100a30df000 rw-p 00000000 00:00 0 
7100a30df000-7100a382b000 ---p 00000000 00:00 0 
7100a382b000-7100a384f000 rw-p 00000000 00:00 0 
7100a384f000-7100a387b000 ---p 00000000 00:00 0 
7100a387b000-7100a3880000 rw-p 00000000 00:00 0 
7100a3880000-7100a38a8000 ---p 00000000 00:00 0 
7100a38a8000-7100a38a9000 rw-p 00000000 00:00 0 
7100a38a9000-7100a3ff5000 ---p 00000000 00:00 0 
7100a3ff5000-7100a4a00000 rw-p 00000000 00:00 0 
7100a4a00000-7100a56e0000 rwxp 00000000 00:00 0 
7100a56e0000-7100abe5f000 ---p 00000000 00:00 0 
7100abe5f000-7100ac1ff000 rwxp 00000000 00:00 0 
7100ac1ff000-7100ac5a0000 ---p 00000000 00:00 0 
7100ac5a0000-7100ac930000 rwxp 00000000 00:00 0 
7100ac930000-7100b3a00000 ---p 00000000 00:00 0 
7100b3a00000-7100bbf02000 r--s 00000000 08:30 221063                     /home/mroth/.sdkman/candidates/java/21.0.7-oracle/lib/modules
7100bbf1a000-7100bbf1f000 r-xp 00000000 08:30 221020                     /home/mroth/.sdkman/candidates/java/21.0.7-oracle/lib/libmanagement_ext.so
7100bbf1f000-7100bbf20000 ---p 00005000 08:30 221020                     /home/mroth/.sdkman/candidates/java/21.0.7-oracle/lib/libmanagement_ext.so
7100bbf20000-7100bbf21000 r--p 00005000 08:30 221020                     /home/mroth/.sdkman/candidates/java/21.0.7-oracle/lib/libmanagement_ext.so
7100bbf21000-7100bbf22000 rw-p 00006000 08:30 221020                     /home/mroth/.sdkman/candidates/java/21.0.7-oracle/lib/libmanagement_ext.so
7100bbf22000-7100bbf2f000 r-xp 00000000 08:30 221021                     /home/mroth/.sdkman/candidates/java/21.0.7-oracle/lib/libverify.so
7100bbf2f000-7100bbf31000 r--p 0000c000 08:30 221021                     /home/mroth/.sdkman/candidates/java/21.0.7-oracle/lib/libverify.so
7100bbf31000-7100bbf32000 rw-p 0000e000 08:30 221021                     /home/mroth/.sdkman/candidates/java/21.0.7-oracle/lib/libverify.so
7100bbf32000-7100bbf64000 r--p 00000000 08:30 20980                      /usr/lib/locale/C.UTF-8/LC_CTYPE
7100bbf64000-7100bc000000 rw-p 00000000 00:00 0 
7100bc000000-7100bcb40000 rw-p 00000000 00:00 0 
7100bcb40000-7100c0000000 ---p 00000000 00:00 0 
7100c0004000-7100c000b000 r-xp 00000000 08:30 221023                     /home/mroth/.sdkman/candidates/java/21.0.7-oracle/lib/libzip.so
7100c000b000-7100c000c000 ---p 00007000 08:30 221023                     /home/mroth/.sdkman/candidates/java/21.0.7-oracle/lib/libzip.so
7100c000c000-7100c000d000 r--p 00007000 08:30 221023                     /home/mroth/.sdkman/candidates/java/21.0.7-oracle/lib/libzip.so
7100c000d000-7100c000e000 rw-p 00008000 08:30 221023                     /home/mroth/.sdkman/candidates/java/21.0.7-oracle/lib/libzip.so
7100c000e000-7100c0019000 r-xp 00000000 08:30 221062                     /home/mroth/.sdkman/candidates/java/21.0.7-oracle/lib/libnet.so
7100c0019000-7100c001a000 ---p 0000b000 08:30 221062                     /home/mroth/.sdkman/candidates/java/21.0.7-oracle/lib/libnet.so
7100c001a000-7100c001b000 r--p 0000b000 08:30 221062                     /home/mroth/.sdkman/candidates/java/21.0.7-oracle/lib/libnet.so
7100c001b000-7100c001c000 rw-p 0000c000 08:30 221062                     /home/mroth/.sdkman/candidates/java/21.0.7-oracle/lib/libnet.so
7100c001c000-7100c03e6000 rw-p 00000000 00:00 0 
7100c03e6000-7100c04c7000 ---p 00000000 00:00 0 
7100c04c7000-7100c04e1000 rw-p 00000000 00:00 0 
7100c04e1000-7100c05b0000 ---p 00000000 00:00 0 
7100c05b0000-7100c05b4000 ---p 00000000 00:00 0 
7100c05b4000-7100c06b1000 rw-p 00000000 00:00 0 
7100c06b1000-7100c06be000 r--p 00000000 08:30 69037                      /usr/lib/x86_64-linux-gnu/libm-2.31.so
7100c06be000-7100c0765000 r-xp 0000d000 08:30 69037                      /usr/lib/x86_64-linux-gnu/libm-2.31.so
7100c0765000-7100c07fe000 r--p 000b4000 08:30 69037                      /usr/lib/x86_64-linux-gnu/libm-2.31.so
7100c07fe000-7100c07ff000 r--p 0014c000 08:30 69037                      /usr/lib/x86_64-linux-gnu/libm-2.31.so
7100c07ff000-7100c0800000 rw-p 0014d000 08:30 69037                      /usr/lib/x86_64-linux-gnu/libm-2.31.so
7100c0800000-7100c1b1b000 r-xp 00000000 08:30 221025                     /home/mroth/.sdkman/candidates/java/21.0.7-oracle/lib/server/libjvm.so
7100c1b1b000-7100c1bec000 r--p 0131a000 08:30 221025                     /home/mroth/.sdkman/candidates/java/21.0.7-oracle/lib/server/libjvm.so
7100c1bec000-7100c1c1a000 rw-p 013eb000 08:30 221025                     /home/mroth/.sdkman/candidates/java/21.0.7-oracle/lib/server/libjvm.so
7100c1c1a000-7100c1c80000 rw-p 00000000 00:00 0 
7100c1c80000-7100c1c84000 r-xp 00000000 08:30 221058                     /home/mroth/.sdkman/candidates/java/21.0.7-oracle/lib/libmanagement.so
7100c1c84000-7100c1c85000 r--p 00003000 08:30 221058                     /home/mroth/.sdkman/candidates/java/21.0.7-oracle/lib/libmanagement.so
7100c1c85000-7100c1c86000 rw-p 00004000 08:30 221058                     /home/mroth/.sdkman/candidates/java/21.0.7-oracle/lib/libmanagement.so
7100c1c86000-7100c1c99000 r-xp 00000000 08:30 221016                     /home/mroth/.sdkman/candidates/java/21.0.7-oracle/lib/libnio.so
7100c1c99000-7100c1c9a000 ---p 00013000 08:30 221016                     /home/mroth/.sdkman/candidates/java/21.0.7-oracle/lib/libnio.so
7100c1c9a000-7100c1c9b000 r--p 00013000 08:30 221016                     /home/mroth/.sdkman/candidates/java/21.0.7-oracle/lib/libnio.so
7100c1c9b000-7100c1c9c000 rw-p 00014000 08:30 221016                     /home/mroth/.sdkman/candidates/java/21.0.7-oracle/lib/libnio.so
7100c1c9c000-7100c1c9d000 r--p 00000000 08:30 21685                      /usr/lib/locale/C.UTF-8/LC_NUMERIC
7100c1c9d000-7100c1c9e000 r--p 00000000 08:30 21693                      /usr/lib/locale/C.UTF-8/LC_TIME
7100c1c9e000-7100c1c9f000 r--p 00000000 08:30 21664                      /usr/lib/locale/C.UTF-8/LC_MONETARY
7100c1c9f000-7100c1ca0000 r--p 00000000 08:30 21662                      /usr/lib/locale/C.UTF-8/LC_MESSAGES/SYS_LC_MESSAGES
7100c1ca0000-7100c1ca1000 r--p 00000000 08:30 21686                      /usr/lib/locale/C.UTF-8/LC_PAPER
7100c1ca1000-7100c1ca9000 rw-p 00000000 00:00 0 
7100c1ca9000-7100c1cb0000 ---p 00000000 00:00 0 
7100c1cb0000-7100c1cd0000 r-xp 00000000 08:30 221006                     /home/mroth/.sdkman/candidates/java/21.0.7-oracle/lib/libjava.so
7100c1cd0000-7100c1cd1000 ---p 00020000 08:30 221006                     /home/mroth/.sdkman/candidates/java/21.0.7-oracle/lib/libjava.so
7100c1cd1000-7100c1cd2000 r--p 00020000 08:30 221006                     /home/mroth/.sdkman/candidates/java/21.0.7-oracle/lib/libjava.so
7100c1cd2000-7100c1cd3000 rw-p 00021000 08:30 221006                     /home/mroth/.sdkman/candidates/java/21.0.7-oracle/lib/libjava.so
7100c1cd3000-7100c1cd4000 rw-p 00000000 00:00 0 
7100c1cd4000-7100c1cd7000 r--p 00000000 08:30 69086                      /usr/lib/x86_64-linux-gnu/libnss_files-2.31.so
7100c1cd7000-7100c1cde000 r-xp 00003000 08:30 69086                      /usr/lib/x86_64-linux-gnu/libnss_files-2.31.so
7100c1cde000-7100c1ce0000 r--p 0000a000 08:30 69086                      /usr/lib/x86_64-linux-gnu/libnss_files-2.31.so
7100c1ce0000-7100c1ce1000 r--p 0000b000 08:30 69086                      /usr/lib/x86_64-linux-gnu/libnss_files-2.31.so
7100c1ce1000-7100c1ce2000 rw-p 0000c000 08:30 69086                      /usr/lib/x86_64-linux-gnu/libnss_files-2.31.so
7100c1ce2000-7100c1ce8000 rw-p 00000000 00:00 0 
7100c1ce8000-7100c1ce9000 r--p 00000000 08:30 21680                      /usr/lib/locale/C.UTF-8/LC_NAME
7100c1ce9000-7100c1cea000 r--p 00000000 08:30 20977                      /usr/lib/locale/C.UTF-8/LC_ADDRESS
7100c1cea000-7100c1ceb000 r--p 00000000 08:30 21687                      /usr/lib/locale/C.UTF-8/LC_TELEPHONE
7100c1ceb000-7100c1cec000 r--p 00000000 08:30 21287                      /usr/lib/locale/C.UTF-8/LC_MEASUREMENT
7100c1cec000-7100c1cf3000 r--s 00000000 08:30 81337                      /usr/lib/x86_64-linux-gnu/gconv/gconv-modules.cache
7100c1cf3000-7100c1d11000 r-xp 00000000 08:30 221034                     /home/mroth/.sdkman/candidates/java/21.0.7-oracle/lib/libjimage.so
7100c1d11000-7100c1d13000 r--p 0001d000 08:30 221034                     /home/mroth/.sdkman/candidates/java/21.0.7-oracle/lib/libjimage.so
7100c1d13000-7100c1d14000 rw-p 0001f000 08:30 221034                     /home/mroth/.sdkman/candidates/java/21.0.7-oracle/lib/libjimage.so
7100c1d14000-7100c1d16000 r--p 00000000 08:30 69097                      /usr/lib/x86_64-linux-gnu/librt-2.31.so
7100c1d16000-7100c1d1a000 r-xp 00002000 08:30 69097                      /usr/lib/x86_64-linux-gnu/librt-2.31.so
7100c1d1a000-7100c1d1c000 r--p 00006000 08:30 69097                      /usr/lib/x86_64-linux-gnu/librt-2.31.so
7100c1d1c000-7100c1d1d000 r--p 00007000 08:30 69097                      /usr/lib/x86_64-linux-gnu/librt-2.31.so
7100c1d1d000-7100c1d1e000 rw-p 00008000 08:30 69097                      /usr/lib/x86_64-linux-gnu/librt-2.31.so
7100c1d1e000-7100c1d20000 rw-p 00000000 00:00 0 
7100c1d20000-7100c1d42000 r--p 00000000 08:30 69034                      /usr/lib/x86_64-linux-gnu/libc-2.31.so
7100c1d42000-7100c1eba000 r-xp 00022000 08:30 69034                      /usr/lib/x86_64-linux-gnu/libc-2.31.so
7100c1eba000-7100c1f08000 r--p 0019a000 08:30 69034                      /usr/lib/x86_64-linux-gnu/libc-2.31.so
7100c1f08000-7100c1f0c000 r--p 001e7000 08:30 69034                      /usr/lib/x86_64-linux-gnu/libc-2.31.so
7100c1f0c000-7100c1f0e000 rw-p 001eb000 08:30 69034                      /usr/lib/x86_64-linux-gnu/libc-2.31.so
7100c1f0e000-7100c1f12000 rw-p 00000000 00:00 0 
7100c1f12000-7100c1f13000 r--p 00000000 08:30 69036                      /usr/lib/x86_64-linux-gnu/libdl-2.31.so
7100c1f13000-7100c1f15000 r-xp 00001000 08:30 69036                      /usr/lib/x86_64-linux-gnu/libdl-2.31.so
7100c1f15000-7100c1f16000 r--p 00003000 08:30 69036                      /usr/lib/x86_64-linux-gnu/libdl-2.31.so
7100c1f16000-7100c1f17000 r--p 00003000 08:30 69036                      /usr/lib/x86_64-linux-gnu/libdl-2.31.so
7100c1f17000-7100c1f18000 rw-p 00004000 08:30 69036                      /usr/lib/x86_64-linux-gnu/libdl-2.31.so
7100c1f18000-7100c1f1e000 r--p 00000000 08:30 69093                      /usr/lib/x86_64-linux-gnu/libpthread-2.31.so
7100c1f1e000-7100c1f2f000 r-xp 00006000 08:30 69093                      /usr/lib/x86_64-linux-gnu/libpthread-2.31.so
7100c1f2f000-7100c1f35000 r--p 00017000 08:30 69093                      /usr/lib/x86_64-linux-gnu/libpthread-2.31.so
7100c1f35000-7100c1f36000 r--p 0001c000 08:30 69093                      /usr/lib/x86_64-linux-gnu/libpthread-2.31.so
7100c1f36000-7100c1f37000 rw-p 0001d000 08:30 69093                      /usr/lib/x86_64-linux-gnu/libpthread-2.31.so
7100c1f37000-7100c1f3b000 rw-p 00000000 00:00 0 
7100c1f3b000-7100c1f49000 r-xp 00000000 08:30 221045                     /home/mroth/.sdkman/candidates/java/21.0.7-oracle/lib/libjli.so
7100c1f49000-7100c1f4a000 ---p 0000e000 08:30 221045                     /home/mroth/.sdkman/candidates/java/21.0.7-oracle/lib/libjli.so
7100c1f4a000-7100c1f4b000 r--p 0000e000 08:30 221045                     /home/mroth/.sdkman/candidates/java/21.0.7-oracle/lib/libjli.so
7100c1f4b000-7100c1f4c000 rw-p 0000f000 08:30 221045                     /home/mroth/.sdkman/candidates/java/21.0.7-oracle/lib/libjli.so
7100c1f4c000-7100c1f4e000 r--p 00000000 08:30 20046                      /usr/lib/x86_64-linux-gnu/libz.so.1.2.11
7100c1f4e000-7100c1f5f000 r-xp 00002000 08:30 20046                      /usr/lib/x86_64-linux-gnu/libz.so.1.2.11
7100c1f5f000-7100c1f65000 r--p 00013000 08:30 20046                      /usr/lib/x86_64-linux-gnu/libz.so.1.2.11
7100c1f65000-7100c1f66000 ---p 00019000 08:30 20046                      /usr/lib/x86_64-linux-gnu/libz.so.1.2.11
7100c1f66000-7100c1f67000 r--p 00019000 08:30 20046                      /usr/lib/x86_64-linux-gnu/libz.so.1.2.11
7100c1f67000-7100c1f68000 rw-p 0001a000 08:30 20046                      /usr/lib/x86_64-linux-gnu/libz.so.1.2.11
7100c1f68000-7100c1f69000 r--p 00000000 08:30 21280                      /usr/lib/locale/C.UTF-8/LC_IDENTIFICATION
7100c1f69000-7100c1f71000 rw-s 00000000 08:30 14544                      /tmp/hsperfdata_mroth/1153
7100c1f71000-7100c1f72000 ---p 00000000 00:00 0 
7100c1f72000-7100c1f73000 r--p 00000000 00:00 0 
7100c1f73000-7100c1f75000 rw-p 00000000 00:00 0 
7100c1f75000-7100c1f76000 r--p 00000000 08:30 69029                      /usr/lib/x86_64-linux-gnu/ld-2.31.so
7100c1f76000-7100c1f99000 r-xp 00001000 08:30 69029                      /usr/lib/x86_64-linux-gnu/ld-2.31.so
7100c1f99000-7100c1fa1000 r--p 00024000 08:30 69029                      /usr/lib/x86_64-linux-gnu/ld-2.31.so
7100c1fa1000-7100c1fa2000 ---p 00000000 00:00 0 
7100c1fa2000-7100c1fa3000 r--p 0002c000 08:30 69029                      /usr/lib/x86_64-linux-gnu/ld-2.31.so
7100c1fa3000-7100c1fa4000 rw-p 0002d000 08:30 69029                      /usr/lib/x86_64-linux-gnu/ld-2.31.so
7100c1fa4000-7100c1fa5000 rw-p 00000000 00:00 0 
7ffd58739000-7ffd5875b000 rw-p 00000000 00:00 0                          [stack]
7ffd587f5000-7ffd587f9000 r--p 00000000 00:00 0                          [vvar]
7ffd587f9000-7ffd587fb000 r-xp 00000000 00:00 0                          [vdso]
Total number of mappings: 346


VM Arguments:
java_command: org.codehaus.groovy.tools.GroovyStarter --main groovy.ui.GroovyMain --classpath ./src/main/java:./src/main/resources ./src/main/java/de/crash/the/jvm/srv/gen/CrashTheJvm.groovy -e
java_class_path (initial): ./_deps/velocity-engine-core-2.4.1.jar:./_deps/groovy-xml-4.0.22.jar:./_deps/groovy-groovydoc-4.0.22.jar:./_deps/groovy-test-junit5-4.0.22.jar:./_deps/groovy-4.0.22.jar:./_deps/velocity-tools-generic-3.1.jar:./_deps/groovy-servlet-4.0.22.jar:./_deps/groovy-yaml-4.0.22.jar:./_deps/log4j-slf4j2-impl-2.20.0.jar:./_deps/log4j-core-2.20.0.jar:./_deps/groovy-groovysh-4.0.22.jar:./_deps/groovy-console-4.0.22.jar:./_deps/groovy-nio-4.0.22.jar:./_deps/commons-text-1.10.0.jar:./_deps/groovy-swing-4.0.22.jar:./_deps/groovy-macro-4.0.22.jar:./_deps/groovy-test-4.0.22.jar:./_deps/log4j-api-2.20.0.jar:./_deps/groovy-jsr223-4.0.22.jar:./_deps/groovy-jmx-4.0.22.jar:./_deps/groovy-datetime-4.0.22.jar:./_deps/slf4j-api-2.0.7.jar:./_deps/commons-lang3-3.17.0.jar:./_deps/commons-io-2.18.0.jar:./_deps/commons-configuration2-2.11.0.jar:./_deps/groovy-docgenerator-4.0.22.jar:./_deps/groovy-sql-4.0.22.jar:./_deps/commons-logging-1.3.2.jar:./_deps/groovy-dateutil-4.0.22.jar:./_deps/groovy-json-4.0.22.jar:./_deps/groovy-templates-4.0.22.jar
Launcher Type: SUN_STANDARD

[Global flags]
     intx CICompilerCount                          = 12                                        {product} {ergonomic}
     uint ConcGCThreads                            = 3                                         {product} {ergonomic}
     uint G1ConcRefinementThreads                  = 13                                        {product} {ergonomic}
   size_t G1HeapRegionSize                         = 2097152                                   {product} {ergonomic}
    uintx GCDrainStackTargetSize                   = 64                                        {product} {ergonomic}
   size_t InitialHeapSize                          = 262144000                                 {product} {ergonomic}
   size_t MarkStackSize                            = 4194304                                   {product} {ergonomic}
   size_t MaxHeapSize                              = 4181721088                                {product} {ergonomic}
   size_t MaxNewSize                               = 2508193792                                {product} {ergonomic}
   size_t MinHeapDeltaBytes                        = 2097152                                   {product} {ergonomic}
   size_t MinHeapSize                              = 8388608                                   {product} {ergonomic}
    uintx NonNMethodCodeHeapSize                   = 7602480                                {pd product} {ergonomic}
    uintx NonProfiledCodeHeapSize                  = 122027880                              {pd product} {ergonomic}
    uintx ProfiledCodeHeapSize                     = 122027880                              {pd product} {ergonomic}
    uintx ReservedCodeCacheSize                    = 251658240                              {pd product} {ergonomic}
     bool SegmentedCodeCache                       = true                                      {product} {ergonomic}
   size_t SoftMaxHeapSize                          = 4181721088                             {manageable} {ergonomic}
     bool UseCompressedOops                        = true                           {product lp64_product} {ergonomic}
     bool UseG1GC                                  = true                                      {product} {ergonomic}

Logging:
Log output configuration:
 #0: stdout all=warning uptime,level,tags foldmultilines=false
 #1: stderr all=off uptime,level,tags foldmultilines=false

Environment Variables:
JAVA_HOME=/home/mroth/.sdkman/candidates/java/current
PATH=/home/mroth/.sdkman/candidates/java/current/bin:/usr/local/sbin:/usr/local/bin:/usr/sbin:/usr/bin:/sbin:/bin:/usr/games:/usr/local/games:/usr/lib/wsl/lib:/mnt/c/Windows/system32:/mnt/c/Windows:/mnt/c/Windows/System32/Wbem:/mnt/c/Windows/System32/WindowsPowerShell/v1.0/:/mnt/c/Windows/System32/OpenSSH/:/mnt/c/Program Files (x86)/ATI Technologies/ATI.ACE/Core-Static:/mnt/c/Program Files (x86)/NVIDIA Corporation/PhysX/Common:/mnt/c/ProgramData/chocolatey/bin:/mnt/c/WINDOWS/system32:/mnt/c/WINDOWS:/mnt/c/WINDOWS/System32/Wbem:/mnt/c/WINDOWS/System32/WindowsPowerShell/v1.0/:/mnt/c/WINDOWS/System32/OpenSSH/:/mnt/c/Program Files/dotnet/:/mnt/c/Program Files/Mullvad VPN/resources:/mnt/c/Program Files/Docker/Docker/resources/bin:/mnt/c/Program Files/NVIDIA Corporation/NVIDIA app/NvDLISR:/mnt/c/Users/Moritz/scoop/apps/python/current/Scripts:/mnt/c/Users/Moritz/scoop/apps/python/current:/mnt/c/Users/Moritz/scoop/apps/openssl/current/bin:/mnt/c/Users/Moritz/scoop/apps/nodejs/current/bin:/mnt/c/Users/Moritz/scoop/apps/nodejs/current:/mnt/c/Users/Moritz/scoop/apps/mpv/current:/mnt/c/Users/Moritz/scoop/apps/bind/current/bin:/mnt/c/Users/Moritz/scoop/apps/adopt14-hotspot/current/bin:/mnt/c/Users/Moritz/scoop/shims:/mnt/c/Users/Moritz/AppData/Local/Microsoft/WindowsApps:/mnt/c/Users/Moritz/AppData/Local/GitHubDesktop/bin:/mnt/c/Users/Moritz/.dotnet/tools:/mnt/c/Users/Moritz/AppData/Local/Microsoft/WindowsApps:/mnt/c/Program Files/mitmproxy/bin:/mnt/c/Users/Moritz/.dotnet/tools:/home/mroth/.local/bin
SHELL=/usr/bin/zsh
DISPLAY=:0
HOSTTYPE=x86_64
LANG=C.UTF-8
TERM=xterm-256color

Active Locale:
LC_ALL=C.UTF-8
LC_COLLATE=C.UTF-8
LC_CTYPE=C.UTF-8
LC_MESSAGES=C.UTF-8
LC_MONETARY=C.UTF-8
LC_NUMERIC=C.UTF-8
LC_TIME=C.UTF-8

Signal Handlers:
   SIGSEGV: crash_handler in libjvm.so, mask=11100100010111111101111111111110, flags=SA_RESTART|SA_SIGINFO, unblocked
    SIGBUS: crash_handler in libjvm.so, mask=11100100010111111101111111111110, flags=SA_RESTART|SA_SIGINFO, unblocked
    SIGFPE: crash_handler in libjvm.so, mask=11100100010111111101111111111110, flags=SA_RESTART|SA_SIGINFO, unblocked
   SIGPIPE: javaSignalHandler in libjvm.so, mask=11100100010111111101111111111110, flags=SA_RESTART|SA_SIGINFO, blocked
   SIGXFSZ: javaSignalHandler in libjvm.so, mask=11100100010111111101111111111110, flags=SA_RESTART|SA_SIGINFO, blocked
    SIGILL: crash_handler in libjvm.so, mask=11100100010111111101111111111110, flags=SA_RESTART|SA_SIGINFO, unblocked
   SIGUSR2: SR_handler in libjvm.so, mask=00000000000000000000000000000000, flags=SA_RESTART|SA_SIGINFO, blocked
    SIGHUP: UserHandler in libjvm.so, mask=11100100010111111101111111111110, flags=SA_RESTART|SA_SIGINFO, blocked
    SIGINT: UserHandler in libjvm.so, mask=11100100010111111101111111111110, flags=SA_RESTART|SA_SIGINFO, blocked
   SIGTERM: UserHandler in libjvm.so, mask=11100100010111111101111111111110, flags=SA_RESTART|SA_SIGINFO, blocked
   SIGQUIT: UserHandler in libjvm.so, mask=11100100010111111101111111111110, flags=SA_RESTART|SA_SIGINFO, blocked
   SIGTRAP: crash_handler in libjvm.so, mask=11100100010111111101111111111110, flags=SA_RESTART|SA_SIGINFO, unblocked


Periodic native trim disabled

---------------  S Y S T E M  ---------------

OS:
DISTRIB_ID=Ubuntu
DISTRIB_RELEASE=20.04
DISTRIB_CODENAME=focal
DISTRIB_DESCRIPTION="Ubuntu 20.04.6 LTS"
uname: Linux 6.6.87.1-microsoft-standard-WSL2 #1 SMP PREEMPT_DYNAMIC Mon Apr 21 17:08:54 UTC 2025 x86_64
OS uptime: 0 days 0:05 hours
libc: glibc 2.31 NPTL 2.31 
rlimit (soft/hard): STACK 8192k/infinity , CORE infinity/infinity , NPROC 63745/63745 , NOFILE 1048576/1048576 , AS infinity/infinity , CPU infinity/infinity , DATA infinity/infinity , FSIZE infinity/infinity , MEMLOCK 65536k/65536k
load average: 0.36 0.45 0.22

/proc/meminfo:
MemTotal:       16328916 kB
MemFree:        13554088 kB
MemAvailable:   15249860 kB
Buffers:           88084 kB
Cached:          1781932 kB
SwapCached:            0 kB
Active:           431364 kB
Inactive:        1956204 kB
Active(anon):       3128 kB
Inactive(anon):   520476 kB
Active(file):     428236 kB
Inactive(file):  1435728 kB
Unevictable:           0 kB
Mlocked:               0 kB
SwapTotal:       4194304 kB
SwapFree:        4194304 kB
Dirty:               104 kB
Writeback:             0 kB
AnonPages:        517588 kB
Mapped:           267812 kB
Shmem:              6052 kB
KReclaimable:      38268 kB
Slab:             112508 kB
SReclaimable:      38268 kB
SUnreclaim:        74240 kB
KernelStack:        8864 kB
PageTables:         6800 kB
SecPageTables:         0 kB
NFS_Unstable:          0 kB
Bounce:                0 kB
WritebackTmp:          0 kB
CommitLimit:    12358760 kB
Committed_AS:    2724948 kB
VmallocTotal:   34359738367 kB
VmallocUsed:       36376 kB
VmallocChunk:          0 kB
Percpu:             6080 kB
HardwareCorrupted:     0 kB
AnonHugePages:         0 kB
ShmemHugePages:        0 kB
ShmemPmdMapped:        0 kB
FileHugePages:         0 kB
FilePmdMapped:         0 kB
Unaccepted:            0 kB
HugePages_Total:       0
HugePages_Free:        0
HugePages_Rsvd:        0
HugePages_Surp:        0
Hugepagesize:       2048 kB
Hugetlb:               0 kB
DirectMap4k:       78848 kB
DirectMap2M:     7213056 kB
DirectMap1G:    18874368 kB

/sys/kernel/mm/transparent_hugepage/enabled: always [madvise] never
/sys/kernel/mm/transparent_hugepage/defrag (defrag/compaction efforts parameter): always defer defer+madvise [madvise] never

Process Memory:
Virtual Size: 8569368K (peak: 8632096K)
Resident Set Size: 316560K (peak: 316560K) (anon: 292224K, file: 24336K, shmem: 0K)
Swapped out: 0K
C-Heap outstanding allocations: 159561K, retained: 20578K (may have wrapped)
glibc malloc tunables: (default)

/proc/sys/kernel/threads-max (system-wide limit on the number of threads): 127491
/proc/sys/vm/max_map_count (maximum number of memory map areas a process may have): 262144
/proc/sys/kernel/pid_max (system-wide limit on number of process identifiers): 99999

container (cgroup) information:
container_type: cgroupv2
cpu_cpuset_cpus: not supported
cpu_memory_nodes: not supported
active_processor_count: 16
cpu_quota: not supported
cpu_period: not supported
cpu_shares: not supported
memory_limit_in_bytes: not supported
memory_and_swap_limit_in_bytes: not supported
memory_soft_limit_in_bytes: not supported
memory_usage_in_bytes: not supported
memory_max_usage_in_bytes: not supported
memory_swap_current_in_bytes: not supported
memory_swap_max_limit_in_bytes: not supported
maximum number of tasks: not supported
current number of tasks: not supported

Hyper-V virtualization detected
Steal ticks since vm start: 0
Steal ticks percentage since vm start:  0.000

CPU: total 16 (initial active 16) (16 cores per cpu, 2 threads per core) family 23 model 113 stepping 0 microcode 0xffffffff, cx8, cmov, fxsr, ht, mmx, 3dnowpref, sse, sse2, sse3, ssse3, sse4a, sse4.1, sse4.2, popcnt, lzcnt, tsc, tscinvbit, avx, avx2, aes, clmul, bmi1, bmi2, adx, sha, fma, vzeroupper, clflush, clflushopt, hv, rdtscp, rdpid, f16c
CPU Model and flags from /proc/cpuinfo:
model name	: AMD Ryzen 7 3700X 8-Core Processor
flags		: fpu vme de pse tsc msr pae mce cx8 apic sep mtrr pge mca cmov pat pse36 clflush mmx fxsr sse sse2 ht syscall nx mmxext fxsr_opt pdpe1gb rdtscp lm constant_tsc rep_good nopl tsc_reliable nonstop_tsc cpuid extd_apicid tsc_known_freq pni pclmulqdq ssse3 fma cx16 sse4_1 sse4_2 movbe popcnt aes xsave avx f16c rdrand hypervisor lahf_lm cmp_legacy svm cr8_legacy abm sse4a misalignsse 3dnowprefetch osvw topoext perfctr_core ssbd ibpb stibp vmmcall fsgsbase bmi1 avx2 smep bmi2 rdseed adx smap clflushopt clwb sha_ni xsaveopt xsavec xgetbv1 clzero xsaveerptr arat npt nrip_save tsc_scale vmcb_clean flushbyasid decodeassists pausefilter pfthreshold v_vmsave_vmload umip rdpid

Online cpus: 0-15
Offline cpus: 
BIOS frequency limitation: <Not Available>
Frequency switch latency (ns): <Not Available>
Available cpu frequencies: <Not Available>
Current governor: <Not Available>
Core performance/turbo boost: <Not Available>

Memory: 4k page, physical 16328916k(15249104k free), swap 4194304k(4194304k free)
Page Sizes: 4k

vm_info: Java HotSpot(TM) 64-Bit Server VM (21.0.7+8-LTS-245) for linux-amd64 JRE (21.0.7+8-LTS-245), built on 2025-02-21T05:11:27Z by "mach5one" with gcc 13.2.0

END.
