#
# A fatal error has been detected by the Java Runtime Environment:
#
#  SIGSEGV (0xb) at pc=0x00007699192944e0, pid=4759, tid=4782
#
# JRE version: Java(TM) SE Runtime Environment (21.0.7+8) (build 21.0.7+8-LTS-245)
# Java VM: Java HotSpot(TM) 64-Bit Server VM (21.0.7+8-LTS-245, mixed mode, sharing, tiered, compressed oops, compressed class ptrs, g1 gc, linux-amd64)
# Problematic frame:
# V  [libjvm.so+0xc944e0]  Node::uncast(bool) const+0x0
#
# Core dump will be written. Default location: Core dumps may be processed with "/usr/share/apport/apport -p%p -s%s -c%c -d%d -P%P -u%u -g%g -F%F -- %E" (or dumping to /home/mroth/src/jvm-crash/core.4759)
#
# If you would like to submit a bug report, please visit:
#   https://bugreport.java.com/bugreport/crash.jsp
#

---------------  S U M M A R Y ------------

Command Line: org.codehaus.groovy.tools.GroovyStarter --main groovy.ui.GroovyMain --classpath ./src/main/java:./src/main/resources ./src/main/java/de/crash/the/jvm/srv/gen/CrashTheJvm.groovy -e

Host: AMD Ryzen 7 3700X 8-Core Processor, 16 cores, 31G, Ubuntu 24.04.2 LTS
Time: Thu Jun  5 19:16:08 2025 CEST elapsed time: 2.339736 seconds (0d 0h 0m 2s)

---------------  T H R E A D  ---------------

Current thread (0x0000769868065d50):  JavaThread "C2 CompilerThread3" daemon [_thread_in_native, id=4782, stack(0x00007698e1000000,0x00007698e1100000) (1024K)]


Current CompileTask:
C2:   2339 5968       4       java.lang.invoke.LambdaForm$MH/0x0000769894374000::invoke (42 bytes)

Stack: [0x00007698e1000000,0x00007698e1100000],  sp=0x00007698e10f74b8,  free space=989k
Native frames: (J=compiled Java code, j=interpreted, Vv=VM code, C=native code)
V  [libjvm.so+0xc944e0]  Node::uncast(bool) const+0x0
V  [libjvm.so+0x4af40c]  InlineTree::ok_to_inline(ciMethod*, JVMState*, ciCallProfile&, bool&)+0x13c
V  [libjvm.so+0x72ff1d]  Compile::call_generator(ciMethod*, int, bool, JVMState*, bool, float, ciKlass*, bool)+0x6cd
V  [libjvm.so+0x577880]  CallGenerator::for_method_handle_inline(JVMState*, ciMethod*, ciMethod*, bool, bool&)+0x130
V  [libjvm.so+0x578186]  CallGenerator::for_method_handle_call(JVMState*, ciMethod*, ciMethod*, bool)+0x26
V  [libjvm.so+0x72fe39]  Compile::call_generator(ciMethod*, int, bool, JVMState*, bool, float, ciKlass*, bool)+0x5e9
V  [libjvm.so+0x730b1b]  Parse::do_call()+0x1ab
V  [libjvm.so+0xcf78f9]  Parse::do_one_block()+0x199
V  [libjvm.so+0xcf7ee5]  Parse::do_all_blocks()+0xe5
V  [libjvm.so+0xcfa5a8]  Parse::Parse(JVMState*, ciMethod*, float)+0x6c8
V  [libjvm.so+0x5738db]  ParseGenerator::generate(JVMState*)+0x8b
V  [libjvm.so+0x730b73]  Parse::do_call()+0x203
V  [libjvm.so+0xcf78f9]  Parse::do_one_block()+0x199
V  [libjvm.so+0xcf7ee5]  Parse::do_all_blocks()+0xe5
V  [libjvm.so+0xcfa5a8]  Parse::Parse(JVMState*, ciMethod*, float)+0x6c8
V  [libjvm.so+0x5738db]  ParseGenerator::generate(JVMState*)+0x8b
V  [libjvm.so+0x730b73]  Parse::do_call()+0x203
V  [libjvm.so+0xcf78f9]  Parse::do_one_block()+0x199
V  [libjvm.so+0xcf7ee5]  Parse::do_all_blocks()+0xe5
V  [libjvm.so+0xcfa5a8]  Parse::Parse(JVMState*, ciMethod*, float)+0x6c8
V  [libjvm.so+0x5738db]  ParseGenerator::generate(JVMState*)+0x8b
V  [libjvm.so+0x730b73]  Parse::do_call()+0x203
V  [libjvm.so+0xcf78f9]  Parse::do_one_block()+0x199
V  [libjvm.so+0xcf7ee5]  Parse::do_all_blocks()+0xe5
V  [libjvm.so+0xcfa5a8]  Parse::Parse(JVMState*, ciMethod*, float)+0x6c8
V  [libjvm.so+0x5738db]  ParseGenerator::generate(JVMState*)+0x8b
V  [libjvm.so+0x730b73]  Parse::do_call()+0x203
V  [libjvm.so+0xcf78f9]  Parse::do_one_block()+0x199
V  [libjvm.so+0xcf7ee5]  Parse::do_all_blocks()+0xe5
V  [libjvm.so+0xcfa5a8]  Parse::Parse(JVMState*, ciMethod*, float)+0x6c8
V  [libjvm.so+0x5738db]  ParseGenerator::generate(JVMState*)+0x8b
V  [libjvm.so+0x730b73]  Parse::do_call()+0x203
V  [libjvm.so+0xcf78f9]  Parse::do_one_block()+0x199
V  [libjvm.so+0xcf7ee5]  Parse::do_all_blocks()+0xe5
V  [libjvm.so+0xcfa5a8]  Parse::Parse(JVMState*, ciMethod*, float)+0x6c8
V  [libjvm.so+0x5738db]  ParseGenerator::generate(JVMState*)+0x8b
V  [libjvm.so+0x730b73]  Parse::do_call()+0x203
V  [libjvm.so+0xcf78f9]  Parse::do_one_block()+0x199
V  [libjvm.so+0xcf7ee5]  Parse::do_all_blocks()+0xe5
V  [libjvm.so+0xcfa5a8]  Parse::Parse(JVMState*, ciMethod*, float)+0x6c8
V  [libjvm.so+0x5738db]  ParseGenerator::generate(JVMState*)+0x8b
V  [libjvm.so+0x730b73]  Parse::do_call()+0x203
V  [libjvm.so+0xcf78f9]  Parse::do_one_block()+0x199
V  [libjvm.so+0xcf7ee5]  Parse::do_all_blocks()+0xe5
V  [libjvm.so+0xcfa5a8]  Parse::Parse(JVMState*, ciMethod*, float)+0x6c8
V  [libjvm.so+0x5738db]  ParseGenerator::generate(JVMState*)+0x8b
V  [libjvm.so+0x730b73]  Parse::do_call()+0x203
V  [libjvm.so+0xcf78f9]  Parse::do_one_block()+0x199
V  [libjvm.so+0xcf7ee5]  Parse::do_all_blocks()+0xe5
V  [libjvm.so+0xcfa5a8]  Parse::Parse(JVMState*, ciMethod*, float)+0x6c8
V  [libjvm.so+0x5738db]  ParseGenerator::generate(JVMState*)+0x8b
V  [libjvm.so+0x730b73]  Parse::do_call()+0x203
V  [libjvm.so+0xcf78f9]  Parse::do_one_block()+0x199
V  [libjvm.so+0xcf7ee5]  Parse::do_all_blocks()+0xe5
V  [libjvm.so+0xcfa5a8]  Parse::Parse(JVMState*, ciMethod*, float)+0x6c8
V  [libjvm.so+0x5738db]  ParseGenerator::generate(JVMState*)+0x8b
V  [libjvm.so+0x730b73]  Parse::do_call()+0x203
V  [libjvm.so+0xcf78f9]  Parse::do_one_block()+0x199
V  [libjvm.so+0xcf7ee5]  Parse::do_all_blocks()+0xe5
V  [libjvm.so+0xcfa5a8]  Parse::Parse(JVMState*, ciMethod*, float)+0x6c8
V  [libjvm.so+0x5738db]  ParseGenerator::generate(JVMState*)+0x8b
V  [libjvm.so+0x730b73]  Parse::do_call()+0x203
V  [libjvm.so+0xcf78f9]  Parse::do_one_block()+0x199
V  [libjvm.so+0xcf7ee5]  Parse::do_all_blocks()+0xe5
V  [libjvm.so+0xcfa5a8]  Parse::Parse(JVMState*, ciMethod*, float)+0x6c8
V  [libjvm.so+0x5738db]  ParseGenerator::generate(JVMState*)+0x8b
V  [libjvm.so+0x730b73]  Parse::do_call()+0x203
V  [libjvm.so+0xcf78f9]  Parse::do_one_block()+0x199
V  [libjvm.so+0xcf7ee5]  Parse::do_all_blocks()+0xe5
V  [libjvm.so+0xcfa5a8]  Parse::Parse(JVMState*, ciMethod*, float)+0x6c8
V  [libjvm.so+0x5738db]  ParseGenerator::generate(JVMState*)+0x8b
V  [libjvm.so+0x730b73]  Parse::do_call()+0x203
V  [libjvm.so+0xcf78f9]  Parse::do_one_block()+0x199
V  [libjvm.so+0xcf7ee5]  Parse::do_all_blocks()+0xe5
V  [libjvm.so+0xcfa5a8]  Parse::Parse(JVMState*, ciMethod*, float)+0x6c8
V  [libjvm.so+0x5738db]  ParseGenerator::generate(JVMState*)+0x8b
V  [libjvm.so+0x730b73]  Parse::do_call()+0x203
V  [libjvm.so+0xcf78f9]  Parse::do_one_block()+0x199
V  [libjvm.so+0xcf7ee5]  Parse::do_all_blocks()+0xe5
V  [libjvm.so+0xcfa5a8]  Parse::Parse(JVMState*, ciMethod*, float)+0x6c8
V  [libjvm.so+0x5738db]  ParseGenerator::generate(JVMState*)+0x8b
V  [libjvm.so+0x730b73]  Parse::do_call()+0x203
V  [libjvm.so+0xcf78f9]  Parse::do_one_block()+0x199
V  [libjvm.so+0xcf7ee5]  Parse::do_all_blocks()+0xe5
V  [libjvm.so+0xcfa5a8]  Parse::Parse(JVMState*, ciMethod*, float)+0x6c8
V  [libjvm.so+0x5738db]  ParseGenerator::generate(JVMState*)+0x8b
V  [libjvm.so+0x730b73]  Parse::do_call()+0x203
V  [libjvm.so+0xcf78f9]  Parse::do_one_block()+0x199
V  [libjvm.so+0xcf7ee5]  Parse::do_all_blocks()+0xe5
V  [libjvm.so+0xcfa5a8]  Parse::Parse(JVMState*, ciMethod*, float)+0x6c8
V  [libjvm.so+0x5738db]  ParseGenerator::generate(JVMState*)+0x8b
V  [libjvm.so+0x730b73]  Parse::do_call()+0x203
V  [libjvm.so+0xcf78f9]  Parse::do_one_block()+0x199
V  [libjvm.so+0xcf7ee5]  Parse::do_all_blocks()+0xe5
V  [libjvm.so+0xcfa5a8]  Parse::Parse(JVMState*, ciMethod*, float)+0x6c8
V  [libjvm.so+0x5738db]  ParseGenerator::generate(JVMState*)+0x8b
V  [libjvm.so+0x576601]  CallGenerator::do_late_inline_helper()+0x5b1
V  [libjvm.so+0x6408d4]  Compile::inline_incrementally(PhaseIterGVN&)+0x774
V  [libjvm.so+0x6442c6]  Compile::Optimize()+0x386
V  [libjvm.so+0x645f7c]  Compile::Compile(ciEnv*, ciMethod*, int, Options, DirectiveSet*)+0xeec
...<more frames>...

siginfo: si_signo: 11 (SIGSEGV), si_code: 1 (SEGV_MAPERR), si_addr: 0x000000000000002c

Registers:
RAX=0x00000000000000b2, RBX=0x0000000000000000, RCX=0x0000000000005604, RDX=0x00007698484e4990
RSP=0x00007698e10f74b8, RBP=0x00007698e10f7510, RSI=0x0000000000000000, RDI=0x0000000000000000
R8 =0x00007698e10f766f, R9 =0x00007698e10f7670, R10=0x0000769919a76ca0, R11=0x000076987439d0c8
R12=0x00007698489efd78, R13=0x000076985006d098, R14=0x000076987439d558, R15=0x0000769848d57f30
RIP=0x00007699192944e0, EFLAGS=0x0000000000010206, CSGSFS=0x002b000000000033, ERR=0x0000000000000004
  TRAPNO=0x000000000000000e


Register to memory mapping:

RAX=0x00000000000000b2 is an unknown value
RBX=0x0 is null
RCX=0x0000000000005604 is an unknown value
RDX=0x00007698484e4990 points into unknown readable memory: 0x00007698489e7e10 | 10 7e 9e 48 98 76 00 00
RSP=0x00007698e10f74b8 is pointing into the stack for thread: 0x0000769868065d50
RBP=0x00007698e10f7510 is pointing into the stack for thread: 0x0000769868065d50
RSI=0x0 is null
RDI=0x0 is null
R8 =0x00007698e10f766f is pointing into the stack for thread: 0x0000769868065d50
R9 =0x00007698e10f7670 is pointing into the stack for thread: 0x0000769868065d50
R10=0x0000769919a76ca0: <offset 0x0000000001476ca0> in /home/mroth/.sdkman/candidates/java/21.0.7-oracle/lib/server/libjvm.so at 0x0000769918600000
R11=0x000076987439d0c8 points into unknown readable memory: 0x00000000000c000b | 0b 00 0c 00 00 00 00 00
R12=0x00007698489efd78 points into unknown readable memory: 0x00007698489efdb8 | b8 fd 9e 48 98 76 00 00
R13=0x000076985006d098 points into unknown readable memory: 0x00007699199ca2f8 | f8 a2 9c 19 99 76 00 00
R14=0x000076987439d558 points into unknown readable memory: 0x00007699199c4198 | 98 41 9c 19 99 76 00 00
R15=0x0000769848d57f30 points into unknown readable memory: 0x00007698e10fdb00 | 00 db 0f e1 98 76 00 00

Top of Stack: (sp=0x00007698e10f74b8)
0x00007698e10f74b8:   0000769918aae20e 00007698e10f7500
0x00007698e10f74c8:   0000769848c91058 00007698e10f7540
0x00007698e10f74d8:   0000769848d580f0 00007698e10f7990
0x00007698e10f74e8:   0000769848d580f0 000076987439c6b8
0x00007698e10f74f8:   0000769848d57f30 00007698e10f7670
0x00007698e10f7508:   000076987439d558 00007698e10f75d0
0x00007698e10f7518:   0000769918aaf40c 00007698e10f766f
0x00007698e10f7528:   0000769918aaf3ae 00007698e10f75d0
0x00007698e10f7538:   0000769918bb6c61 00007698e10f766f
0x00007698e10f7548:   0000000c68066490 0000b8a300000000
0x00007698e10f7558:   0000000000000000 000076980100c6b8
0x00007698e10f7568:   0000769800000000 0000769800000001
0x00007698e10f7578:   00000000000a8090 00007698587bad20
0x00007698e10f7588:   0000769918aaf01b 00007698587bad20
0x00007698e10f7598:   000076987439c6b8 000000e9000000b6
0x00007698e10f75a8:   000000000000b9a4 0000769848d580f0
0x00007698e10f75b8:   0000000000000000 0000769848d57f30
0x00007698e10f75c8:   00007698e10fdb00 00007698e10f7760
0x00007698e10f75d8:   0000769918d2ff1d 0000769868065d50
0x00007698e10f75e8:   00007698e10f78a8 00007698e10f7770
0x00007698e10f75f8:   00007699ffffffff 00007698e10f766f
0x00007698e10f7608:   000000b6930a1268 0000000000000000
0x00007698e10f7618:   0000769919353c01 00000001fffffffc
0x00007698e10f7628:   0000769893486001 00007698e10f7670
0x00007698e10f7638:   000076980000b8a3 0000769800000000
0x00007698e10f7648:   010076993f7fffef 000000000000000c
0x00007698e10f7658:   000076987439d558 0000769868066490
0x00007698e10f7668:   00007698587bad20 0000000000000000
0x00007698e10f7678:   ffffffff0000b8a3 00007698e10f7780
0x00007698e10f7688:   0000000000000000 00007699194affd0
0x00007698e10f7698:   000076985481cdf8 0000769874001f10
0x00007698e10f76a8:   00007698e10fe6b0 0000000000000000 

Instructions: (pc=0x00007699192944e0)
0x00007699192943e0:   39 d2 0f 84 68 ff ff ff 48 8b 16 48 89 10 e9 5d
0x00007699192943f0:   ff ff ff 0f 1f 44 00 00 4c 89 e7 e8 00 e4 ff ff
0x0000769919294400:   49 8b 44 24 10 41 8b 74 24 20 e9 68 ff ff ff 90
0x0000769919294410:   8b 57 1c 85 d2 74 19 48 8b 4f 08 31 c0 eb 0a 90
0x0000769919294420:   48 83 c0 01 48 39 c2 74 07 48 39 34 c1 75 f1 c3
0x0000769919294430:   b8 ff ff ff ff c3 66 2e 0f 1f 84 00 00 00 00 00
0x0000769919294440:   55 48 89 e5 41 57 41 56 41 55 41 54 53 48 83 ec
0x0000769919294450:   18 4c 89 4d c0 48 39 d6 74 6e 89 cb 45 89 c7 44
0x0000769919294460:   39 c1 7d 64 49 89 fd 49 89 f6 49 89 d2 45 31 e4
0x0000769919294470:   eb 0e 66 0f 1f 44 00 00 83 c3 01 41 39 df 74 31
0x0000769919294480:   49 8b 4d 08 89 da 4c 3b 34 d1 75 ec 48 8b 4d c0
0x0000769919294490:   4c 89 d2 89 de 4c 89 ef 83 c3 01 4c 89 55 c8 41
0x00007699192944a0:   83 c4 01 e8 78 4b 08 00 4c 8b 55 c8 41 39 df 75
0x00007699192944b0:   cf 48 83 c4 18 44 89 e0 5b 41 5c 41 5d 41 5e 41
0x00007699192944c0:   5f 5d c3 0f 1f 44 00 00 48 83 c4 18 31 c0 5b 41
0x00007699192944d0:   5c 41 5d 41 5e 41 5f 5d c3 90 66 0f 1f 44 00 00
0x00007699192944e0:   8b 57 2c 48 89 f8 83 e2 1f 83 fa 14 75 30 40 84
0x00007699192944f0:   f6 75 4c 83 78 18 02 75 25 0f 1f 80 00 00 00 00
0x0000769919294500:   8b 50 2c 83 e2 1f 83 fa 14 75 13 48 8b 40 08 48
0x0000769919294510:   8b 40 08 48 85 c0 74 38 83 78 18 02 74 e2 c3 90
0x0000769919294520:   8b 50 2c 83 e2 1f 83 fa 14 75 f3 8b 50 40 85 d2
0x0000769919294530:   75 ec 48 8b 40 08 48 8b 40 08 48 85 c0 74 df 83
0x0000769919294540:   78 18 02 74 db c3 66 2e 0f 1f 84 00 00 00 00 00
0x0000769919294550:   c3 90 66 66 2e 0f 1f 84 00 00 00 00 00 0f 1f 00
0x0000769919294560:   55 48 89 e5 41 56 41 55 41 54 53 48 8b 5f 10 8b
0x0000769919294570:   47 20 4c 8d 34 c3 4c 39 f3 73 35 41 89 f5 eb 09
0x0000769919294580:   48 83 c3 08 4c 39 f3 73 27 4c 8b 23 49 8b 04 24
0x0000769919294590:   4c 89 e7 ff 10 44 39 e8 75 e6 5b 4c 89 e0 41 5c
0x00007699192945a0:   41 5d 41 5e 5d c3 66 2e 0f 1f 84 00 00 00 00 00
0x00007699192945b0:   45 31 e4 5b 4c 89 e0 41 5c 41 5d 41 5e 5d c3 90
0x00007699192945c0:   55 48 89 e5 41 55 41 54 41 89 f4 53 48 83 ec 08
0x00007699192945d0:   48 8b 5f 10 8b 47 20 4c 8d 2c c3 4c 39 eb 72 11 


Stack slot to memory mapping:

stack at sp + 0 slots: 0x0000769918aae20e: <offset 0x00000000004ae20e> in /home/mroth/.sdkman/candidates/java/21.0.7-oracle/lib/server/libjvm.so at 0x0000769918600000
stack at sp + 1 slots: 0x00007698e10f7500 is pointing into the stack for thread: 0x0000769868065d50
stack at sp + 2 slots: 0x0000769848c91058 points into unknown readable memory: 0x0000769874009550 | 50 95 00 74 98 76 00 00
stack at sp + 3 slots: 0x00007698e10f7540 is pointing into the stack for thread: 0x0000769868065d50
stack at sp + 4 slots: 0x0000769848d580f0 points into unknown readable memory: 0x0000769848d57ef0 | f0 7e d5 48 98 76 00 00
stack at sp + 5 slots: 0x00007698e10f7990 is pointing into the stack for thread: 0x0000769868065d50
stack at sp + 6 slots: 0x0000769848d580f0 points into unknown readable memory: 0x0000769848d57ef0 | f0 7e d5 48 98 76 00 00
stack at sp + 7 slots: 0x000076987439c6b8 points into unknown readable memory: 0x00007699199c4198 | 98 41 9c 19 99 76 00 00


---------------  P R O C E S S  ---------------

Threads class SMR info:
_java_thread_list=0x000076985818db60, length=22, elements={
0x00007699140295e0, 0x00007699141467c0, 0x0000769914147e40, 0x00007699141495c0,
0x000076991414abf0, 0x000076991414c180, 0x000076991414dd30, 0x000076991414f3e0,
0x000076991415bb30, 0x000076991415ee60, 0x0000769868034300, 0x00007698640e2d50,
0x00007698640eab90, 0x00007698640ec590, 0x0000769868064a10, 0x0000769868065d50,
0x00007699146df940, 0x00007699146e15d0, 0x00007698680bcc90, 0x000076985c07ec60,
0x0000769850177dd0, 0x000076985829d8e0
}

Java Threads: ( => current thread )
  0x00007699140295e0 JavaThread "main"                              [_thread_in_Java, id=4760, stack(0x0000769918500000,0x0000769918600000) (1024K)]
  0x00007699141467c0 JavaThread "Reference Handler"          daemon [_thread_blocked, id=4768, stack(0x00007698f0dc6000,0x00007698f0ec6000) (1024K)]
  0x0000769914147e40 JavaThread "Finalizer"                  daemon [_thread_blocked, id=4769, stack(0x00007698f0cc6000,0x00007698f0dc6000) (1024K)]
  0x00007699141495c0 JavaThread "Signal Dispatcher"          daemon [_thread_blocked, id=4770, stack(0x00007698f0bc6000,0x00007698f0cc6000) (1024K)]
  0x000076991414abf0 JavaThread "Service Thread"             daemon [_thread_blocked, id=4771, stack(0x00007698f0ac6000,0x00007698f0bc6000) (1024K)]
  0x000076991414c180 JavaThread "Monitor Deflation Thread"   daemon [_thread_blocked, id=4772, stack(0x00007698f09c6000,0x00007698f0ac6000) (1024K)]
  0x000076991414dd30 JavaThread "C2 CompilerThread0"         daemon [_thread_blocked, id=4773, stack(0x00007698f08c6000,0x00007698f09c6000) (1024K)]
  0x000076991414f3e0 JavaThread "C1 CompilerThread0"         daemon [_thread_blocked, id=4774, stack(0x00007698f07c6000,0x00007698f08c6000) (1024K)]
  0x000076991415bb30 JavaThread "Notification Thread"        daemon [_thread_blocked, id=4775, stack(0x00007698f05f6000,0x00007698f06f6000) (1024K)]
  0x000076991415ee60 JavaThread "Common-Cleaner"             daemon [_thread_blocked, id=4776, stack(0x00007698f04f6000,0x00007698f05f6000) (1024K)]
  0x0000769868034300 JavaThread "C1 CompilerThread1"         daemon [_thread_blocked, id=4777, stack(0x00007698f03f6000,0x00007698f04f6000) (1024K)]
  0x00007698640e2d50 JavaThread "C2 CompilerThread1"         daemon [_thread_blocked, id=4778, stack(0x00007698f02f6000,0x00007698f03f6000) (1024K)]
  0x00007698640eab90 JavaThread "C1 CompilerThread2"         daemon [_thread_blocked, id=4779, stack(0x00007698f01f6000,0x00007698f02f6000) (1024K)]
  0x00007698640ec590 JavaThread "C1 CompilerThread3"         daemon [_thread_blocked, id=4780, stack(0x00007698f00f6000,0x00007698f01f6000) (1024K)]
  0x0000769868064a10 JavaThread "C2 CompilerThread2"         daemon [_thread_in_native, id=4781, stack(0x00007698e1100000,0x00007698e1200000) (1024K)]
=>0x0000769868065d50 JavaThread "C2 CompilerThread3"         daemon [_thread_in_native, id=4782, stack(0x00007698e1000000,0x00007698e1100000) (1024K)]
  0x00007699146df940 JavaThread "ForkJoinPool.commonPool-worker-1" daemon [_thread_blocked, id=4794, stack(0x00007698e03f5000,0x00007698e04f5000) (1024K)]
  0x00007699146e15d0 JavaThread "ForkJoinPool.commonPool-worker-2" daemon [_thread_blocked, id=4795, stack(0x00007698e02f5000,0x00007698e03f5000) (1024K)]
  0x00007698680bcc90 JavaThread "C2 CompilerThread4"         daemon [_thread_in_native, id=4796, stack(0x00007698e01f5000,0x00007698e02f5000) (1024K)]
  0x000076985c07ec60 JavaThread "C2 CompilerThread5"         daemon [_thread_in_native, id=4797, stack(0x00007698e00f5000,0x00007698e01f5000) (1024K)]
  0x0000769850177dd0 JavaThread "C2 CompilerThread6"         daemon [_thread_in_native, id=4803, stack(0x000076988ef00000,0x000076988f000000) (1024K)]
  0x000076985829d8e0 JavaThread "C2 CompilerThread7"         daemon [_thread_in_native, id=4804, stack(0x000076988ecde000,0x000076988edde000) (1024K)]
Total: 22

Other Threads:
  0x000076991413d6c0 VMThread "VM Thread"                           [id=4767, stack(0x00007698f0ec7000,0x00007698f0fc7000) (1024K)]
  0x000076991412b5e0 WatcherThread "VM Periodic Task Thread"        [id=4766, stack(0x00007698f0fc8000,0x00007698f10c8000) (1024K)]
  0x00007699140551a0 WorkerThread "GC Thread#0"                     [id=4761, stack(0x00007698f22b6000,0x00007698f23b6000) (1024K)]
  0x0000769888009410 WorkerThread "GC Thread#1"                     [id=4783, stack(0x00007698e0f00000,0x00007698e1000000) (1024K)]
  0x0000769888009ef0 WorkerThread "GC Thread#2"                     [id=4784, stack(0x00007698e0dff000,0x00007698e0eff000) (1024K)]
  0x000076988800a9d0 WorkerThread "GC Thread#3"                     [id=4785, stack(0x00007698e0cfe000,0x00007698e0dfe000) (1024K)]
  0x000076988800b4b0 WorkerThread "GC Thread#4"                     [id=4786, stack(0x00007698e0bfd000,0x00007698e0cfd000) (1024K)]
  0x000076988800bf90 WorkerThread "GC Thread#5"                     [id=4787, stack(0x00007698e0afc000,0x00007698e0bfc000) (1024K)]
  0x000076988800caa0 WorkerThread "GC Thread#6"                     [id=4788, stack(0x00007698e09fb000,0x00007698e0afb000) (1024K)]
  0x000076988800d5b0 WorkerThread "GC Thread#7"                     [id=4789, stack(0x00007698e08fa000,0x00007698e09fa000) (1024K)]
  0x000076988800e0e0 WorkerThread "GC Thread#8"                     [id=4790, stack(0x00007698e07f9000,0x00007698e08f9000) (1024K)]
  0x000076988800ec30 WorkerThread "GC Thread#9"                     [id=4791, stack(0x00007698e06f8000,0x00007698e07f8000) (1024K)]
  0x000076988800f780 WorkerThread "GC Thread#10"                    [id=4792, stack(0x00007698e05f7000,0x00007698e06f7000) (1024K)]
  0x00007698880102d0 WorkerThread "GC Thread#11"                    [id=4793, stack(0x00007698e04f6000,0x00007698e05f6000) (1024K)]
  0x000076988801dc10 WorkerThread "GC Thread#12"                    [id=4802, stack(0x000076988e8e2000,0x000076988e9e2000) (1024K)]
  0x00007699140661d0 ConcurrentGCThread "G1 Main Marker"            [id=4762, stack(0x00007698f21b5000,0x00007698f22b5000) (1024K)]
  0x0000769914067170 WorkerThread "G1 Conc#0"                       [id=4763, stack(0x00007698f20b4000,0x00007698f21b4000) (1024K)]
  0x00007698e4000d90 WorkerThread "G1 Conc#1"                       [id=4800, stack(0x000076988ee00000,0x000076988ef00000) (1024K)]
  0x00007698e40018b0 WorkerThread "G1 Conc#2"                       [id=4801, stack(0x000076988ebde000,0x000076988ecde000) (1024K)]
  0x0000769914110a50 ConcurrentGCThread "G1 Refine#0"               [id=4764, stack(0x00007698f12a6000,0x00007698f13a6000) (1024K)]
  0x0000769914111a00 ConcurrentGCThread "G1 Service"                [id=4765, stack(0x00007698f11a5000,0x00007698f12a5000) (1024K)]
Total: 21

Threads with active compile tasks:
C2 CompilerThread2     2353 5969       4       de.crash.the.jvm.srv.gen.CrashTheJvm$ColumnDefinition::description (33 bytes)
C2 CompilerThread3     2353 5968       4       java.lang.invoke.LambdaForm$MH/0x0000769894374000::invoke (42 bytes)
C2 CompilerThread4     2353 5939       4       de.crash.the.jvm.srv.gen.CrashTheJvm$_Configuration::get (76 bytes)
C2 CompilerThread5     2353 5966       4       de.crash.the.jvm.srv.gen.CrashTheJvm$_ConfScope::fromEnvironment (29 bytes)
C2 CompilerThread6     2353 5967       4       de.crash.the.jvm.srv.gen.CrashTheJvm$_Lib::getProp (13 bytes)
C2 CompilerThread7     2353 5934       4       de.crash.the.jvm.srv.gen.CrashTheJvm$_ConfScope::<init> (180 bytes)
Total: 6

VM state: not at safepoint (normal execution)

VM Mutex/Monitor currently owned by a thread: None

Heap address: 0x000000060c000000, size: 8000 MB, Compressed Oops mode: Zero based, Oop shift amount: 3

CDS archive(s) mapped at: [0x0000769893000000-0x0000769893cab000-0x0000769893cab000), size 13283328, SharedBaseAddress: 0x0000769893000000, ArchiveRelocationMode: 1.
Compressed class space mapped at: 0x0000769894000000-0x00007698d4000000, reserved size: 1073741824
Narrow klass base: 0x0000769893000000, Narrow klass shift: 0, Narrow klass range: 0x100000000

GC Precious Log:
 CardTable entry size: 512
 Card Set container configuration: InlinePtr #cards 4 size 8 Array Of Cards #cards 32 size 80 Howl #buckets 8 coarsen threshold 7372 Howl Bitmap #cards 1024 size 144 coarsen threshold 921 Card regions per heap region 1 cards per card region 8192
 CPUs: 16 total, 16 available
 Memory: 31999M
 Large Page Support: Disabled
 NUMA Support: Disabled
 Compressed Oops: Enabled (Zero based)
 Heap Region Size: 4M
 Heap Min Capacity: 8M
 Heap Initial Capacity: 500M
 Heap Max Capacity: 8000M
 Pre-touch: Disabled
 Parallel Workers: 13
 Concurrent Workers: 3
 Concurrent Refinement Workers: 13
 Periodic GC: Disabled

Heap:
 garbage-first heap   total 114688K, used 48367K [0x000000060c000000, 0x0000000800000000)
  region size 4096K, 8 young (32768K), 1 survivors (4096K)
 Metaspace       used 28161K, committed 28800K, reserved 1114112K
  class space    used 3127K, committed 3456K, reserved 1048576K

Heap Regions: E=young(eden), S=young(survivor), O=old, HS=humongous(starts), HC=humongous(continues), CS=collection set, F=free, TAMS=top-at-mark-start, PB=parsable bottom
|   0|0x000000060c000000, 0x000000060c400000, 0x000000060c400000|100%| O|  |TAMS 0x000000060c000000| PB 0x000000060c000000| Untracked 
|   1|0x000000060c400000, 0x000000060c400000, 0x000000060c800000|  0%| F|  |TAMS 0x000000060c400000| PB 0x000000060c400000| Untracked 
|   2|0x000000060c800000, 0x000000060cc00000, 0x000000060cc00000|100%| O|  |TAMS 0x000000060c800000| PB 0x000000060c800000| Untracked 
|   3|0x000000060cc00000, 0x000000060d000000, 0x000000060d000000|100%| O|  |TAMS 0x000000060cc00000| PB 0x000000060cc00000| Untracked 
|   4|0x000000060d000000, 0x000000060d400000, 0x000000060d400000|100%| O|  |TAMS 0x000000060d000000| PB 0x000000060d000000| Untracked 
|   5|0x000000060d400000, 0x000000060d7b2fa8, 0x000000060d800000| 92%| O|  |TAMS 0x000000060d400000| PB 0x000000060d400000| Untracked 
|   6|0x000000060d800000, 0x000000060d800000, 0x000000060dc00000|  0%| F|  |TAMS 0x000000060d800000| PB 0x000000060d800000| Untracked 
|   7|0x000000060dc00000, 0x000000060dc00000, 0x000000060e000000|  0%| F|  |TAMS 0x000000060dc00000| PB 0x000000060dc00000| Untracked 
|   8|0x000000060e000000, 0x000000060e000000, 0x000000060e400000|  0%| F|  |TAMS 0x000000060e000000| PB 0x000000060e000000| Untracked 
|   9|0x000000060e400000, 0x000000060e400000, 0x000000060e800000|  0%| F|  |TAMS 0x000000060e400000| PB 0x000000060e400000| Untracked 
|  10|0x000000060e800000, 0x000000060ea7b680, 0x000000060ec00000| 62%| S|CS|TAMS 0x000000060e800000| PB 0x000000060e800000| Complete 
|  11|0x000000060ec00000, 0x000000060ec00000, 0x000000060f000000|  0%| F|  |TAMS 0x000000060ec00000| PB 0x000000060ec00000| Untracked 
|  12|0x000000060f000000, 0x000000060f000000, 0x000000060f400000|  0%| F|  |TAMS 0x000000060f000000| PB 0x000000060f000000| Untracked 
|  13|0x000000060f400000, 0x000000060f400000, 0x000000060f800000|  0%| F|  |TAMS 0x000000060f400000| PB 0x000000060f400000| Untracked 
|  14|0x000000060f800000, 0x000000060f800000, 0x000000060fc00000|  0%| F|  |TAMS 0x000000060f800000| PB 0x000000060f800000| Untracked 
|  15|0x000000060fc00000, 0x000000060fc00000, 0x0000000610000000|  0%| F|  |TAMS 0x000000060fc00000| PB 0x000000060fc00000| Untracked 
|  16|0x0000000610000000, 0x0000000610000000, 0x0000000610400000|  0%| F|  |TAMS 0x0000000610000000| PB 0x0000000610000000| Untracked 
|  17|0x0000000610400000, 0x0000000610400000, 0x0000000610800000|  0%| F|  |TAMS 0x0000000610400000| PB 0x0000000610400000| Untracked 
|  18|0x0000000610800000, 0x0000000610800000, 0x0000000610c00000|  0%| F|  |TAMS 0x0000000610800000| PB 0x0000000610800000| Untracked 
|  19|0x0000000610c00000, 0x0000000610c00000, 0x0000000611000000|  0%| F|  |TAMS 0x0000000610c00000| PB 0x0000000610c00000| Untracked 
|  20|0x0000000611000000, 0x00000006111d6230, 0x0000000611400000| 45%| E|  |TAMS 0x0000000611000000| PB 0x0000000611000000| Complete 
|  21|0x0000000611400000, 0x0000000611800000, 0x0000000611800000|100%| E|CS|TAMS 0x0000000611400000| PB 0x0000000611400000| Complete 
|  22|0x0000000611800000, 0x0000000611c00000, 0x0000000611c00000|100%| E|CS|TAMS 0x0000000611800000| PB 0x0000000611800000| Complete 
| 107|0x0000000626c00000, 0x0000000627000000, 0x0000000627000000|100%| E|CS|TAMS 0x0000000626c00000| PB 0x0000000626c00000| Complete 
| 108|0x0000000627000000, 0x0000000627400000, 0x0000000627400000|100%| E|CS|TAMS 0x0000000627000000| PB 0x0000000627000000| Complete 
| 109|0x0000000627400000, 0x0000000627800000, 0x0000000627800000|100%| E|CS|TAMS 0x0000000627400000| PB 0x0000000627400000| Complete 
| 124|0x000000062b000000, 0x000000062b400000, 0x000000062b400000|100%| E|CS|TAMS 0x000000062b000000| PB 0x000000062b000000| Complete 
|1999|0x00000007ffc00000, 0x00000007ffd0d908, 0x0000000800000000| 26%| O|  |TAMS 0x00000007ffc00000| PB 0x00000007ffc00000| Untracked 

Card table byte_map: [0x00007698fa0b6000,0x00007698fb056000] _byte_map_base: 0x00007698f7056000

Marking Bits: (CMBitMap*) 0x0000769914055cc0
 Bits: [0x00007698f23b6000, 0x00007698fa0b6000)

Polling page: 0x0000769919f0d000

Metaspace:

Usage:
  Non-class:     24.45 MB used.
      Class:      3.05 MB used.
       Both:     27.50 MB used.

Virtual space:
  Non-class space:       64.00 MB reserved,      24.75 MB ( 39%) committed,  1 nodes.
      Class space:        1.00 GB reserved,       3.38 MB ( <1%) committed,  1 nodes.
             Both:        1.06 GB reserved,      28.12 MB (  3%) committed. 

Chunk freelists:
   Non-Class:  6.56 MB
       Class:  12.51 MB
        Both:  19.07 MB

MaxMetaspaceSize: unlimited
CompressedClassSpaceSize: 1.00 GB
Initial GC threshold: 21.00 MB
Current GC threshold: 35.25 MB
CDS: on
 - commit_granule_bytes: 65536.
 - commit_granule_words: 8192.
 - virtual_space_node_default_size: 8388608.
 - enlarge_chunks_in_place: 1.
 - use_allocation_guard: 0.


Internal statistics:

num_allocs_failed_limit: 3.
num_arena_births: 902.
num_arena_deaths: 0.
num_vsnodes_births: 2.
num_vsnodes_deaths: 0.
num_space_committed: 450.
num_space_uncommitted: 0.
num_chunks_returned_to_freelist: 3.
num_chunks_taken_from_freelist: 1990.
num_chunk_merges: 3.
num_chunk_splits: 1316.
num_chunks_enlarged: 820.
num_inconsistent_stats: 0.

CodeHeap 'non-profiled nmethods': size=119168Kb used=3743Kb max_used=3743Kb free=115424Kb
 bounds [0x00007699045a0000, 0x0000769904950000, 0x000076990ba00000]
CodeHeap 'profiled nmethods': size=119164Kb used=13345Kb max_used=13345Kb free=105818Kb
 bounds [0x00007698fca00000, 0x00007698fd710000, 0x0000769903e5f000]
CodeHeap 'non-nmethods': size=7428Kb used=3638Kb max_used=3674Kb free=3789Kb
 bounds [0x0000769903e5f000, 0x00007699041ff000, 0x00007699045a0000]
 total_blobs=6728 nmethods=6017 adapters=610
 compilation: enabled
              stopped_count=0, restarted_count=0
 full_count=0

Compilation events (20 events):
Event: 2.317 Thread 0x00007698640eab90 5994       3       java.nio.CharBuffer::limit (6 bytes)
Event: 2.317 Thread 0x00007698640ec590 5998       3       sun.nio.cs.StreamDecoder::implRead (232 bytes)
Event: 2.317 Thread 0x000076991414f3e0 5995       3       java.io.InputStreamReader::read (11 bytes)
Event: 2.317 Thread 0x0000769868034300 nmethod 5993 0x00007698fd6ef390 code [0x00007698fd6ef540, 0x00007698fd6ef6f8]
Event: 2.317 Thread 0x00007698640eab90 nmethod 5994 0x00007698fd6ef790 code [0x00007698fd6ef940, 0x00007698fd6efae8]
Event: 2.317 Thread 0x00007698640eab90 5996   !   3       sun.nio.cs.StreamDecoder::read (78 bytes)
Event: 2.317 Thread 0x0000769868034300 5997       3       sun.nio.cs.StreamDecoder::lockedRead (189 bytes)
Event: 2.317 Thread 0x000076991414f3e0 nmethod 5995 0x00007698fd6efb90 code [0x00007698fd6efd40, 0x00007698fd6efe98]
Event: 2.317 Thread 0x000076991414f3e0 5999   !   3       java.nio.CharBuffer::wrap (21 bytes)
Event: 2.318 Thread 0x000076991414f3e0 nmethod 5999 0x00007698fd6eff90 code [0x00007698fd6f0160, 0x00007698fd6f0408]
Event: 2.318 Thread 0x000076991414f3e0 6000       3       java.nio.HeapCharBuffer::<init> (23 bytes)
Event: 2.318 Thread 0x000076991414f3e0 nmethod 6000 0x00007698fd6f0590 code [0x00007698fd6f0740, 0x00007698fd6f08c0]
Event: 2.318 Thread 0x000076991414f3e0 6001       3       java.nio.HeapByteBuffer::compact (85 bytes)
Event: 2.318 Thread 0x00007698640eab90 nmethod 5996 0x00007698fd6f0990 code [0x00007698fd6f0c40, 0x00007698fd6f1b68]
Event: 2.318 Thread 0x0000769868034300 nmethod 5997 0x00007698fd6f2090 code [0x00007698fd6f2300, 0x00007698fd6f2dd0]
Event: 2.318 Thread 0x000076991414f3e0 nmethod 6001 0x00007698fd6f3110 code [0x00007698fd6f3300, 0x00007698fd6f3910]
Event: 2.318 Thread 0x00007698640ec590 nmethod 5998 0x00007698fd6f3b10 code [0x00007698fd6f3dc0, 0x00007698fd6f4af8]
Event: 2.320 Thread 0x0000769868034300 6002       3       org.apache.velocity.runtime.parser.StandardParserTokenManager::jjMoveStringLiteralDfa0_1 (92 bytes)
Event: 2.320 Thread 0x0000769868034300 nmethod 6002 0x00007698fd6f4f90 code [0x00007698fd6f5180, 0x00007698fd6f55a0]
Event: 2.322 Thread 0x0000769868034300 6003   !   3       java.io.FileInputStream::read (32 bytes)

GC Heap History (12 events):
Event: 0.329 GC heap before
{Heap before GC invocations=0 (full 0):
 garbage-first heap   total 516096K, used 25654K [0x000000060c000000, 0x0000000800000000)
  region size 4096K, 6 young (24576K), 0 survivors (0K)
 Metaspace       used 8628K, committed 8832K, reserved 1114112K
  class space    used 862K, committed 960K, reserved 1048576K
}
Event: 0.331 GC heap after
{Heap after GC invocations=1 (full 0):
 garbage-first heap   total 516096K, used 6466K [0x000000060c000000, 0x0000000800000000)
  region size 4096K, 1 young (4096K), 1 survivors (4096K)
 Metaspace       used 8628K, committed 8832K, reserved 1114112K
  class space    used 862K, committed 960K, reserved 1048576K
}
Event: 0.404 GC heap before
{Heap before GC invocations=1 (full 0):
 garbage-first heap   total 516096K, used 26946K [0x000000060c000000, 0x0000000800000000)
  region size 4096K, 6 young (24576K), 1 survivors (4096K)
 Metaspace       used 10370K, committed 10624K, reserved 1114112K
  class space    used 1030K, committed 1152K, reserved 1048576K
}
Event: 0.407 GC heap after
{Heap after GC invocations=2 (full 0):
 garbage-first heap   total 516096K, used 9685K [0x000000060c000000, 0x0000000800000000)
  region size 4096K, 1 young (4096K), 1 survivors (4096K)
 Metaspace       used 10370K, committed 10624K, reserved 1114112K
  class space    used 1030K, committed 1152K, reserved 1048576K
}
Event: 0.677 GC heap before
{Heap before GC invocations=2 (full 0):
 garbage-first heap   total 516096K, used 54741K [0x000000060c000000, 0x0000000800000000)
  region size 4096K, 12 young (49152K), 1 survivors (4096K)
 Metaspace       used 13947K, committed 14144K, reserved 1114112K
  class space    used 1591K, committed 1664K, reserved 1048576K
}
Event: 0.680 GC heap after
{Heap after GC invocations=3 (full 0):
 garbage-first heap   total 516096K, used 11536K [0x000000060c000000, 0x0000000800000000)
  region size 4096K, 2 young (8192K), 2 survivors (8192K)
 Metaspace       used 13947K, committed 14144K, reserved 1114112K
  class space    used 1591K, committed 1664K, reserved 1048576K
}
Event: 1.048 GC heap before
{Heap before GC invocations=3 (full 0):
 garbage-first heap   total 516096K, used 60688K [0x000000060c000000, 0x0000000800000000)
  region size 4096K, 15 young (61440K), 2 survivors (8192K)
 Metaspace       used 21130K, committed 21504K, reserved 1114112K
  class space    used 2433K, committed 2624K, reserved 1048576K
}
Event: 1.052 GC heap after
{Heap after GC invocations=4 (full 0):
 garbage-first heap   total 516096K, used 15601K [0x000000060c000000, 0x0000000800000000)
  region size 4096K, 3 young (12288K), 3 survivors (12288K)
 Metaspace       used 21130K, committed 21504K, reserved 1114112K
  class space    used 2433K, committed 2624K, reserved 1048576K
}
Event: 1.905 GC heap before
{Heap before GC invocations=5 (full 0):
 garbage-first heap   total 98304K, used 89329K [0x000000060c000000, 0x0000000800000000)
  region size 4096K, 21 young (86016K), 3 survivors (12288K)
 Metaspace       used 27925K, committed 28608K, reserved 1114112K
  class space    used 3126K, committed 3456K, reserved 1048576K
}
Event: 1.913 GC heap after
{Heap after GC invocations=6 (full 0):
 garbage-first heap   total 114688K, used 22591K [0x000000060c000000, 0x0000000800000000)
  region size 4096K, 4 young (16384K), 4 survivors (16384K)
 Metaspace       used 27925K, committed 28608K, reserved 1114112K
  class space    used 3126K, committed 3456K, reserved 1048576K
}
Event: 2.230 GC heap before
{Heap before GC invocations=6 (full 0):
 garbage-first heap   total 114688K, used 71743K [0x000000060c000000, 0x0000000800000000)
  region size 4096K, 16 young (65536K), 4 survivors (16384K)
 Metaspace       used 28027K, committed 28672K, reserved 1114112K
  class space    used 3127K, committed 3456K, reserved 1048576K
}
Event: 2.236 GC heap after
{Heap after GC invocations=7 (full 0):
 garbage-first heap   total 114688K, used 23791K [0x000000060c000000, 0x0000000800000000)
  region size 4096K, 1 young (4096K), 1 survivors (4096K)
 Metaspace       used 28027K, committed 28672K, reserved 1114112K
  class space    used 3127K, committed 3456K, reserved 1048576K
}

Dll operation events (9 events):
Event: 0.001 Loaded shared library /home/mroth/.sdkman/candidates/java/21.0.7-oracle/lib/libjava.so
Event: 0.020 Loaded shared library /home/mroth/.sdkman/candidates/java/21.0.7-oracle/lib/libjsvml.so
Event: 0.025 Loaded shared library /home/mroth/.sdkman/candidates/java/21.0.7-oracle/lib/libnio.so
Event: 0.027 Loaded shared library /home/mroth/.sdkman/candidates/java/21.0.7-oracle/lib/libzip.so
Event: 0.055 Loaded shared library /home/mroth/.sdkman/candidates/java/21.0.7-oracle/lib/libverify.so
Event: 0.069 Loaded shared library /home/mroth/.sdkman/candidates/java/21.0.7-oracle/lib/libjimage.so
Event: 0.360 Loaded shared library /home/mroth/.sdkman/candidates/java/21.0.7-oracle/lib/libnet.so
Event: 1.039 Loaded shared library /home/mroth/.sdkman/candidates/java/21.0.7-oracle/lib/libmanagement.so
Event: 1.039 Loaded shared library /home/mroth/.sdkman/candidates/java/21.0.7-oracle/lib/libmanagement_ext.so

Deoptimization events (20 events):
Event: 2.048 Thread 0x00007699140295e0 DEOPT PACKING pc=0x00007699048513c0 sp=0x00007699185fb6a0
Event: 2.048 Thread 0x00007699140295e0 DEOPT UNPACKING pc=0x0000769903eb2f99 sp=0x00007699185fb628 mode 2
Event: 2.262 Thread 0x00007699140295e0 DEOPT PACKING pc=0x00007699048d0324 sp=0x00007699185fc8e0
Event: 2.262 Thread 0x00007699140295e0 DEOPT UNPACKING pc=0x0000769903eb372f sp=0x00007699185fb9b0 mode 0
Event: 2.263 Thread 0x00007699140295e0 DEOPT PACKING pc=0x00007699048c449c sp=0x00007699185fc580
Event: 2.263 Thread 0x00007699140295e0 DEOPT UNPACKING pc=0x0000769903eb372f sp=0x00007699185fb1a0 mode 0
Event: 2.263 Thread 0x00007699140295e0 DEOPT PACKING pc=0x00007699048e02dc sp=0x00007699185fbc70
Event: 2.263 Thread 0x00007699140295e0 DEOPT UNPACKING pc=0x0000769903eb372f sp=0x00007699185faa58 mode 0
Event: 2.263 Thread 0x00007699140295e0 DEOPT PACKING pc=0x00007699048caa70 sp=0x00007699185fb520
Event: 2.263 Thread 0x00007699140295e0 DEOPT UNPACKING pc=0x0000769903eb372f sp=0x00007699185fa368 mode 0
Event: 2.264 Thread 0x00007699140295e0 DEOPT PACKING pc=0x00007699048eb8dc sp=0x00007699185fae30
Event: 2.264 Thread 0x00007699140295e0 DEOPT UNPACKING pc=0x0000769903eb372f sp=0x00007699185f9c70 mode 0
Event: 2.264 Thread 0x00007699140295e0 DEOPT PACKING pc=0x00007699048c7bdc sp=0x00007699185fafa0
Event: 2.264 Thread 0x00007699140295e0 DEOPT UNPACKING pc=0x0000769903eb372f sp=0x00007699185f9de0 mode 0
Event: 2.264 Thread 0x00007699140295e0 DEOPT PACKING pc=0x00007699048f7c8c sp=0x00007699185fab90
Event: 2.264 Thread 0x00007699140295e0 DEOPT UNPACKING pc=0x0000769903eb372f sp=0x00007699185f9d38 mode 0
Event: 2.264 Thread 0x00007699140295e0 DEOPT PACKING pc=0x00007699048e8f28 sp=0x00007699185fbd40
Event: 2.264 Thread 0x00007699140295e0 DEOPT UNPACKING pc=0x0000769903eb372f sp=0x00007699185faee0 mode 0
Event: 2.265 Thread 0x00007699140295e0 DEOPT PACKING pc=0x00007699048f0490 sp=0x00007699185fc5f0
Event: 2.265 Thread 0x00007699140295e0 DEOPT UNPACKING pc=0x0000769903eb372f sp=0x00007699185fb2b8 mode 0

Classes loaded (20 events):
Event: 1.315 Loading class java/lang/BooleanBeanInfo
Event: 1.315 Loading class java/lang/BooleanBeanInfo done
Event: 1.315 Loading class java/lang/BooleanBeanInfo
Event: 1.315 Loading class java/lang/BooleanBeanInfo done
Event: 1.316 Loading class java/lang/BooleanCustomizer
Event: 1.316 Loading class java/lang/BooleanCustomizer done
Event: 1.316 Loading class java/lang/BooleanCustomizer
Event: 1.316 Loading class java/lang/BooleanCustomizer done
Event: 1.331 Loading class java/io/FilterWriter
Event: 1.331 Loading class java/io/FilterWriter done
Event: 1.344 Loading class java/lang/StringBeanInfo
Event: 1.344 Loading class java/lang/StringBeanInfo done
Event: 1.344 Loading class java/lang/StringBeanInfo
Event: 1.344 Loading class java/lang/StringBeanInfo done
Event: 1.344 Loading class java/lang/StringCustomizer
Event: 1.344 Loading class java/lang/StringCustomizer done
Event: 1.344 Loading class java/lang/StringCustomizer
Event: 1.344 Loading class java/lang/StringCustomizer done
Event: 1.372 Loading class java/lang/StringIndexOutOfBoundsException
Event: 1.372 Loading class java/lang/StringIndexOutOfBoundsException done

Classes unloaded (0 events):
No events

Classes redefined (0 events):
No events

Internal exceptions (20 events):
Event: 1.327 Thread 0x00007699140295e0 Exception <a 'java/lang/ClassNotFoundException'{0x000000060f32f3e8}: org/apache/commons/configuration2/event/BaseEventSourceBeanInfo> (0x000000060f32f3e8) 
thrown [open/src/hotspot/share/classfile/systemDictionary.cpp, line 312]
Event: 1.327 Thread 0x00007699140295e0 Exception <a 'java/lang/ClassNotFoundException'{0x000000060f336f30}: org/apache/commons/configuration2/event/BaseEventSourceCustomizer> (0x000000060f336f30) 
thrown [open/src/hotspot/share/classfile/systemDictionary.cpp, line 312]
Event: 1.328 Thread 0x00007699140295e0 Exception <a 'java/lang/ClassNotFoundException'{0x000000060f351300}: org/apache/commons/configuration2/AbstractConfigurationCustomizer> (0x000000060f351300) 
thrown [open/src/hotspot/share/classfile/systemDictionary.cpp, line 312]
Event: 1.329 Thread 0x00007699140295e0 Exception <a 'java/lang/ClassNotFoundException'{0x000000060f39d600}: org/apache/commons/configuration2/BaseConfigurationCustomizer> (0x000000060f39d600) 
thrown [open/src/hotspot/share/classfile/systemDictionary.cpp, line 312]
Event: 1.330 Thread 0x00007699140295e0 Exception <a 'java/lang/ClassNotFoundException'{0x000000060f3b1ea8}: org/apache/commons/configuration2/PropertiesConfigurationCustomizer> (0x000000060f3b1ea8) 
thrown [open/src/hotspot/share/classfile/systemDictionary.cpp, line 312]
Event: 1.341 Thread 0x00007699140295e0 Exception <a 'java/lang/ClassNotFoundException'{0x000000060eceb0c0}: org/apache/commons/configuration2/convert/DisabledListDelimiterHandlerBeanInfo> (0x000000060eceb0c0) 
thrown [open/src/hotspot/share/classfile/systemDictionary.cpp, line 312]
Event: 1.341 Thread 0x00007699140295e0 Exception <a 'java/lang/ClassNotFoundException'{0x000000060ecf3160}: org/apache/commons/configuration2/convert/AbstractListDelimiterHandlerBeanInfo> (0x000000060ecf3160) 
thrown [open/src/hotspot/share/classfile/systemDictionary.cpp, line 312]
Event: 1.341 Thread 0x00007699140295e0 Exception <a 'java/lang/ClassNotFoundException'{0x000000060ecfb2d0}: org/apache/commons/configuration2/convert/AbstractListDelimiterHandlerCustomizer> (0x000000060ecfb2d0) 
thrown [open/src/hotspot/share/classfile/systemDictionary.cpp, line 312]
Event: 1.342 Thread 0x00007699140295e0 Exception <a 'java/lang/ClassNotFoundException'{0x000000060ed08310}: org/apache/commons/configuration2/convert/DisabledListDelimiterHandlerCustomizer> (0x000000060ed08310) 
thrown [open/src/hotspot/share/classfile/systemDictionary.cpp, line 312]
Event: 1.342 Thread 0x00007699140295e0 Implicit null exception at 0x00007699047f20f4 to 0x00007699047f2444
Event: 1.344 Thread 0x00007699140295e0 Exception <a 'java/lang/ClassNotFoundException'{0x000000060ed3cce8}: java/lang/StringBeanInfo> (0x000000060ed3cce8) 
thrown [open/src/hotspot/share/classfile/systemDictionary.cpp, line 312]
Event: 1.344 Thread 0x00007699140295e0 Exception <a 'java/lang/ClassNotFoundException'{0x000000060ed41ab8}: java/lang/StringCustomizer> (0x000000060ed41ab8) 
thrown [open/src/hotspot/share/classfile/systemDictionary.cpp, line 312]
Event: 1.349 Thread 0x00007699140295e0 Exception <a 'java/lang/NoSuchMethodError'{0x000000060eda5600}: 'void java.lang.invoke.DirectMethodHandle$Holder.invokeInterface(java.lang.Object, java.lang.Object, java.lang.Object, java.lang.Object)'> (0x000000060eda5600) 
thrown [open/src/hotspot/share/interpreter/linkResolver.cpp, line 772]
Event: 1.349 Thread 0x00007699140295e0 Implicit null exception at 0x00007699047fee4b to 0x00007699047ff170
Event: 1.367 Thread 0x00007699140295e0 Exception <a 'java/lang/ClassNotFoundException'{0x000000060ef3b5e8}: org/codehaus/groovy/util/HashCodeHelperBeanInfo> (0x000000060ef3b5e8) 
thrown [open/src/hotspot/share/classfile/systemDictionary.cpp, line 312]
Event: 1.367 Thread 0x00007699140295e0 Exception <a 'java/lang/ClassNotFoundException'{0x000000060ef42a70}: org/codehaus/groovy/util/HashCodeHelperCustomizer> (0x000000060ef42a70) 
thrown [open/src/hotspot/share/classfile/systemDictionary.cpp, line 312]
Event: 1.368 Thread 0x00007699140295e0 Exception <a 'java/lang/NoSuchMethodError'{0x000000060ef4f618}: 'int java.lang.invoke.DirectMethodHandle$Holder.invokeStaticInit(java.lang.Object)'> (0x000000060ef4f618) 
thrown [open/src/hotspot/share/interpreter/linkResolver.cpp, line 772]
Event: 1.368 Thread 0x00007699140295e0 Exception <a 'java/lang/NoSuchMethodError'{0x000000060ef52c20}: 'int java.lang.invoke.DelegatingMethodHandle$Holder.reinvoke_L(java.lang.Object)'> (0x000000060ef52c20) 
thrown [open/src/hotspot/share/interpreter/linkResolver.cpp, line 772]
Event: 1.368 Thread 0x00007699140295e0 Exception <a 'java/lang/NoSuchMethodError'{0x000000060ef5dd98}: 'int java.lang.invoke.DirectMethodHandle$Holder.invokeSpecial(java.lang.Object, java.lang.Object, int, java.lang.Object)'> (0x000000060ef5dd98) 
thrown [open/src/hotspot/share/interpreter/linkResolver.cpp, line 772]
Event: 1.368 Thread 0x00007699140295e0 Exception <a 'java/lang/NoSuchMethodError'{0x000000060ef61670}: 'int java.lang.invoke.DelegatingMethodHandle$Holder.reinvoke_L(java.lang.Object, int, java.lang.Object)'> (0x000000060ef61670) 
thrown [open/src/hotspot/share/interpreter/linkResolver.cpp, line 772]

ZGC Phase Switch (0 events):
No events

VM Operations (20 events):
Event: 2.230 Executing VM operation: G1CollectForAllocation (G1 Evacuation Pause)
Event: 2.236 Executing VM operation: G1CollectForAllocation (G1 Evacuation Pause) done
Event: 2.262 Executing VM operation: HandshakeAllThreads (Deoptimize)
Event: 2.262 Executing VM operation: HandshakeAllThreads (Deoptimize) done
Event: 2.263 Executing VM operation: HandshakeAllThreads (Deoptimize)
Event: 2.263 Executing VM operation: HandshakeAllThreads (Deoptimize) done
Event: 2.263 Executing VM operation: HandshakeAllThreads (Deoptimize)
Event: 2.263 Executing VM operation: HandshakeAllThreads (Deoptimize) done
Event: 2.263 Executing VM operation: HandshakeAllThreads (Deoptimize)
Event: 2.263 Executing VM operation: HandshakeAllThreads (Deoptimize) done
Event: 2.263 Executing VM operation: HandshakeAllThreads (Deoptimize)
Event: 2.264 Executing VM operation: HandshakeAllThreads (Deoptimize) done
Event: 2.264 Executing VM operation: HandshakeAllThreads (Deoptimize)
Event: 2.264 Executing VM operation: HandshakeAllThreads (Deoptimize) done
Event: 2.264 Executing VM operation: HandshakeAllThreads (Deoptimize)
Event: 2.264 Executing VM operation: HandshakeAllThreads (Deoptimize) done
Event: 2.264 Executing VM operation: HandshakeAllThreads (Deoptimize)
Event: 2.264 Executing VM operation: HandshakeAllThreads (Deoptimize) done
Event: 2.265 Executing VM operation: HandshakeAllThreads (Deoptimize)
Event: 2.265 Executing VM operation: HandshakeAllThreads (Deoptimize) done

Events (20 events):
Event: 0.082 Thread 0x0000769868065d50 Thread added: 0x0000769868065d50
Event: 0.082 Protecting memory [0x00007698e1000000,0x00007698e1004000] with protection modes 0
Event: 0.352 Thread 0x00007699146df940 Thread added: 0x00007699146df940
Event: 0.352 Protecting memory [0x00007698e03f5000,0x00007698e03f9000] with protection modes 0
Event: 0.352 Thread 0x00007699146e15d0 Thread added: 0x00007699146e15d0
Event: 0.352 Protecting memory [0x00007698e02f5000,0x00007698e02f9000] with protection modes 0
Event: 0.369 Thread 0x00007698680bcc90 Thread added: 0x00007698680bcc90
Event: 0.369 Protecting memory [0x00007698e01f5000,0x00007698e01f9000] with protection modes 0
Event: 0.370 Thread 0x000076985c07ec60 Thread added: 0x000076985c07ec60
Event: 0.370 Protecting memory [0x00007698e00f5000,0x00007698e00f9000] with protection modes 0
Event: 0.610 Thread 0x0000769868160e50 Thread added: 0x0000769868160e50
Event: 0.610 Protecting memory [0x000076988ef00000,0x000076988ef04000] with protection modes 0
Event: 0.612 Thread 0x00007698080017c0 Thread added: 0x00007698080017c0
Event: 0.612 Protecting memory [0x000076988ecde000,0x000076988ece2000] with protection modes 0
Event: 1.086 Thread 0x00007698080017c0 Thread exited: 0x00007698080017c0
Event: 1.729 Thread 0x0000769868160e50 Thread exited: 0x0000769868160e50
Event: 2.246 Thread 0x0000769850177dd0 Thread added: 0x0000769850177dd0
Event: 2.246 Protecting memory [0x000076988ef00000,0x000076988ef04000] with protection modes 0
Event: 2.247 Thread 0x000076985829d8e0 Thread added: 0x000076985829d8e0
Event: 2.249 Protecting memory [0x000076988ecde000,0x000076988ece2000] with protection modes 0


Dynamic libraries:
60c000000-611c00000 rw-p 00000000 00:00 0 
611c00000-626c00000 ---p 00000000 00:00 0 
626c00000-627800000 rw-p 00000000 00:00 0 
627800000-62b000000 ---p 00000000 00:00 0 
62b000000-62b400000 rw-p 00000000 00:00 0 
62b400000-7ffc00000 ---p 00000000 00:00 0 
7ffc00000-7ffd0e000 rw-p 00ceb000 08:12 52714569                         /home/mroth/.sdkman/candidates/java/21.0.7-oracle/lib/server/classes.jsa
7ffd0e000-800000000 rw-p 00000000 00:00 0 
57a091974000-57a091975000 r-xp 00000000 08:12 52714930                   /home/mroth/.sdkman/candidates/java/21.0.7-oracle/bin/java
57a091976000-57a091977000 r--p 00001000 08:12 52714930                   /home/mroth/.sdkman/candidates/java/21.0.7-oracle/bin/java
57a091977000-57a091978000 rw-p 00002000 08:12 52714930                   /home/mroth/.sdkman/candidates/java/21.0.7-oracle/bin/java
57a0ce25f000-57a0ce2a6000 rw-p 00000000 00:00 0                          [heap]
7697f8000000-7697f8b61000 rw-p 00000000 00:00 0 
7697f8b61000-7697fc000000 ---p 00000000 00:00 0 
769800000000-769800021000 rw-p 00000000 00:00 0 
769800021000-769804000000 ---p 00000000 00:00 0 
769804000000-769804021000 rw-p 00000000 00:00 0 
769804021000-769808000000 ---p 00000000 00:00 0 
769808000000-769808503000 rw-p 00000000 00:00 0 
769808503000-76980c000000 ---p 00000000 00:00 0 
76980c000000-76980cc1d000 rw-p 00000000 00:00 0 
76980cc1d000-769810000000 ---p 00000000 00:00 0 
769810000000-76981109e000 rw-p 00000000 00:00 0 
76981109e000-769814000000 ---p 00000000 00:00 0 
769814000000-76981500a000 rw-p 00000000 00:00 0 
76981500a000-769818000000 ---p 00000000 00:00 0 
769818000000-769818021000 rw-p 00000000 00:00 0 
769818021000-76981c000000 ---p 00000000 00:00 0 
76981c000000-76981c0a0000 rw-p 00000000 00:00 0 
76981c0a0000-769820000000 ---p 00000000 00:00 0 
769820000000-769820021000 rw-p 00000000 00:00 0 
769820021000-769824000000 ---p 00000000 00:00 0 
769824000000-769824021000 rw-p 00000000 00:00 0 
769824021000-769828000000 ---p 00000000 00:00 0 
769828000000-769828021000 rw-p 00000000 00:00 0 
769828021000-76982c000000 ---p 00000000 00:00 0 
76982c000000-76982c021000 rw-p 00000000 00:00 0 
76982c021000-769830000000 ---p 00000000 00:00 0 
769830000000-769830021000 rw-p 00000000 00:00 0 
769830021000-769834000000 ---p 00000000 00:00 0 
769834000000-769834021000 rw-p 00000000 00:00 0 
769834021000-769838000000 ---p 00000000 00:00 0 
769838000000-769838021000 rw-p 00000000 00:00 0 
769838021000-76983c000000 ---p 00000000 00:00 0 
76983c000000-76983c021000 rw-p 00000000 00:00 0 
76983c021000-769840000000 ---p 00000000 00:00 0 
769840000000-769840021000 rw-p 00000000 00:00 0 
769840021000-769844000000 ---p 00000000 00:00 0 
769844000000-769844021000 rw-p 00000000 00:00 0 
769844021000-769848000000 ---p 00000000 00:00 0 
769848000000-769848ed7000 rw-p 00000000 00:00 0 
769848ed7000-76984c000000 ---p 00000000 00:00 0 
76984c000000-76984c021000 rw-p 00000000 00:00 0 
76984c021000-769850000000 ---p 00000000 00:00 0 
769850000000-76985023c000 rw-p 00000000 00:00 0 
76985023c000-769854000000 ---p 00000000 00:00 0 
769854000000-769854ee1000 rw-p 00000000 00:00 0 
769854ee1000-769858000000 ---p 00000000 00:00 0 
769858000000-76985890f000 rw-p 00000000 00:00 0 
76985890f000-76985c000000 ---p 00000000 00:00 0 
76985c000000-76985c361000 rw-p 00000000 00:00 0 
76985c361000-769860000000 ---p 00000000 00:00 0 
769860000000-769860021000 rw-p 00000000 00:00 0 
769860021000-769864000000 ---p 00000000 00:00 0 
769864000000-769864678000 rw-p 00000000 00:00 0 
769864678000-769868000000 ---p 00000000 00:00 0 
769868000000-7698682d6000 rw-p 00000000 00:00 0 
7698682d6000-76986c000000 ---p 00000000 00:00 0 
76986c000000-76986c021000 rw-p 00000000 00:00 0 
76986c021000-769870000000 ---p 00000000 00:00 0 
769870000000-769870021000 rw-p 00000000 00:00 0 
769870021000-769874000000 ---p 00000000 00:00 0 
769874000000-769874dde000 rw-p 00000000 00:00 0 
769874dde000-769878000000 ---p 00000000 00:00 0 
769878000000-769878021000 rw-p 00000000 00:00 0 
769878021000-76987c000000 ---p 00000000 00:00 0 
76987c000000-76987c021000 rw-p 00000000 00:00 0 
76987c021000-769880000000 ---p 00000000 00:00 0 
769880000000-769880021000 rw-p 00000000 00:00 0 
769880021000-769884000000 ---p 00000000 00:00 0 
769884000000-769884021000 rw-p 00000000 00:00 0 
769884021000-769888000000 ---p 00000000 00:00 0 
769888000000-769888021000 rw-p 00000000 00:00 0 
769888021000-76988c000000 ---p 00000000 00:00 0 
76988e623000-76988e8e1000 rw-p 00000000 00:00 0 
76988e8e1000-76988e8e2000 ---p 00000000 00:00 0 
76988e8e2000-76988e9e2000 rw-p 00000000 00:00 0 
76988ebdd000-76988ebde000 ---p 00000000 00:00 0 
76988ebde000-76988ecde000 rw-p 00000000 00:00 0 
76988ecde000-76988ece2000 ---p 00000000 00:00 0 
76988ece2000-76988edde000 rw-p 00000000 00:00 0 
76988edff000-76988ee00000 ---p 00000000 00:00 0 
76988ee00000-76988ef00000 rw-p 00000000 00:00 0 
76988ef00000-76988ef04000 ---p 00000000 00:00 0 
76988ef04000-76988f000000 rw-p 00000000 00:00 0 
76988f000000-76988f3f0000 rw-p 00000000 00:00 0 
76988f3f0000-76988f8f0000 rw-p 00000000 00:00 0 
76988f8f0000-76988f9f0000 rw-p 00000000 00:00 0 
76988f9f0000-76988fbb0000 rw-p 00000000 00:00 0 
76988fbb0000-76988fbf0000 rw-p 00000000 00:00 0 
76988fbf0000-76988fcf0000 rw-p 00000000 00:00 0 
76988fcf0000-76988fdf0000 rw-p 00000000 00:00 0 
76988fdf0000-7698902f0000 rw-p 00000000 00:00 0 
7698902f0000-7698904f0000 rw-p 00000000 00:00 0 
7698904f0000-7698906f0000 rw-p 00000000 00:00 0 
7698906f0000-769890750000 rw-p 00000000 00:00 0 
769890750000-769890800000 ---p 00000000 00:00 0 
769890800000-769890970000 rw-p 00000000 00:00 0 
769890970000-769893000000 ---p 00000000 00:00 0 
769893000000-769893cab000 rw-p 00001000 08:12 52714569                   /home/mroth/.sdkman/candidates/java/21.0.7-oracle/lib/server/classes.jsa
769893cab000-769894000000 ---p 00000000 00:00 0 
769894000000-769894030000 rw-p 00000000 00:00 0 
769894030000-7698940b0000 rw-p 00000000 00:00 0 
7698940b0000-7698940f0000 rw-p 00000000 00:00 0 
7698940f0000-7698941f0000 rw-p 00000000 00:00 0 
7698941f0000-7698942e0000 rw-p 00000000 00:00 0 
7698942e0000-769894300000 ---p 00000000 00:00 0 
769894300000-769894380000 rw-p 00000000 00:00 0 
769894380000-7698d4000000 ---p 00000000 00:00 0 
7698d4000000-7698d4021000 rw-p 00000000 00:00 0 
7698d4021000-7698d8000000 ---p 00000000 00:00 0 
7698d8000000-7698d8021000 rw-p 00000000 00:00 0 
7698d8021000-7698dc000000 ---p 00000000 00:00 0 
7698dc000000-7698dc021000 rw-p 00000000 00:00 0 
7698dc021000-7698e0000000 ---p 00000000 00:00 0 
7698e00f5000-7698e00f9000 ---p 00000000 00:00 0 
7698e00f9000-7698e01f5000 rw-p 00000000 00:00 0 
7698e01f5000-7698e01f9000 ---p 00000000 00:00 0 
7698e01f9000-7698e02f5000 rw-p 00000000 00:00 0 
7698e02f5000-7698e02f9000 ---p 00000000 00:00 0 
7698e02f9000-7698e03f5000 rw-p 00000000 00:00 0 
7698e03f5000-7698e03f9000 ---p 00000000 00:00 0 
7698e03f9000-7698e04f5000 rw-p 00000000 00:00 0 
7698e04f5000-7698e04f6000 ---p 00000000 00:00 0 
7698e04f6000-7698e05f6000 rw-p 00000000 00:00 0 
7698e05f6000-7698e05f7000 ---p 00000000 00:00 0 
7698e05f7000-7698e06f7000 rw-p 00000000 00:00 0 
7698e06f7000-7698e06f8000 ---p 00000000 00:00 0 
7698e06f8000-7698e07f8000 rw-p 00000000 00:00 0 
7698e07f8000-7698e07f9000 ---p 00000000 00:00 0 
7698e07f9000-7698e08f9000 rw-p 00000000 00:00 0 
7698e08f9000-7698e08fa000 ---p 00000000 00:00 0 
7698e08fa000-7698e09fa000 rw-p 00000000 00:00 0 
7698e09fa000-7698e09fb000 ---p 00000000 00:00 0 
7698e09fb000-7698e0afb000 rw-p 00000000 00:00 0 
7698e0afb000-7698e0afc000 ---p 00000000 00:00 0 
7698e0afc000-7698e0bfc000 rw-p 00000000 00:00 0 
7698e0bfc000-7698e0bfd000 ---p 00000000 00:00 0 
7698e0bfd000-7698e0cfd000 rw-p 00000000 00:00 0 
7698e0cfd000-7698e0cfe000 ---p 00000000 00:00 0 
7698e0cfe000-7698e0dfe000 rw-p 00000000 00:00 0 
7698e0dfe000-7698e0dff000 ---p 00000000 00:00 0 
7698e0dff000-7698e0eff000 rw-p 00000000 00:00 0 
7698e0eff000-7698e0f00000 ---p 00000000 00:00 0 
7698e0f00000-7698e1000000 rw-p 00000000 00:00 0 
7698e1000000-7698e1004000 ---p 00000000 00:00 0 
7698e1004000-7698e1100000 rw-p 00000000 00:00 0 
7698e1100000-7698e1104000 ---p 00000000 00:00 0 
7698e1104000-7698e1200000 rw-p 00000000 00:00 0 
7698e1200000-7698e1fec000 r--p 00000000 08:12 17566342                   /usr/lib/locale/locale-archive
7698e2000000-7698e4021000 rw-p 00000000 00:00 0 
7698e4021000-7698e8000000 ---p 00000000 00:00 0 
7698e8000000-7698e8021000 rw-p 00000000 00:00 0 
7698e8021000-7698ec000000 ---p 00000000 00:00 0 
7698ec000000-7698ec021000 rw-p 00000000 00:00 0 
7698ec021000-7698f0000000 ---p 00000000 00:00 0 
7698f00f6000-7698f00fa000 ---p 00000000 00:00 0 
7698f00fa000-7698f01f6000 rw-p 00000000 00:00 0 
7698f01f6000-7698f01fa000 ---p 00000000 00:00 0 
7698f01fa000-7698f02f6000 rw-p 00000000 00:00 0 
7698f02f6000-7698f02fa000 ---p 00000000 00:00 0 
7698f02fa000-7698f03f6000 rw-p 00000000 00:00 0 
7698f03f6000-7698f03fa000 ---p 00000000 00:00 0 
7698f03fa000-7698f04f6000 rw-p 00000000 00:00 0 
7698f04f6000-7698f04fa000 ---p 00000000 00:00 0 
7698f04fa000-7698f05f6000 rw-p 00000000 00:00 0 
7698f05f6000-7698f05fa000 ---p 00000000 00:00 0 
7698f05fa000-7698f06f6000 rw-p 00000000 00:00 0 
7698f06f6000-7698f07c4000 r-xp 00000000 08:12 52714558                   /home/mroth/.sdkman/candidates/java/21.0.7-oracle/lib/libjsvml.so
7698f07c4000-7698f07c5000 r--p 000cd000 08:12 52714558                   /home/mroth/.sdkman/candidates/java/21.0.7-oracle/lib/libjsvml.so
7698f07c5000-7698f07c6000 rw-p 000ce000 08:12 52714558                   /home/mroth/.sdkman/candidates/java/21.0.7-oracle/lib/libjsvml.so
7698f07c6000-7698f07ca000 ---p 00000000 00:00 0 
7698f07ca000-7698f08c6000 rw-p 00000000 00:00 0 
7698f08c6000-7698f08ca000 ---p 00000000 00:00 0 
7698f08ca000-7698f09c6000 rw-p 00000000 00:00 0 
7698f09c6000-7698f09ca000 ---p 00000000 00:00 0 
7698f09ca000-7698f0ac6000 rw-p 00000000 00:00 0 
7698f0ac6000-7698f0aca000 ---p 00000000 00:00 0 
7698f0aca000-7698f0bc6000 rw-p 00000000 00:00 0 
7698f0bc6000-7698f0bca000 ---p 00000000 00:00 0 
7698f0bca000-7698f0cc6000 rw-p 00000000 00:00 0 
7698f0cc6000-7698f0cca000 ---p 00000000 00:00 0 
7698f0cca000-7698f0dc6000 rw-p 00000000 00:00 0 
7698f0dc6000-7698f0dca000 ---p 00000000 00:00 0 
7698f0dca000-7698f0ec6000 rw-p 00000000 00:00 0 
7698f0ec6000-7698f0ec7000 ---p 00000000 00:00 0 
7698f0ec7000-7698f0fc7000 rw-p 00000000 00:00 0 
7698f0fc7000-7698f0fc8000 ---p 00000000 00:00 0 
7698f0fc8000-7698f10c8000 rw-p 00000000 00:00 0 
7698f10c8000-7698f11a4000 rw-p 00000000 00:00 0 
7698f11a4000-7698f11a5000 ---p 00000000 00:00 0 
7698f11a5000-7698f12a5000 rw-p 00000000 00:00 0 
7698f12a5000-7698f12a6000 ---p 00000000 00:00 0 
7698f12a6000-7698f13a6000 rw-p 00000000 00:00 0 
7698f13a6000-7698f20b3000 rw-p 00000000 00:00 0 
7698f20b3000-7698f20b4000 ---p 00000000 00:00 0 
7698f20b4000-7698f21b4000 rw-p 00000000 00:00 0 
7698f21b4000-7698f21b5000 ---p 00000000 00:00 0 
7698f21b5000-7698f22b5000 rw-p 00000000 00:00 0 
7698f22b5000-7698f22b6000 ---p 00000000 00:00 0 
7698f22b6000-7698f23b6000 rw-p 00000000 00:00 0 
7698f23b6000-7698f2526000 rw-p 00000000 00:00 0 
7698f2526000-7698f2a66000 ---p 00000000 00:00 0 
7698f2a66000-7698f2a96000 rw-p 00000000 00:00 0 
7698f2a96000-7698f2b76000 ---p 00000000 00:00 0 
7698f2b76000-7698f2b86000 rw-p 00000000 00:00 0 
7698f2b86000-7698fa0a6000 ---p 00000000 00:00 0 
7698fa0a6000-7698fa0e4000 rw-p 00000000 00:00 0 
7698fa0e4000-7698fa18c000 ---p 00000000 00:00 0 
7698fa18c000-7698fa192000 rw-p 00000000 00:00 0 
7698fa192000-7698fa1ae000 ---p 00000000 00:00 0 
7698fa1ae000-7698fa1b0000 rw-p 00000000 00:00 0 
7698fa1b0000-7698fb054000 ---p 00000000 00:00 0 
7698fb054000-7698fb084000 rw-p 00000000 00:00 0 
7698fb084000-7698fb12c000 ---p 00000000 00:00 0 
7698fb12c000-7698fb132000 rw-p 00000000 00:00 0 
7698fb132000-7698fb14e000 ---p 00000000 00:00 0 
7698fb14e000-7698fb150000 rw-p 00000000 00:00 0 
7698fb150000-7698fbff4000 ---p 00000000 00:00 0 
7698fbff4000-7698fca00000 rw-p 00000000 00:00 0 
7698fca00000-7698fd710000 rwxp 00000000 00:00 0 
7698fd710000-769903e5f000 ---p 00000000 00:00 0 
769903e5f000-7699041ff000 rwxp 00000000 00:00 0 
7699041ff000-7699045a0000 ---p 00000000 00:00 0 
7699045a0000-769904960000 rwxp 00000000 00:00 0 
769904960000-76990ba00000 ---p 00000000 00:00 0 
76990ba00000-769913f02000 r--s 00000000 08:12 52714581                   /home/mroth/.sdkman/candidates/java/21.0.7-oracle/lib/modules
769913f40000-769914cac000 rw-p 00000000 00:00 0 
769914cac000-769918000000 ---p 00000000 00:00 0 
76991800a000-769918011000 r--s 00000000 08:12 17576800                   /usr/lib/x86_64-linux-gnu/gconv/gconv-modules.cache
769918011000-76991801e000 r-xp 00000000 08:12 52714576                   /home/mroth/.sdkman/candidates/java/21.0.7-oracle/lib/libverify.so
76991801e000-769918020000 r--p 0000c000 08:12 52714576                   /home/mroth/.sdkman/candidates/java/21.0.7-oracle/lib/libverify.so
769918020000-769918021000 rw-p 0000e000 08:12 52714576                   /home/mroth/.sdkman/candidates/java/21.0.7-oracle/lib/libverify.so
769918021000-769918028000 r-xp 00000000 08:12 52714600                   /home/mroth/.sdkman/candidates/java/21.0.7-oracle/lib/libzip.so
769918028000-769918029000 ---p 00007000 08:12 52714600                   /home/mroth/.sdkman/candidates/java/21.0.7-oracle/lib/libzip.so
769918029000-76991802a000 r--p 00007000 08:12 52714600                   /home/mroth/.sdkman/candidates/java/21.0.7-oracle/lib/libzip.so
76991802a000-76991802b000 rw-p 00008000 08:12 52714600                   /home/mroth/.sdkman/candidates/java/21.0.7-oracle/lib/libzip.so
76991802b000-769918336000 rw-p 00000000 00:00 0 
769918336000-769918417000 ---p 00000000 00:00 0 
769918417000-769918432000 rw-p 00000000 00:00 0 
769918432000-769918500000 ---p 00000000 00:00 0 
769918500000-769918504000 ---p 00000000 00:00 0 
769918504000-769918600000 rw-p 00000000 00:00 0 
769918600000-76991991b000 r-xp 00000000 08:12 52714570                   /home/mroth/.sdkman/candidates/java/21.0.7-oracle/lib/server/libjvm.so
76991991b000-7699199ec000 r--p 0131a000 08:12 52714570                   /home/mroth/.sdkman/candidates/java/21.0.7-oracle/lib/server/libjvm.so
7699199ec000-769919a1a000 rw-p 013eb000 08:12 52714570                   /home/mroth/.sdkman/candidates/java/21.0.7-oracle/lib/server/libjvm.so
769919a1a000-769919a80000 rw-p 00000000 00:00 0 
769919a81000-769919a86000 r-xp 00000000 08:12 52714584                   /home/mroth/.sdkman/candidates/java/21.0.7-oracle/lib/libmanagement_ext.so
769919a86000-769919a87000 ---p 00005000 08:12 52714584                   /home/mroth/.sdkman/candidates/java/21.0.7-oracle/lib/libmanagement_ext.so
769919a87000-769919a88000 r--p 00005000 08:12 52714584                   /home/mroth/.sdkman/candidates/java/21.0.7-oracle/lib/libmanagement_ext.so
769919a88000-769919a89000 rw-p 00006000 08:12 52714584                   /home/mroth/.sdkman/candidates/java/21.0.7-oracle/lib/libmanagement_ext.so
769919a89000-769919a94000 r-xp 00000000 08:12 52714614                   /home/mroth/.sdkman/candidates/java/21.0.7-oracle/lib/libnet.so
769919a94000-769919a95000 ---p 0000b000 08:12 52714614                   /home/mroth/.sdkman/candidates/java/21.0.7-oracle/lib/libnet.so
769919a95000-769919a96000 r--p 0000b000 08:12 52714614                   /home/mroth/.sdkman/candidates/java/21.0.7-oracle/lib/libnet.so
769919a96000-769919a97000 rw-p 0000c000 08:12 52714614                   /home/mroth/.sdkman/candidates/java/21.0.7-oracle/lib/libnet.so
769919a97000-769919b17000 rw-p 00000000 00:00 0 
769919b17000-769919b27000 r--p 00000000 08:12 17575426                   /usr/lib/x86_64-linux-gnu/libm.so.6
769919b27000-769919ba6000 r-xp 00010000 08:12 17575426                   /usr/lib/x86_64-linux-gnu/libm.so.6
769919ba6000-769919bfe000 r--p 0008f000 08:12 17575426                   /usr/lib/x86_64-linux-gnu/libm.so.6
769919bfe000-769919bff000 r--p 000e7000 08:12 17575426                   /usr/lib/x86_64-linux-gnu/libm.so.6
769919bff000-769919c00000 rw-p 000e8000 08:12 17575426                   /usr/lib/x86_64-linux-gnu/libm.so.6
769919c00000-769919c28000 r--p 00000000 08:12 17575120                   /usr/lib/x86_64-linux-gnu/libc.so.6
769919c28000-769919db0000 r-xp 00028000 08:12 17575120                   /usr/lib/x86_64-linux-gnu/libc.so.6
769919db0000-769919dff000 r--p 001b0000 08:12 17575120                   /usr/lib/x86_64-linux-gnu/libc.so.6
769919dff000-769919e03000 r--p 001fe000 08:12 17575120                   /usr/lib/x86_64-linux-gnu/libc.so.6
769919e03000-769919e05000 rw-p 00202000 08:12 17575120                   /usr/lib/x86_64-linux-gnu/libc.so.6
769919e05000-769919e12000 rw-p 00000000 00:00 0 
769919e15000-769919e28000 r-xp 00000000 08:12 52714582                   /home/mroth/.sdkman/candidates/java/21.0.7-oracle/lib/libnio.so
769919e28000-769919e29000 ---p 00013000 08:12 52714582                   /home/mroth/.sdkman/candidates/java/21.0.7-oracle/lib/libnio.so
769919e29000-769919e2a000 r--p 00013000 08:12 52714582                   /home/mroth/.sdkman/candidates/java/21.0.7-oracle/lib/libnio.so
769919e2a000-769919e2b000 rw-p 00014000 08:12 52714582                   /home/mroth/.sdkman/candidates/java/21.0.7-oracle/lib/libnio.so
769919e2b000-769919e72000 rw-p 00000000 00:00 0 
769919e72000-769919e79000 ---p 00000000 00:00 0 
769919e79000-769919e99000 r-xp 00000000 08:12 52714612                   /home/mroth/.sdkman/candidates/java/21.0.7-oracle/lib/libjava.so
769919e99000-769919e9a000 ---p 00020000 08:12 52714612                   /home/mroth/.sdkman/candidates/java/21.0.7-oracle/lib/libjava.so
769919e9a000-769919e9b000 r--p 00020000 08:12 52714612                   /home/mroth/.sdkman/candidates/java/21.0.7-oracle/lib/libjava.so
769919e9b000-769919e9c000 rw-p 00021000 08:12 52714612                   /home/mroth/.sdkman/candidates/java/21.0.7-oracle/lib/libjava.so
769919e9c000-769919e9d000 rw-p 00000000 00:00 0 
769919e9d000-769919ebb000 r-xp 00000000 08:12 52714601                   /home/mroth/.sdkman/candidates/java/21.0.7-oracle/lib/libjimage.so
769919ebb000-769919ebd000 r--p 0001d000 08:12 52714601                   /home/mroth/.sdkman/candidates/java/21.0.7-oracle/lib/libjimage.so
769919ebd000-769919ebe000 rw-p 0001f000 08:12 52714601                   /home/mroth/.sdkman/candidates/java/21.0.7-oracle/lib/libjimage.so
769919ebe000-769919ebf000 r--p 00000000 08:12 17575595                   /usr/lib/x86_64-linux-gnu/librt.so.1
769919ebf000-769919ec0000 r-xp 00001000 08:12 17575595                   /usr/lib/x86_64-linux-gnu/librt.so.1
769919ec0000-769919ec1000 r--p 00002000 08:12 17575595                   /usr/lib/x86_64-linux-gnu/librt.so.1
769919ec1000-769919ec2000 r--p 00002000 08:12 17575595                   /usr/lib/x86_64-linux-gnu/librt.so.1
769919ec2000-769919ec3000 rw-p 00003000 08:12 17575595                   /usr/lib/x86_64-linux-gnu/librt.so.1
769919ec3000-769919ec7000 rw-p 00000000 00:00 0 
769919ec7000-769919ec8000 r--p 00000000 08:12 17575179                   /usr/lib/x86_64-linux-gnu/libdl.so.2
769919ec8000-769919ec9000 r-xp 00001000 08:12 17575179                   /usr/lib/x86_64-linux-gnu/libdl.so.2
769919ec9000-769919eca000 r--p 00002000 08:12 17575179                   /usr/lib/x86_64-linux-gnu/libdl.so.2
769919eca000-769919ecb000 r--p 00002000 08:12 17575179                   /usr/lib/x86_64-linux-gnu/libdl.so.2
769919ecb000-769919ecc000 rw-p 00003000 08:12 17575179                   /usr/lib/x86_64-linux-gnu/libdl.so.2
769919ecc000-769919ecd000 r--p 00000000 08:12 17575577                   /usr/lib/x86_64-linux-gnu/libpthread.so.0
769919ecd000-769919ece000 r-xp 00001000 08:12 17575577                   /usr/lib/x86_64-linux-gnu/libpthread.so.0
769919ece000-769919ecf000 r--p 00002000 08:12 17575577                   /usr/lib/x86_64-linux-gnu/libpthread.so.0
769919ecf000-769919ed0000 r--p 00002000 08:12 17575577                   /usr/lib/x86_64-linux-gnu/libpthread.so.0
769919ed0000-769919ed1000 rw-p 00003000 08:12 17575577                   /usr/lib/x86_64-linux-gnu/libpthread.so.0
769919ed1000-769919edf000 r-xp 00000000 08:12 52714603                   /home/mroth/.sdkman/candidates/java/21.0.7-oracle/lib/libjli.so
769919edf000-769919ee0000 ---p 0000e000 08:12 52714603                   /home/mroth/.sdkman/candidates/java/21.0.7-oracle/lib/libjli.so
769919ee0000-769919ee1000 r--p 0000e000 08:12 52714603                   /home/mroth/.sdkman/candidates/java/21.0.7-oracle/lib/libjli.so
769919ee1000-769919ee2000 rw-p 0000f000 08:12 52714603                   /home/mroth/.sdkman/candidates/java/21.0.7-oracle/lib/libjli.so
769919ee2000-769919ee4000 r--p 00000000 08:12 17575780                   /usr/lib/x86_64-linux-gnu/libz.so.1.3
769919ee4000-769919ef6000 r-xp 00002000 08:12 17575780                   /usr/lib/x86_64-linux-gnu/libz.so.1.3
769919ef6000-769919efc000 r--p 00014000 08:12 17575780                   /usr/lib/x86_64-linux-gnu/libz.so.1.3
769919efc000-769919efd000 r--p 0001a000 08:12 17575780                   /usr/lib/x86_64-linux-gnu/libz.so.1.3
769919efd000-769919efe000 rw-p 0001b000 08:12 17575780                   /usr/lib/x86_64-linux-gnu/libz.so.1.3
769919eff000-769919f03000 r-xp 00000000 08:12 52714577                   /home/mroth/.sdkman/candidates/java/21.0.7-oracle/lib/libmanagement.so
769919f03000-769919f04000 r--p 00003000 08:12 52714577                   /home/mroth/.sdkman/candidates/java/21.0.7-oracle/lib/libmanagement.so
769919f04000-769919f05000 rw-p 00004000 08:12 52714577                   /home/mroth/.sdkman/candidates/java/21.0.7-oracle/lib/libmanagement.so
769919f05000-769919f0d000 rw-s 00000000 08:12 51380237                   /tmp/hsperfdata_mroth/4759
769919f0d000-769919f0e000 ---p 00000000 00:00 0 
769919f0e000-769919f0f000 r--p 00000000 00:00 0 
769919f0f000-769919f10000 ---p 00000000 00:00 0 
769919f10000-769919f12000 rw-p 00000000 00:00 0 
769919f12000-769919f16000 r--p 00000000 00:00 0                          [vvar]
769919f16000-769919f18000 r-xp 00000000 00:00 0                          [vdso]
769919f18000-769919f19000 r--p 00000000 08:12 17574938                   /usr/lib/x86_64-linux-gnu/ld-linux-x86-64.so.2
769919f19000-769919f44000 r-xp 00001000 08:12 17574938                   /usr/lib/x86_64-linux-gnu/ld-linux-x86-64.so.2
769919f44000-769919f4e000 r--p 0002c000 08:12 17574938                   /usr/lib/x86_64-linux-gnu/ld-linux-x86-64.so.2
769919f4e000-769919f50000 r--p 00036000 08:12 17574938                   /usr/lib/x86_64-linux-gnu/ld-linux-x86-64.so.2
769919f50000-769919f52000 rw-p 00038000 08:12 17574938                   /usr/lib/x86_64-linux-gnu/ld-linux-x86-64.so.2
7ffe5f6fe000-7ffe5f720000 rw-p 00000000 00:00 0                          [stack]
ffffffffff600000-ffffffffff601000 --xp 00000000 00:00 0                  [vsyscall]
Total number of mappings: 333


VM Arguments:
java_command: org.codehaus.groovy.tools.GroovyStarter --main groovy.ui.GroovyMain --classpath ./src/main/java:./src/main/resources ./src/main/java/de/crash/the/jvm/srv/gen/CrashTheJvm.groovy -e
java_class_path (initial): ./build/dependencies/log4j-api-2.20.0.jar:./build/dependencies/commons-collections-3.2.2.jar:./build/dependencies/groovy-cli-picocli-4.0.22.jar:./build/dependencies/groovy-groovysh-4.0.22.jar:./build/dependencies/junit-jupiter-api-5.10.2.jar:./build/dependencies/jline-2.14.6.jar:./build/dependencies/picocli-4.7.6.jar:./build/dependencies/slf4j-api-2.0.7.jar:./build/dependencies/ant-launcher-1.10.14.jar:./build/dependencies/javaparser-core-3.26.1.jar:./build/dependencies/hamcrest-core-1.3.jar:./build/dependencies/groovy-ant-4.0.22.jar:./build/dependencies/asm-analysis-9.7.jar:./build/dependencies/groovy-templates-4.0.22.jar:./build/dependencies/jackson-databind-2.17.1.jar:./build/dependencies/groovy-groovydoc-4.0.22.jar:./build/dependencies/groovy-console-4.0.22.jar:./build/dependencies/json-simple-3.0.2.jar:./build/dependencies/jackson-core-2.17.1.jar:./build/dependencies/junit-platform-launcher-1.10.2.jar:./build/dependencies/snakeyaml-2.2.jar:./build/dependencies/ant-antlr-1.10.14.jar:./build/dependencies/groovy-4.0.22.jar:./build/dependencies/groovy-datetime-4.0.22.jar:./build/dependencies/commons-lang3-3.17.0.jar:./build/dependencies/groovy-swing-4.0.22.jar:./build/dependencies/groovy-docgenerator-4.0.22.jar:./build/dependencies/groovy-xml-4.0.22.jar:./build/dependencies/groovy-jsr223-4.0.22.jar:./build/dependencies/groovy-json-4.0.22.jar:./build/dependencies/ivy-2.5.2.jar:./build/dependencies/opentest4j-1.3.0.jar:./build/dependencies/commons-digester3-3.2.jar:./build/dependencies/velocity-engine-core-2.4.1.jar:./build/dependencies/commons-configuration2-2.11.0.jar:./build/dependencies/org.abego.treelayout.core-1.0.3.jar:./build/dependencies/junit-platform-engine-1.10.2.jar:./build/dependencies/qdox-1.12.1.jar:./build/dependencies/junit-jupiter-engine-5.10.2.jar:./build/dependencies/log4j-core-2.20.0.jar:./build/dependencies/commons-text-1.12.0.jar:./build/dependencies/groovy-yaml-4.0.22.jar:./build/dependencies/asm-util-9.7.jar:./build/dependencies/velocity-tools-generic-3.1.jar:./build/dependencies/jackson-annotations-2.17.1.jar:./build/dependencies/junit-4.13.2.jar:./build/dependencies/groovy-nio-4.0.22.jar:./build/dependencies/jackson-dataformat-yaml-2.17.1.jar:./build/dependencies/commons-logging-1.3.2.jar:./build/dependencies/groovy-sql-4.0.22.jar:./build/dependencies/asm-9.7.jar:./build/dependencies/groovy-test-junit5-4.0.22.jar:./build/dependencies/ant-junit-1.10.14.jar:./build/dependencies/groovy-servlet-4.0.22.jar:./build/dependencies/log4j-slf4j2-impl-2.20.0.jar:./build/dependencies/junit-platform-commons-1.10.2.jar:./build/dependencies/asm-tree-9.7.jar:./build/dependencies/groovy-test-4.0.22.jar:./build/dependencies/commons-beanutils-1.9.4.jar:./build/dependencies/ant-1.10.14.jar:./build/dependencies/groovy-jmx-4.0.22.jar:./build/dependencies/groovy-macro-4.0.22.jar:./build/dependencies/commons-io-2.18.0.jar
Launcher Type: SUN_STANDARD

[Global flags]
     intx CICompilerCount                          = 12                                        {product} {ergonomic}
     uint ConcGCThreads                            = 3                                         {product} {ergonomic}
     uint G1ConcRefinementThreads                  = 13                                        {product} {ergonomic}
   size_t G1HeapRegionSize                         = 4194304                                   {product} {ergonomic}
    uintx GCDrainStackTargetSize                   = 64                                        {product} {ergonomic}
   size_t InitialHeapSize                          = 524288000                                 {product} {ergonomic}
   size_t MarkStackSize                            = 4194304                                   {product} {ergonomic}
   size_t MaxHeapSize                              = 8388608000                                {product} {ergonomic}
   size_t MaxNewSize                               = 5033164800                                {product} {ergonomic}
   size_t MinHeapDeltaBytes                        = 4194304                                   {product} {ergonomic}
   size_t MinHeapSize                              = 8388608                                   {product} {ergonomic}
    uintx NonNMethodCodeHeapSize                   = 7602480                                {pd product} {ergonomic}
    uintx NonProfiledCodeHeapSize                  = 122027880                              {pd product} {ergonomic}
    uintx ProfiledCodeHeapSize                     = 122027880                              {pd product} {ergonomic}
    uintx ReservedCodeCacheSize                    = 251658240                              {pd product} {ergonomic}
     bool SegmentedCodeCache                       = true                                      {product} {ergonomic}
   size_t SoftMaxHeapSize                          = 8388608000                             {manageable} {ergonomic}
     bool UseCompressedOops                        = true                           {product lp64_product} {ergonomic}
     bool UseG1GC                                  = true                                      {product} {ergonomic}

Logging:
Log output configuration:
 #0: stdout all=warning uptime,level,tags foldmultilines=false
 #1: stderr all=off uptime,level,tags foldmultilines=false

Environment Variables:
JAVA_HOME=/home/mroth/.sdkman/candidates/java/current
PATH=/home/mroth/.sdkman/candidates/gradle/current/bin:/home/mroth/.sdkman/candidates/java/current/bin:/home/mroth/.sdkman/candidates/groovy/current/bin:/usr/local/sbin:/usr/local/bin:/usr/sbin:/usr/bin:/sbin:/bin:/usr/games:/usr/local/games:/snap/bin:/snap/bin
USERNAME=mroth
SHELL=/usr/bin/zsh
DISPLAY=:1
LANG=en_US.UTF-8
TERM=xterm-256color

Active Locale:
LC_ALL=en_US.UTF-8
LC_COLLATE=en_US.UTF-8
LC_CTYPE=en_US.UTF-8
LC_MESSAGES=en_US.UTF-8
LC_MONETARY=en_US.UTF-8
LC_NUMERIC=en_US.UTF-8
LC_TIME=en_US.UTF-8

Signal Handlers:
   SIGSEGV: crash_handler in libjvm.so, mask=11100100010111111101111111111110, flags=SA_RESTART|SA_SIGINFO, unblocked
    SIGBUS: crash_handler in libjvm.so, mask=11100100010111111101111111111110, flags=SA_RESTART|SA_SIGINFO, unblocked
    SIGFPE: crash_handler in libjvm.so, mask=11100100010111111101111111111110, flags=SA_RESTART|SA_SIGINFO, unblocked
   SIGPIPE: javaSignalHandler in libjvm.so, mask=11100100010111111101111111111110, flags=SA_RESTART|SA_SIGINFO, blocked
   SIGXFSZ: javaSignalHandler in libjvm.so, mask=11100100010111111101111111111110, flags=SA_RESTART|SA_SIGINFO, blocked
    SIGILL: crash_handler in libjvm.so, mask=11100100010111111101111111111110, flags=SA_RESTART|SA_SIGINFO, unblocked
   SIGUSR2: SR_handler in libjvm.so, mask=00000000000000000000000000000000, flags=SA_RESTART|SA_SIGINFO, blocked
    SIGHUP: UserHandler in libjvm.so, mask=11100100010111111101111111111110, flags=SA_RESTART|SA_SIGINFO, blocked
    SIGINT: UserHandler in libjvm.so, mask=11100100010111111101111111111110, flags=SA_RESTART|SA_SIGINFO, blocked
   SIGTERM: UserHandler in libjvm.so, mask=11100100010111111101111111111110, flags=SA_RESTART|SA_SIGINFO, blocked
   SIGQUIT: UserHandler in libjvm.so, mask=11100100010111111101111111111110, flags=SA_RESTART|SA_SIGINFO, blocked
   SIGTRAP: crash_handler in libjvm.so, mask=11100100010111111101111111111110, flags=SA_RESTART|SA_SIGINFO, unblocked


Periodic native trim disabled

---------------  S Y S T E M  ---------------

OS:
DISTRIB_ID=Ubuntu
DISTRIB_RELEASE=24.04
DISTRIB_CODENAME=noble
DISTRIB_DESCRIPTION="Ubuntu 24.04.2 LTS"
uname: Linux 6.11.0-26-generic #26~24.04.1-Ubuntu SMP PREEMPT_DYNAMIC Thu Apr 17 19:20:47 UTC 2 x86_64
OS uptime: 0 days 0:02 hours
libc: glibc 2.39 NPTL 2.39 
rlimit (soft/hard): STACK 8192k/infinity , CORE 0k/infinity , NPROC 127242/127242 , NOFILE 1048576/1048576 , AS infinity/infinity , CPU infinity/infinity , DATA infinity/infinity , FSIZE infinity/infinity , MEMLOCK 4095912k/4095912k
load average: 0.51 0.23 0.09

/proc/meminfo:
MemTotal:       32767316 kB
MemFree:        28729664 kB
MemAvailable:   30160376 kB
Buffers:           86468 kB
Cached:          1695660 kB
SwapCached:            0 kB
Active:          2435156 kB
Inactive:         888468 kB
Active(anon):    1565684 kB
Inactive(anon):        0 kB
Active(file):     869472 kB
Inactive(file):   888468 kB
Unevictable:       19368 kB
Mlocked:              16 kB
SwapTotal:       8388604 kB
SwapFree:        8388604 kB
Zswap:                 0 kB
Zswapped:              0 kB
Dirty:               516 kB
Writeback:             0 kB
AnonPages:       1561712 kB
Mapped:           489688 kB
Shmem:             24160 kB
KReclaimable:      71212 kB
Slab:             296724 kB
SReclaimable:      71212 kB
SUnreclaim:       225512 kB
KernelStack:       14432 kB
PageTables:        22720 kB
SecPageTables:      4384 kB
NFS_Unstable:          0 kB
Bounce:                0 kB
WritebackTmp:          0 kB
CommitLimit:    24772260 kB
Committed_AS:    6300700 kB
VmallocTotal:   34359738367 kB
VmallocUsed:      108768 kB
VmallocChunk:          0 kB
Percpu:            15040 kB
HardwareCorrupted:     0 kB
AnonHugePages:         0 kB
ShmemHugePages:        0 kB
ShmemPmdMapped:        0 kB
FileHugePages:         0 kB
FilePmdMapped:         0 kB
Unaccepted:            0 kB
HugePages_Total:       0
HugePages_Free:        0
HugePages_Rsvd:        0
HugePages_Surp:        0
Hugepagesize:       2048 kB
Hugetlb:               0 kB
DirectMap4k:      496124 kB
DirectMap2M:     5701632 kB
DirectMap1G:    28311552 kB

/sys/kernel/mm/transparent_hugepage/enabled: always [madvise] never
/sys/kernel/mm/transparent_hugepage/defrag (defrag/compaction efforts parameter): always defer defer+madvise [madvise] never

Process Memory:
Virtual Size: 12833996K (peak: 12896696K)
Resident Set Size: 341796K (peak: 341796K) (anon: 317852K, file: 23944K, shmem: 0K)
Swapped out: 0K
C-Heap outstanding allocations: 159748K, retained: 18959K
glibc malloc tunables: (default)

/proc/sys/kernel/threads-max (system-wide limit on the number of threads): 254484
/proc/sys/vm/max_map_count (maximum number of memory map areas a process may have): 1048576
/proc/sys/kernel/pid_max (system-wide limit on number of process identifiers): 4194304

container (cgroup) information:
container_type: cgroupv2
cpu_cpuset_cpus: not supported
cpu_memory_nodes: not supported
active_processor_count: 16
cpu_quota: not supported
cpu_period: not supported
cpu_shares: not supported
memory_limit_in_bytes: unlimited
memory_and_swap_limit_in_bytes: unlimited
memory_soft_limit_in_bytes: unlimited
memory_usage_in_bytes: 1276352 k
memory_max_usage_in_bytes: not supported
memory_swap_current_in_bytes: unlimited
memory_swap_max_limit_in_bytes: unlimited
maximum number of tasks: 38172
current number of tasks: 96

Steal ticks since vm start: 0
Steal ticks percentage since vm start:  0.000

CPU: total 16 (initial active 16) (16 cores per cpu, 2 threads per core) family 23 model 113 stepping 0 microcode 0x8701013, cx8, cmov, fxsr, ht, mmx, 3dnowpref, sse, sse2, sse3, ssse3, sse4a, sse4.1, sse4.2, popcnt, lzcnt, tsc, tscinvbit, avx, avx2, aes, clmul, bmi1, bmi2, adx, sha, fma, vzeroupper, clflush, clflushopt, rdtscp, rdpid, f16c
CPU Model and flags from /proc/cpuinfo:
model name	: AMD Ryzen 7 3700X 8-Core Processor
flags		: fpu vme de pse tsc msr pae mce cx8 apic sep mtrr pge mca cmov pat pse36 clflush mmx fxsr sse sse2 ht syscall nx mmxext fxsr_opt pdpe1gb rdtscp lm constant_tsc rep_good nopl xtopology nonstop_tsc cpuid extd_apicid aperfmperf rapl pni pclmulqdq monitor ssse3 fma cx16 sse4_1 sse4_2 movbe popcnt aes xsave avx f16c rdrand lahf_lm cmp_legacy svm extapic cr8_legacy abm sse4a misalignsse 3dnowprefetch osvw ibs skinit wdt tce topoext perfctr_core perfctr_nb bpext perfctr_llc mwaitx cpb cat_l3 cdp_l3 hw_pstate ssbd mba ibpb stibp vmmcall fsgsbase bmi1 avx2 smep bmi2 cqm rdt_a rdseed adx smap clflushopt clwb sha_ni xsaveopt xsavec xgetbv1 cqm_llc cqm_occup_llc cqm_mbm_total cqm_mbm_local clzero irperf xsaveerptr rdpru wbnoinvd arat npt lbrv svm_lock nrip_save tsc_scale vmcb_clean flushbyasid decodeassists pausefilter pfthreshold avic v_vmsave_vmload vgif v_spec_ctrl umip rdpid overflow_recov succor smca sev sev_es

Online cpus: 0-15
Offline cpus: 
BIOS frequency limitation: 3600000
Frequency switch latency (ns): 0
Available cpu frequencies: 3600000 2800000 2200000 
Current governor: schedutil
Core performance/turbo boost: 1

Memory: 4k page, physical 32767316k(30160488k free), swap 8388604k(8388604k free)
Page Sizes: 4k

vm_info: Java HotSpot(TM) 64-Bit Server VM (21.0.7+8-LTS-245) for linux-amd64 JRE (21.0.7+8-LTS-245), built on 2025-02-21T05:11:27Z by "mach5one" with gcc 13.2.0

END.
