#
# A fatal error has been detected by the Java Runtime Environment:
#
#  SIGSEGV (0xb) at pc=0x000073d21e8b58e0, pid=12708, tid=12729
#
# JRE version: OpenJDK Runtime Environment Corretto-21.0.7.6.1 (21.0.7+6) (build 21.0.7+6-LTS)
# Java VM: OpenJDK 64-Bit Server VM Corretto-21.0.7.6.1 (21.0.7+6-LTS, mixed mode, sharing, tiered, compressed oops, compressed class ptrs, g1 gc, linux-amd64)
# Problematic frame:
# V  [libjvm.so+0xcb58e0]  Node::uncast(bool) const+0x0
#
# Core dump will be written. Default location: Core dumps may be processed with "/usr/share/apport/apport -p%p -s%s -c%c -d%d -P%P -u%u -g%g -- %E" (or dumping to /home/mroth/src/jvm-crash/core.12708)
#
# If you would like to submit a bug report, please visit:
#   https://github.com/corretto/corretto-21/issues/
#

---------------  S U M M A R Y ------------

Command Line: org.codehaus.groovy.tools.GroovyStarter --main groovy.ui.GroovyMain --classpath ./src/main/java:./src/main/resources ./src/main/java/de/crash/the/jvm/srv/gen/CrashTheJvm.groovy -e

Host: AMD Ryzen 7 3700X 8-Core Processor, 16 cores, 31G, Ubuntu 24.04.2 LTS
Time: Tue Jun  3 21:30:05 2025 CEST elapsed time: 2.353430 seconds (0d 0h 0m 2s)

---------------  T H R E A D  ---------------

Current thread (0x000073d17009f740):  JavaThread "C2 CompilerThread1" daemon [_thread_in_native, id=12729, stack(0x000073d1e5b00000,0x000073d1e5c00000) (1024K)]


Current CompileTask:
C2:2353 5936       4       de.crash.the.jvm.srv.gen.CrashTheJvm$ColumnDefinition::description (33 bytes)

Stack: [0x000073d1e5b00000,0x000073d1e5c00000],  sp=0x000073d1e5bf6d78,  free space=987k
Native frames: (J=compiled Java code, j=interpreted, Vv=VM code, C=native code)
V  [libjvm.so+0xcb58e0]  Node::uncast(bool) const+0x0
V  [libjvm.so+0x4df529]  InlineTree::ok_to_inline(ciMethod*, JVMState*, ciCallProfile&, bool&)+0x119
V  [libjvm.so+0x77639c]  Compile::call_generator(ciMethod*, int, bool, JVMState*, bool, float, ciKlass*, bool)+0x86c
V  [libjvm.so+0x5a3e57]  CallGenerator::for_method_handle_inline(JVMState*, ciMethod*, ciMethod*, bool, bool&)+0x137
V  [libjvm.so+0x5a4746]  CallGenerator::for_method_handle_call(JVMState*, ciMethod*, ciMethod*, bool)+0x26
V  [libjvm.so+0x775ff5]  Compile::call_generator(ciMethod*, int, bool, JVMState*, bool, float, ciKlass*, bool)+0x4c5
V  [libjvm.so+0x776cae]  Parse::do_call()+0x19e
V  [libjvm.so+0xd3677d]  Parse::do_one_bytecode()+0x331d
V  [libjvm.so+0xd28d9d]  Parse::do_one_block()+0xed
V  [libjvm.so+0xd292c1]  Parse::do_all_blocks()+0xc1
V  [libjvm.so+0xd2bac6]  Parse::Parse(JVMState*, ciMethod*, float)+0x7e6
V  [libjvm.so+0x5a0258]  ParseGenerator::generate(JVMState*)+0x78
V  [libjvm.so+0x776d05]  Parse::do_call()+0x1f5
V  [libjvm.so+0xd3677d]  Parse::do_one_bytecode()+0x331d
V  [libjvm.so+0xd28d9d]  Parse::do_one_block()+0xed
V  [libjvm.so+0xd292c1]  Parse::do_all_blocks()+0xc1
V  [libjvm.so+0xd2bac6]  Parse::Parse(JVMState*, ciMethod*, float)+0x7e6
V  [libjvm.so+0x5a0258]  ParseGenerator::generate(JVMState*)+0x78
V  [libjvm.so+0x776d05]  Parse::do_call()+0x1f5
V  [libjvm.so+0xd3677d]  Parse::do_one_bytecode()+0x331d
V  [libjvm.so+0xd28d9d]  Parse::do_one_block()+0xed
V  [libjvm.so+0xd292c1]  Parse::do_all_blocks()+0xc1
V  [libjvm.so+0xd2bac6]  Parse::Parse(JVMState*, ciMethod*, float)+0x7e6
V  [libjvm.so+0x5a0258]  ParseGenerator::generate(JVMState*)+0x78
V  [libjvm.so+0x776d05]  Parse::do_call()+0x1f5
V  [libjvm.so+0xd3677d]  Parse::do_one_bytecode()+0x331d
V  [libjvm.so+0xd28d9d]  Parse::do_one_block()+0xed
V  [libjvm.so+0xd292c1]  Parse::do_all_blocks()+0xc1
V  [libjvm.so+0xd2bac6]  Parse::Parse(JVMState*, ciMethod*, float)+0x7e6
V  [libjvm.so+0x5a0258]  ParseGenerator::generate(JVMState*)+0x78
V  [libjvm.so+0x776d05]  Parse::do_call()+0x1f5
V  [libjvm.so+0xd3677d]  Parse::do_one_bytecode()+0x331d
V  [libjvm.so+0xd28d9d]  Parse::do_one_block()+0xed
V  [libjvm.so+0xd292c1]  Parse::do_all_blocks()+0xc1
V  [libjvm.so+0xd2bac6]  Parse::Parse(JVMState*, ciMethod*, float)+0x7e6
V  [libjvm.so+0x5a0258]  ParseGenerator::generate(JVMState*)+0x78
V  [libjvm.so+0x776d05]  Parse::do_call()+0x1f5
V  [libjvm.so+0xd3677d]  Parse::do_one_bytecode()+0x331d
V  [libjvm.so+0xd28d9d]  Parse::do_one_block()+0xed
V  [libjvm.so+0xd292c1]  Parse::do_all_blocks()+0xc1
V  [libjvm.so+0xd2bac6]  Parse::Parse(JVMState*, ciMethod*, float)+0x7e6
V  [libjvm.so+0x5a0258]  ParseGenerator::generate(JVMState*)+0x78
V  [libjvm.so+0x776d05]  Parse::do_call()+0x1f5
V  [libjvm.so+0xd3677d]  Parse::do_one_bytecode()+0x331d
V  [libjvm.so+0xd28d9d]  Parse::do_one_block()+0xed
V  [libjvm.so+0xd292c1]  Parse::do_all_blocks()+0xc1
V  [libjvm.so+0xd2bac6]  Parse::Parse(JVMState*, ciMethod*, float)+0x7e6
V  [libjvm.so+0x5a0258]  ParseGenerator::generate(JVMState*)+0x78
V  [libjvm.so+0x776d05]  Parse::do_call()+0x1f5
V  [libjvm.so+0xd3677d]  Parse::do_one_bytecode()+0x331d
V  [libjvm.so+0xd28d9d]  Parse::do_one_block()+0xed
V  [libjvm.so+0xd292c1]  Parse::do_all_blocks()+0xc1
V  [libjvm.so+0xd2bac6]  Parse::Parse(JVMState*, ciMethod*, float)+0x7e6
V  [libjvm.so+0x5a0258]  ParseGenerator::generate(JVMState*)+0x78
V  [libjvm.so+0x776d05]  Parse::do_call()+0x1f5
V  [libjvm.so+0xd3677d]  Parse::do_one_bytecode()+0x331d
V  [libjvm.so+0xd28d9d]  Parse::do_one_block()+0xed
V  [libjvm.so+0xd292c1]  Parse::do_all_blocks()+0xc1
V  [libjvm.so+0xd2bac6]  Parse::Parse(JVMState*, ciMethod*, float)+0x7e6
V  [libjvm.so+0x5a0258]  ParseGenerator::generate(JVMState*)+0x78
V  [libjvm.so+0x776d05]  Parse::do_call()+0x1f5
V  [libjvm.so+0xd3677d]  Parse::do_one_bytecode()+0x331d
V  [libjvm.so+0xd28d9d]  Parse::do_one_block()+0xed
V  [libjvm.so+0xd292c1]  Parse::do_all_blocks()+0xc1
V  [libjvm.so+0xd2bac6]  Parse::Parse(JVMState*, ciMethod*, float)+0x7e6
V  [libjvm.so+0x5a0258]  ParseGenerator::generate(JVMState*)+0x78
V  [libjvm.so+0x776d05]  Parse::do_call()+0x1f5
V  [libjvm.so+0xd3677d]  Parse::do_one_bytecode()+0x331d
V  [libjvm.so+0xd28d9d]  Parse::do_one_block()+0xed
V  [libjvm.so+0xd292c1]  Parse::do_all_blocks()+0xc1
V  [libjvm.so+0xd2bac6]  Parse::Parse(JVMState*, ciMethod*, float)+0x7e6
V  [libjvm.so+0x5a0258]  ParseGenerator::generate(JVMState*)+0x78
V  [libjvm.so+0x776d05]  Parse::do_call()+0x1f5
V  [libjvm.so+0xd3677d]  Parse::do_one_bytecode()+0x331d
V  [libjvm.so+0xd28d9d]  Parse::do_one_block()+0xed
V  [libjvm.so+0xd292c1]  Parse::do_all_blocks()+0xc1
V  [libjvm.so+0xd2bac6]  Parse::Parse(JVMState*, ciMethod*, float)+0x7e6
V  [libjvm.so+0x5a0258]  ParseGenerator::generate(JVMState*)+0x78
V  [libjvm.so+0x776d05]  Parse::do_call()+0x1f5
V  [libjvm.so+0xd3677d]  Parse::do_one_bytecode()+0x331d
V  [libjvm.so+0xd28d9d]  Parse::do_one_block()+0xed
V  [libjvm.so+0xd292c1]  Parse::do_all_blocks()+0xc1
V  [libjvm.so+0xd2bac6]  Parse::Parse(JVMState*, ciMethod*, float)+0x7e6
V  [libjvm.so+0x5a0258]  ParseGenerator::generate(JVMState*)+0x78
V  [libjvm.so+0x776d05]  Parse::do_call()+0x1f5
V  [libjvm.so+0xd3677d]  Parse::do_one_bytecode()+0x331d
V  [libjvm.so+0xd28d9d]  Parse::do_one_block()+0xed
V  [libjvm.so+0xd292c1]  Parse::do_all_blocks()+0xc1
V  [libjvm.so+0xd2bac6]  Parse::Parse(JVMState*, ciMethod*, float)+0x7e6
V  [libjvm.so+0x5a0258]  ParseGenerator::generate(JVMState*)+0x78
V  [libjvm.so+0x776d05]  Parse::do_call()+0x1f5
V  [libjvm.so+0xd3677d]  Parse::do_one_bytecode()+0x331d
V  [libjvm.so+0xd28d9d]  Parse::do_one_block()+0xed
V  [libjvm.so+0xd292c1]  Parse::do_all_blocks()+0xc1
V  [libjvm.so+0xd2bac6]  Parse::Parse(JVMState*, ciMethod*, float)+0x7e6
V  [libjvm.so+0x5a0258]  ParseGenerator::generate(JVMState*)+0x78
V  [libjvm.so+0x776d05]  Parse::do_call()+0x1f5
V  [libjvm.so+0xd3677d]  Parse::do_one_bytecode()+0x331d
V  [libjvm.so+0xd28d9d]  Parse::do_one_block()+0xed
V  [libjvm.so+0xd292c1]  Parse::do_all_blocks()+0xc1
...<more frames>...

siginfo: si_signo: 11 (SIGSEGV), si_code: 1 (SEGV_MAPERR), si_addr: 0x000000000000002c

Registers:
RAX=0x00000000000000aa, RBX=0x000073d15850ea48, RCX=0x000073d1651adcf8, RDX=0x000073d158492ac8
RSP=0x000073d1e5bf6d78, RBP=0x000073d1e5bf6de0, RSI=0x0000000000000000, RDI=0x0000000000000000
R8 =0x0000000000000001, R9 =0x0000000000000032, R10=0x000073d19b000e70, R11=0x000073d16518b6f0
R12=0x0000000000000001, R13=0x000073d1580d5a90, R14=0x000073d1651b3870, R15=0x0000000000000000
RIP=0x000073d21e8b58e0, EFLAGS=0x0000000000010206, CSGSFS=0x002b000000000033, ERR=0x0000000000000004
  TRAPNO=0x000000000000000e

XMM[0]=0x0000000000000000 0x40e7374e7554c000
XMM[1]=0x0000000000000000 0x40e7172000000000
XMM[2]=0x0000000000000000 0x40e7172000000000
XMM[3]=0x0000000400000004 0x0000000400000004
XMM[4]=0x0000000300000002 0x0000000100000000
XMM[5]=0x0000000000000000 0x00000000465d5800
XMM[6]=0x0000000000000000 0x00000000350637bd
XMM[7]=0x0000000000000000 0x000000003f7ffff8
XMM[8]=0x000073d1651a6998 0x000073d1651a6820
XMM[9]=0x0000000000000000 0x4023ffff933334b0
XMM[10]=0x0000000000000000 0x4376345785d8a000
XMM[11]=0x9999999999999999 0x9999999999999999
XMM[12]=0x2020202020202020 0x2020202020202020
XMM[13]=0x0000000000000000 0x0000000000000000
XMM[14]=0x0000000000000000 0x0000000000000000
XMM[15]=0x0000000000000000 0x0000000000000000
  MXCSR=0x00001fa2


Register to memory mapping:

RAX=0x00000000000000aa is an unknown value
RBX=0x000073d15850ea48 points into unknown readable memory: 0x000073d15850ea88 | 88 ea 50 58 d1 73 00 00
RCX=0x000073d1651adcf8 points into unknown readable memory: 0x000073d21f306d48 | 48 6d 30 1f d2 73 00 00
RDX=0x000073d158492ac8 points into unknown readable memory: 0x000073d1584d8ab0 | b0 8a 4d 58 d1 73 00 00
RSP=0x000073d1e5bf6d78 is pointing into the stack for thread: 0x000073d17009f740
RBP=0x000073d1e5bf6de0 is pointing into the stack for thread: 0x000073d17009f740
RSI=0x0 is null
RDI=0x0 is null
R8 =0x0000000000000001 is an unknown value
R9 =0x0000000000000032 is an unknown value
R10=0x000073d19b000e70 is a pointer to class: 
java.lang.Object {0x000073d19b000e70}
 - instance size:     2
 - klass size:        63
 - access:            public synchronized 
 - flags:             rewritten is_shared_boot_class has_localvariable_table has_vanilla_constructor has_final_method has_resolved_methods 
 - state:             fully_initialized
 - name:              'java/lang/Object'
 - super:             null
 - sub:               'org/apache/commons/text/StringSubstitutor$1'   'java/lang/invoke/LambdaForm$MH+0x000073d19c374000'   'java/lang/invoke/LambdaForm$MH+0x000073d19c373c00'   'java/lang/invoke/LambdaForm$MH+0x000073d19c373800'   (3484 more klasses...)
 - arrays:            'java/lang/Object'[]
 - methods:           Array<T>(0x000073d19b615bb0)
 - method ordering:   Array<T>(0x000073d19b615c30)
 - local interfaces:  Array<T>(0x000073d19b615c20)
 - trans. interfaces: Array<T>(0x000073d19b615c20)
 - constants:         constant pool [124] {0x000073d19b615780} for 'java/lang/Object' cache=0x000073d19b470c30
 - class loader data:  loader data: 0x000073d21811ecd0 of 'bootstrap'
 - source file:       'Object.java'
 - inner classes:     Array<T>(0x000073d19b615ba8)
 - nest members:     Array<T>(0x000073d19b615ba8)
 - permitted subclasses:     Array<T>(0x000073d19b615ba8)
 - java mirror:       a 'java/lang/Class'{0x00000007ffc7ff68} = 'java/lang/Object'
 - vtable length      5  (start addr: 0x000073d19b001030)
 - itable length      2 (start addr: 0x000073d19b001058)
 - ---- static fields (0 words):
 - ---- non-static fields (0 words):
 - non-static oop maps: 
R11=0x000073d16518b6f0 points into unknown readable memory: 0x0000000000000000 | 00 00 00 00 00 00 00 00
R12=0x0000000000000001 is an unknown value
R13=0x000073d1580d5a90 points into unknown readable memory: 0x000073d21f300be8 | e8 0b 30 1f d2 73 00 00
R14=0x000073d1651b3870 points into unknown readable memory: 0x000073d1e5bfdad0 | d0 da bf e5 d1 73 00 00
R15=0x0 is null

Top of Stack: (sp=0x000073d1e5bf6d78)
0x000073d1e5bf6d78:   000073d21e0ddd6e 000073d1e5bf6e30
0x000073d1e5bf6d88:   000073d21e20237e 000073d100000032
0x000073d1e5bf6d98:   000000001eba4e69 000073d1651b3a30
0x000073d1e5bf6da8:   000073d1651adcf8 000073d16517b7c8
0x000073d1e5bf6db8:   000073d1580d5a90 000073d1580d4bf0
0x000073d1e5bf6dc8:   000073d1651b3a30 000073d1651b3870
0x000073d1e5bf6dd8:   000073d1e5bf6fc0 000073d1e5bf6f30
0x000073d1e5bf6de8:   000073d21e0df529 000073d1e5bf6fbf
0x000073d1e5bf6df8:   000073d21e0df4cc 000073d1e5bf6e30
0x000073d1e5bf6e08:   000073d17009f740 000073d1e5bf6fbf
0x000073d1e5bf6e18:   0000000c10033988 000073d1e5bf6e60
0x000073d1e5bf6e28:   000073d1650f0b00 000073d1e5bf6ea0
0x000073d1e5bf6e38:   000073d21e204b87 000073d1e5bf6ec0
0x000073d1e5bf6e48:   000073d1e5bf6ec0 000073d1e5bf6fc0
0x000073d1e5bf6e58:   000073d170009550 000073d1904b0030
0x000073d1e5bf6e68:   000073d21e9a33bd 000073d1580d5600
0x000073d1e5bf6e78:   000073d1651737e0 000073d1e5bf6ea0
0x000073d1e5bf6e88:   000073d21e1ef40c 000073d1580d4bf0
0x000073d1e5bf6e98:   000073d1e5bf6fc0 000073d1e5bf6f30
0x000073d1e5bf6ea8:   000073d21e1eb8d5 000073d1e5bf6ec0
0x000073d1e5bf6eb8:   000073d1651762d0 000073d17009fe80
0x000073d1e5bf6ec8:   000073d1651737e0 0000000000000000
0x000073d1e5bf6ed8:   0000000201000000 000073d1e5bf6f30
0x000073d1e5bf6ee8:   000073d21e0df13c 000073d1580d4bf0
0x000073d1e5bf6ef8:   60302497db333900 000000e9000000b6
0x000073d1e5bf6f08:   000000000000b9ba 0000000000000000
0x000073d1e5bf6f18:   000073d1651b3870 000073d1580d5a90
0x000073d1e5bf6f28:   000073d1e5bfdad0 000073d1e5bf70b0
0x000073d1e5bf6f38:   000073d21e37639c 000073d1e5bf6f70
0x000073d1e5bf6f48:   000073d16517f990 000073d1e5bf6fbf
0x000073d1e5bf6f58:   0000000000000000 ffffffff000000b6
0x000073d1e5bf6f68:   00000001fffffffc 000073d17009f701 

Instructions: (pc=0x000073d21e8b58e0)
0x000073d21e8b57e0:   ca 72 ad 44 8b 57 1c 45 39 ca 0f 86 95 00 00 00
0x000073d21e8b57f0:   41 8d 52 ff 48 8b 77 08 49 89 d2 48 c1 e2 03 4c
0x000073d21e8b5800:   8d 1c 16 4d 8b 03 4d 85 c0 74 dc 4d 8b 48 10 4d
0x000073d21e8b5810:   85 c9 74 2b 41 8b 40 20 48 89 c1 49 8d 04 c1 90
0x000073d21e8b5820:   48 83 e8 08 48 3b 38 75 f7 83 e9 01 41 89 48 20
0x000073d21e8b5830:   49 8b 0c c9 48 89 08 48 8b 77 08 4c 8d 1c 16 8b
0x000073d21e8b5840:   47 1c 45 31 c9 44 8d 40 ff 44 89 d0 eb 16 66 90
0x000073d21e8b5850:   8d 50 01 48 89 d1 48 8b 14 d6 48 85 d2 74 0a 49
0x000073d21e8b5860:   89 d1 89 c8 44 39 c0 72 e7 4d 89 0b 48 8b 57 08
0x000073d21e8b5870:   48 c7 04 c2 00 00 00 00 44 8b 4f 18 45 39 ca 0f
0x000073d21e8b5880:   87 6b ff ff ff 44 8b 6f 28 45 89 ec 41 c1 ec 05
0x000073d21e8b5890:   44 3b a3 58 02 00 00 72 0f 48 8d bb 58 02 00 00
0x000073d21e8b58a0:   44 89 e6 e8 68 32 33 00 48 8b 93 60 02 00 00 44
0x000073d21e8b58b0:   89 e9 b8 01 00 00 00 d3 e0 89 c6 4a 8d 0c a2 8b
0x000073d21e8b58c0:   11 09 d6 85 d0 89 31 75 07 83 83 78 02 00 00 01
0x000073d21e8b58d0:   48 83 c4 08 5b 41 5c 41 5d 5d c3 90 0f 1f 40 00
0x000073d21e8b58e0:   8b 57 2c 55 48 89 f8 48 89 e5 83 e2 1f 83 fa 14
0x000073d21e8b58f0:   74 06 5d c3 0f 1f 40 00 40 84 f6 74 33 0f 1f 00
0x000073d21e8b5900:   83 78 18 02 75 ec 8b 50 2c 83 e2 1f 83 fa 14 75
0x000073d21e8b5910:   e1 8b 50 40 85 d2 75 da 48 8b 40 08 48 8b 40 08
0x000073d21e8b5920:   48 85 c0 75 db 5d c3 66 0f 1f 84 00 00 00 00 00
0x000073d21e8b5930:   83 78 18 02 75 bc 8b 50 2c 83 e2 1f 83 fa 14 75
0x000073d21e8b5940:   b1 48 8b 40 08 48 8b 40 08 48 85 c0 75 e2 5d c3
0x000073d21e8b5950:   55 48 89 e5 41 56 41 55 41 54 53 8b 47 20 48 8b
0x000073d21e8b5960:   5f 10 4c 8d 2c c3 4c 39 eb 73 35 41 89 f6 eb 09
0x000073d21e8b5970:   48 83 c3 08 4c 39 eb 73 27 4c 8b 23 49 8b 04 24
0x000073d21e8b5980:   4c 89 e7 ff 10 44 39 f0 75 e6 5b 4c 89 e0 41 5c
0x000073d21e8b5990:   41 5d 41 5e 5d c3 66 2e 0f 1f 84 00 00 00 00 00
0x000073d21e8b59a0:   45 31 e4 5b 4c 89 e0 41 5c 41 5d 41 5e 5d c3 90
0x000073d21e8b59b0:   55 48 89 e5 41 55 41 54 53 48 83 ec 08 8b 47 20
0x000073d21e8b59c0:   48 8b 5f 10 4c 8d 24 c3 4c 39 e3 73 33 41 89 f5
0x000073d21e8b59d0:   eb 0f 66 0f 1f 44 00 00 48 83 c3 08 49 39 dc 76 


Stack slot to memory mapping:

stack at sp + 0 slots: 0x000073d21e0ddd6e: <offset 0x00000000004ddd6e> in /home/mroth/.sdkman/candidates/java/21.0.7-amzn/lib/server/libjvm.so at 0x000073d21dc00000
stack at sp + 1 slots: 0x000073d1e5bf6e30 is pointing into the stack for thread: 0x000073d17009f740
stack at sp + 2 slots: 0x000073d21e20237e: <offset 0x000000000060237e> in /home/mroth/.sdkman/candidates/java/21.0.7-amzn/lib/server/libjvm.so at 0x000073d21dc00000
stack at sp + 3 slots: 0x000073d100000032 points into unknown readable memory: 00 00 02 00 00 00
stack at sp + 4 slots: 0x000000001eba4e69 is an unknown value
stack at sp + 5 slots: 0x000073d1651b3a30 points into unknown readable memory: 0x000073d1651b3830 | 30 38 1b 65 d1 73 00 00
stack at sp + 6 slots: 0x000073d1651adcf8 points into unknown readable memory: 0x000073d21f306d48 | 48 6d 30 1f d2 73 00 00
stack at sp + 7 slots: 0x000073d16517b7c8 points into unknown readable memory: 0x0000000000007ff5 | f5 7f 00 00 00 00 00 00


---------------  P R O C E S S  ---------------

Threads class SMR info:
_java_thread_list=0x000073d15c1d0150, length=21, elements={
0x000073d21802b840, 0x000073d21814b420, 0x000073d21814caa0, 0x000073d21814e220,
0x000073d21814f850, 0x000073d218150de0, 0x000073d218152990, 0x000073d218154040,
0x000073d2181605d0, 0x000073d2181638e0, 0x000073d17401c3f0, 0x000073d17009f740,
0x000073d160037fb0, 0x000073d160039250, 0x000073d15c001840, 0x000073d15c002ab0,
0x000073d2185da7b0, 0x000073d2185dc5d0, 0x000073d17415fc90, 0x000073d15c1ce390,
0x000073d15c1ceff0
}

Java Threads: ( => current thread )
  0x000073d21802b840 JavaThread "main"                              [_thread_in_Java, id=12709, stack(0x000073d21f700000,0x000073d21f800000) (1024K)]
  0x000073d21814b420 JavaThread "Reference Handler"          daemon [_thread_blocked, id=12717, stack(0x000073d1e7bfd000,0x000073d1e7cfd000) (1024K)]
  0x000073d21814caa0 JavaThread "Finalizer"                  daemon [_thread_blocked, id=12718, stack(0x000073d1e6d00000,0x000073d1e6e00000) (1024K)]
  0x000073d21814e220 JavaThread "Signal Dispatcher"          daemon [_thread_blocked, id=12719, stack(0x000073d1e6c00000,0x000073d1e6d00000) (1024K)]
  0x000073d21814f850 JavaThread "Service Thread"             daemon [_thread_blocked, id=12720, stack(0x000073d1e6b00000,0x000073d1e6c00000) (1024K)]
  0x000073d218150de0 JavaThread "Monitor Deflation Thread"   daemon [_thread_blocked, id=12721, stack(0x000073d1e6a00000,0x000073d1e6b00000) (1024K)]
  0x000073d218152990 JavaThread "C2 CompilerThread0"         daemon [_thread_in_native, id=12722, stack(0x000073d1e6900000,0x000073d1e6a00000) (1024K)]
  0x000073d218154040 JavaThread "C1 CompilerThread0"         daemon [_thread_blocked, id=12723, stack(0x000073d1e6800000,0x000073d1e6900000) (1024K)]
  0x000073d2181605d0 JavaThread "Notification Thread"        daemon [_thread_blocked, id=12724, stack(0x000073d1e6700000,0x000073d1e6800000) (1024K)]
  0x000073d2181638e0 JavaThread "Common-Cleaner"             daemon [_thread_blocked, id=12725, stack(0x000073d1e6300000,0x000073d1e6400000) (1024K)]
  0x000073d17401c3f0 JavaThread "C1 CompilerThread1"         daemon [_thread_blocked, id=12728, stack(0x000073d1e5f00000,0x000073d1e6000000) (1024K)]
=>0x000073d17009f740 JavaThread "C2 CompilerThread1"         daemon [_thread_in_native, id=12729, stack(0x000073d1e5b00000,0x000073d1e5c00000) (1024K)]
  0x000073d160037fb0 JavaThread "C1 CompilerThread2"         daemon [_thread_blocked, id=12735, stack(0x000073d1e5700000,0x000073d1e5800000) (1024K)]
  0x000073d160039250 JavaThread "C1 CompilerThread3"         daemon [_thread_blocked, id=12736, stack(0x000073d1e5300000,0x000073d1e5400000) (1024K)]
  0x000073d15c001840 JavaThread "C2 CompilerThread2"         daemon [_thread_in_native, id=12737, stack(0x000073d1e5200000,0x000073d1e5300000) (1024K)]
  0x000073d15c002ab0 JavaThread "C2 CompilerThread3"         daemon [_thread_in_native, id=12738, stack(0x000073d1e5100000,0x000073d1e5200000) (1024K)]
  0x000073d2185da7b0 JavaThread "ForkJoinPool.commonPool-worker-1" daemon [_thread_blocked, id=12750, stack(0x000073d1e44f5000,0x000073d1e45f5000) (1024K)]
  0x000073d2185dc5d0 JavaThread "ForkJoinPool.commonPool-worker-2" daemon [_thread_blocked, id=12751, stack(0x000073d1e43f5000,0x000073d1e44f5000) (1024K)]
  0x000073d17415fc90 JavaThread "C2 CompilerThread4"         daemon [_thread_in_native, id=12752, stack(0x000073d1e42f5000,0x000073d1e43f5000) (1024K)]
  0x000073d15c1ce390 JavaThread "C2 CompilerThread5"         daemon [_thread_in_native, id=12757, stack(0x000073d1e41f5000,0x000073d1e42f5000) (1024K)]
  0x000073d15c1ceff0 JavaThread "C2 CompilerThread6"         daemon [_thread_in_native, id=12758, stack(0x000073d19a700000,0x000073d19a800000) (1024K)]
Total: 21

Other Threads:
  0x000073d21813f8e0 VMThread "VM Thread"                           [id=12716, stack(0x000073d1e7cfe000,0x000073d1e7dfe000) (1024K)]
  0x000073d21812d800 WatcherThread "VM Periodic Task Thread"        [id=12715, stack(0x000073d1e7dff000,0x000073d1e7eff000) (1024K)]
  0x000073d2180573f0 WorkerThread "GC Thread#0"                     [id=12710, stack(0x000073d21c6f4000,0x000073d21c7f4000) (1024K)]
  0x000073d1880093d0 WorkerThread "GC Thread#1"                     [id=12739, stack(0x000073d1e5000000,0x000073d1e5100000) (1024K)]
  0x000073d188009eb0 WorkerThread "GC Thread#2"                     [id=12740, stack(0x000073d1e4eff000,0x000073d1e4fff000) (1024K)]
  0x000073d18800a990 WorkerThread "GC Thread#3"                     [id=12741, stack(0x000073d1e4dfe000,0x000073d1e4efe000) (1024K)]
  0x000073d18800b470 WorkerThread "GC Thread#4"                     [id=12742, stack(0x000073d1e4cfd000,0x000073d1e4dfd000) (1024K)]
  0x000073d18800bf50 WorkerThread "GC Thread#5"                     [id=12743, stack(0x000073d1e4bfc000,0x000073d1e4cfc000) (1024K)]
  0x000073d18800ca60 WorkerThread "GC Thread#6"                     [id=12744, stack(0x000073d1e4afb000,0x000073d1e4bfb000) (1024K)]
  0x000073d18800d570 WorkerThread "GC Thread#7"                     [id=12745, stack(0x000073d1e49fa000,0x000073d1e4afa000) (1024K)]
  0x000073d18800e0a0 WorkerThread "GC Thread#8"                     [id=12746, stack(0x000073d1e48f9000,0x000073d1e49f9000) (1024K)]
  0x000073d18800ebf0 WorkerThread "GC Thread#9"                     [id=12747, stack(0x000073d1e47f8000,0x000073d1e48f8000) (1024K)]
  0x000073d18800f740 WorkerThread "GC Thread#10"                    [id=12748, stack(0x000073d1e46f7000,0x000073d1e47f7000) (1024K)]
  0x000073d188010290 WorkerThread "GC Thread#11"                    [id=12749, stack(0x000073d1e45f6000,0x000073d1e46f6000) (1024K)]
  0x000073d188015620 WorkerThread "GC Thread#12"                    [id=12756, stack(0x000073d19ab00000,0x000073d19ac00000) (1024K)]
  0x000073d218068420 ConcurrentGCThread "G1 Main Marker"            [id=12711, stack(0x000073d21c5f3000,0x000073d21c6f3000) (1024K)]
  0x000073d2180693c0 WorkerThread "G1 Conc#0"                       [id=12712, stack(0x000073d21c4f2000,0x000073d21c5f2000) (1024K)]
  0x000073d1e8000d90 WorkerThread "G1 Conc#1"                       [id=12754, stack(0x000073d1e40f5000,0x000073d1e41f5000) (1024K)]
  0x000073d1e80018b0 WorkerThread "G1 Conc#2"                       [id=12755, stack(0x000073d19af00000,0x000073d19b000000) (1024K)]
  0x000073d218112ca0 ConcurrentGCThread "G1 Refine#0"               [id=12713, stack(0x000073d1f40f8000,0x000073d1f41f8000) (1024K)]
  0x000073d218113c50 ConcurrentGCThread "G1 Service"                [id=12714, stack(0x000073d1e7f00000,0x000073d1e8000000) (1024K)]
Total: 21

Threads with active compile tasks:
C2 CompilerThread0  2371 5898       4       de.crash.the.jvm.srv.gen.CrashTheJvm$_ConfScope::fromEnvironment (29 bytes)
C2 CompilerThread1  2371 5936       4       de.crash.the.jvm.srv.gen.CrashTheJvm$ColumnDefinition::description (33 bytes)
C2 CompilerThread2  2371 5935       4       java.lang.invoke.LambdaForm$MH/0x000073d19c36a800::invoke (42 bytes)
C2 CompilerThread3  2371 5982       4       org.apache.velocity.runtime.parser.StandardParser::jj_scan_token (172 bytes)
C2 CompilerThread4  2371 5937       4       de.crash.the.jvm.srv.gen.CrashTheJvm$_Configuration::get (76 bytes)
C2 CompilerThread5  2371 5974       4       java.lang.StackStreamFactory$StackFrameTraverser::tryAdvance (114 bytes)
C2 CompilerThread6  2371 5934       4       de.crash.the.jvm.srv.gen.CrashTheJvm$_Lib::getProp (13 bytes)
Total: 7

VM state: not at safepoint (normal execution)

VM Mutex/Monitor currently owned by a thread: None

Heap address: 0x000000060c000000, size: 8000 MB, Compressed Oops mode: Zero based, Oop shift amount: 3

CDS archive(s) mapped at: [0x000073d19b000000-0x000073d19bc97000-0x000073d19bc97000), size 13201408, SharedBaseAddress: 0x000073d19b000000, ArchiveRelocationMode: 1.
Compressed class space mapped at: 0x000073d19c000000-0x000073d1dc000000, reserved size: 1073741824
Narrow klass base: 0x000073d19b000000, Narrow klass shift: 0, Narrow klass range: 0x100000000

GC Precious Log:
 CardTable entry size: 512
 Card Set container configuration: InlinePtr #cards 4 size 8 Array Of Cards #cards 32 size 80 Howl #buckets 8 coarsen threshold 7372 Howl Bitmap #cards 1024 size 144 coarsen threshold 921 Card regions per heap region 1 cards per card region 8192
 CPUs: 16 total, 16 available
 Memory: 31999M
 Large Page Support: Disabled
 NUMA Support: Disabled
 Compressed Oops: Enabled (Zero based)
 Heap Region Size: 4M
 Heap Min Capacity: 8M
 Heap Initial Capacity: 500M
 Heap Max Capacity: 8000M
 Pre-touch: Disabled
 Parallel Workers: 13
 Concurrent Workers: 3
 Concurrent Refinement Workers: 13
 Periodic GC: Disabled

Heap:
 garbage-first heap   total 98304K, used 64919K [0x000000060c000000, 0x0000000800000000)
  region size 4096K, 12 young (49152K), 1 survivors (4096K)
 Metaspace       used 27974K, committed 28608K, reserved 1114112K
  class space    used 3118K, committed 3456K, reserved 1048576K

Heap Regions: E=young(eden), S=young(survivor), O=old, HS=humongous(starts), HC=humongous(continues), CS=collection set, F=free, TAMS=top-at-mark-start, PB=parsable bottom
|   0|0x000000060c000000, 0x000000060c400000, 0x000000060c400000|100%| O|  |TAMS 0x000000060c000000| PB 0x000000060c000000| Untracked 
|   1|0x000000060c400000, 0x000000060c400000, 0x000000060c800000|  0%| F|  |TAMS 0x000000060c400000| PB 0x000000060c400000| Untracked 
|   2|0x000000060c800000, 0x000000060cc00000, 0x000000060cc00000|100%| O|  |TAMS 0x000000060c800000| PB 0x000000060c800000| Untracked 
|   3|0x000000060cc00000, 0x000000060d000000, 0x000000060d000000|100%| O|  |TAMS 0x000000060cc00000| PB 0x000000060cc00000| Untracked 
|   4|0x000000060d000000, 0x000000060d400000, 0x000000060d400000|100%| O|  |TAMS 0x000000060d000000| PB 0x000000060d000000| Untracked 
|   5|0x000000060d400000, 0x000000060d7e0950, 0x000000060d800000| 96%| O|  |TAMS 0x000000060d400000| PB 0x000000060d400000| Untracked 
|   6|0x000000060d800000, 0x000000060d800000, 0x000000060dc00000|  0%| F|  |TAMS 0x000000060d800000| PB 0x000000060d800000| Untracked 
|   7|0x000000060dc00000, 0x000000060dc00000, 0x000000060e000000|  0%| F|  |TAMS 0x000000060dc00000| PB 0x000000060dc00000| Untracked 
|   8|0x000000060e000000, 0x000000060e278c40, 0x000000060e400000| 61%| S|CS|TAMS 0x000000060e000000| PB 0x000000060e000000| Complete 
|   9|0x000000060e400000, 0x000000060e400000, 0x000000060e800000|  0%| F|  |TAMS 0x000000060e400000| PB 0x000000060e400000| Untracked 
|  10|0x000000060e800000, 0x000000060e800000, 0x000000060ec00000|  0%| F|  |TAMS 0x000000060e800000| PB 0x000000060e800000| Untracked 
|  11|0x000000060ec00000, 0x000000060ec00000, 0x000000060f000000|  0%| F|  |TAMS 0x000000060ec00000| PB 0x000000060ec00000| Untracked 
|  12|0x000000060f000000, 0x000000060f1ac050, 0x000000060f400000| 41%| E|  |TAMS 0x000000060f000000| PB 0x000000060f000000| Complete 
|  13|0x000000060f400000, 0x000000060f800000, 0x000000060f800000|100%| E|CS|TAMS 0x000000060f400000| PB 0x000000060f400000| Complete 
|  14|0x000000060f800000, 0x000000060fc00000, 0x000000060fc00000|100%| E|CS|TAMS 0x000000060f800000| PB 0x000000060f800000| Complete 
|  15|0x000000060fc00000, 0x0000000610000000, 0x0000000610000000|100%| E|CS|TAMS 0x000000060fc00000| PB 0x000000060fc00000| Complete 
|  16|0x0000000610000000, 0x0000000610400000, 0x0000000610400000|100%| E|CS|TAMS 0x0000000610000000| PB 0x0000000610000000| Complete 
|  17|0x0000000610400000, 0x0000000610800000, 0x0000000610800000|100%| E|CS|TAMS 0x0000000610400000| PB 0x0000000610400000| Complete 
| 114|0x0000000628800000, 0x0000000628c00000, 0x0000000628c00000|100%| E|CS|TAMS 0x0000000628800000| PB 0x0000000628800000| Complete 
| 115|0x0000000628c00000, 0x0000000629000000, 0x0000000629000000|100%| E|CS|TAMS 0x0000000628c00000| PB 0x0000000628c00000| Complete 
| 116|0x0000000629000000, 0x0000000629400000, 0x0000000629400000|100%| E|CS|TAMS 0x0000000629000000| PB 0x0000000629000000| Complete 
| 123|0x000000062ac00000, 0x000000062b000000, 0x000000062b000000|100%| E|CS|TAMS 0x000000062ac00000| PB 0x000000062ac00000| Complete 
| 124|0x000000062b000000, 0x000000062b400000, 0x000000062b400000|100%| E|CS|TAMS 0x000000062b000000| PB 0x000000062b000000| Complete 
|1999|0x00000007ffc00000, 0x00000007ffd0c708, 0x0000000800000000| 26%| O|  |TAMS 0x00000007ffc00000| PB 0x00000007ffc00000| Untracked 

Card table byte_map: [0x000073d1fe8c0000,0x000073d1ff860000] _byte_map_base: 0x000073d1fb860000

Marking Bits: (CMBitMap*) 0x000073d218057f10
 Bits: [0x000073d1f6bc0000, 0x000073d1fe8c0000)

Polling page: 0x000073d21fbe1000

Metaspace:

Usage:
  Non-class:     24.27 MB used.
      Class:      3.05 MB used.
       Both:     27.32 MB used.

Virtual space:
  Non-class space:       64.00 MB reserved,      24.56 MB ( 38%) committed,  1 nodes.
      Class space:        1.00 GB reserved,       3.38 MB ( <1%) committed,  1 nodes.
             Both:        1.06 GB reserved,      27.94 MB (  3%) committed. 

Chunk freelists:
   Non-Class:  7.34 MB
       Class:  12.55 MB
        Both:  19.89 MB

MaxMetaspaceSize: unlimited
CompressedClassSpaceSize: 1.00 GB
Initial GC threshold: 21.00 MB
Current GC threshold: 35.31 MB
CDS: on
 - commit_granule_bytes: 65536.
 - commit_granule_words: 8192.
 - virtual_space_node_default_size: 8388608.
 - enlarge_chunks_in_place: 1.
 - use_allocation_guard: 0.


Internal statistics:

num_allocs_failed_limit: 3.
num_arena_births: 896.
num_arena_deaths: 0.
num_vsnodes_births: 2.
num_vsnodes_deaths: 0.
num_space_committed: 447.
num_space_uncommitted: 0.
num_chunks_returned_to_freelist: 3.
num_chunks_taken_from_freelist: 1964.
num_chunk_merges: 3.
num_chunk_splits: 1295.
num_chunks_enlarged: 815.
num_inconsistent_stats: 0.

CodeHeap 'non-profiled nmethods': size=119168Kb used=3771Kb max_used=3771Kb free=115397Kb
 bounds [0x000073d2083a0000, 0x000073d208750000, 0x000073d20f800000]
CodeHeap 'profiled nmethods': size=119164Kb used=13085Kb max_used=13085Kb free=106078Kb
 bounds [0x000073d200800000, 0x000073d2014d0000, 0x000073d207c5f000]
CodeHeap 'non-nmethods': size=7428Kb used=3604Kb max_used=3672Kb free=3824Kb
 bounds [0x000073d207c5f000, 0x000073d20800f000, 0x000073d2083a0000]
 total_blobs=6679 nmethods=5969 adapters=610
 compilation: enabled
              stopped_count=0, restarted_count=0
 full_count=0

Compilation events (20 events):
Event: 2.317 Thread 0x000073d160037fb0 nmethod 5940 0x000073d2014afd10 code [0x000073d2014affc0, 0x000073d2014b0ec8]
Event: 2.317 Thread 0x000073d218154040 nmethod 5943 0x000073d2014b1410 code [0x000073d2014b1660, 0x000073d2014b1e68]
Event: 2.320 Thread 0x000073d160037fb0 5944       3       java.util.Stack::<init> (5 bytes)
Event: 2.320 Thread 0x000073d17401c3f0 5945       3       java.util.Vector::<init> (7 bytes)
Event: 2.320 Thread 0x000073d17401c3f0 nmethod 5945 0x000073d2014b2190 code [0x000073d2014b2340, 0x000073d2014b24e0]
Event: 2.320 Thread 0x000073d160037fb0 nmethod 5944 0x000073d2014b2590 code [0x000073d2014b2740, 0x000073d2014b2940]
Event: 2.321 Thread 0x000073d160037fb0 5946   !   3       org.apache.velocity.runtime.parser.StandardParser::Statement (1038 bytes)
Event: 2.321 Thread 0x000073d17401c3f0 5948       3       org.apache.velocity.runtime.parser.StandardParser::jj_3_1 (11 bytes)
Event: 2.321 Thread 0x000073d160039250 5947   !   3       org.apache.velocity.runtime.parser.StandardParser::jj_2_1 (61 bytes)
Event: 2.321 Thread 0x000073d17401c3f0 nmethod 5948 0x000073d2014b2a10 code [0x000073d2014b2be0, 0x000073d2014b2ef8]
Event: 2.321 Thread 0x000073d17401c3f0 5949       1       org.apache.velocity.runtime.resource.Resource::getResourceLoader (5 bytes)
Event: 2.321 Thread 0x000073d17401c3f0 nmethod 5949 0x000073d208742990 code [0x000073d208742b20, 0x000073d208742be8]
Event: 2.321 Thread 0x000073d160039250 nmethod 5947 0x000073d2014b3010 code [0x000073d2014b3220, 0x000073d2014b37d8]
Event: 2.324 Thread 0x000073d160039250 5950       3       org.apache.velocity.context.InternalContextAdapterImpl::setCurrentResource (11 bytes)
Event: 2.324 Thread 0x000073d218154040 5951       3       org.apache.velocity.context.AbstractContext::setCurrentResource (6 bytes)
Event: 2.324 Thread 0x000073d160039250 nmethod 5950 0x000073d2014b3a10 code [0x000073d2014b3bc0, 0x000073d2014b3d98]
Event: 2.324 Thread 0x000073d218154040 nmethod 5951 0x000073d2014b3e90 code [0x000073d2014b4020, 0x000073d2014b4190]
Event: 2.325 Thread 0x000073d160037fb0 nmethod 5946 0x000073d2014b4210 code [0x000073d2014b4ac0, 0x000073d2014b8b68]
Event: 2.335 Thread 0x000073d160037fb0 5952   !   3       org.apache.velocity.runtime.parser.VelocityCharStream::FillBuff (263 bytes)
Event: 2.336 Thread 0x000073d160037fb0 nmethod 5952 0x000073d2014ba290 code [0x000073d2014ba4c0, 0x000073d2014babf8]

GC Heap History (12 events):
Event: 0.325 GC heap before
{Heap before GC invocations=0 (full 0):
 garbage-first heap   total 516096K, used 21553K [0x000000060c000000, 0x0000000800000000)
  region size 4096K, 6 young (24576K), 0 survivors (0K)
 Metaspace       used 9064K, committed 9216K, reserved 1114112K
  class space    used 903K, committed 960K, reserved 1048576K
}
Event: 0.329 GC heap after
{Heap after GC invocations=1 (full 0):
 garbage-first heap   total 516096K, used 5844K [0x000000060c000000, 0x0000000800000000)
  region size 4096K, 1 young (4096K), 1 survivors (4096K)
 Metaspace       used 9064K, committed 9216K, reserved 1114112K
  class space    used 903K, committed 960K, reserved 1048576K
}
Event: 0.439 GC heap before
{Heap before GC invocations=1 (full 0):
 garbage-first heap   total 516096K, used 30420K [0x000000060c000000, 0x0000000800000000)
  region size 4096K, 7 young (28672K), 1 survivors (4096K)
 Metaspace       used 10949K, committed 11200K, reserved 1114112K
  class space    used 1115K, committed 1216K, reserved 1048576K
}
Event: 0.441 GC heap after
{Heap after GC invocations=2 (full 0):
 garbage-first heap   total 516096K, used 9183K [0x000000060c000000, 0x0000000800000000)
  region size 4096K, 1 young (4096K), 1 survivors (4096K)
 Metaspace       used 10949K, committed 11200K, reserved 1114112K
  class space    used 1115K, committed 1216K, reserved 1048576K
}
Event: 0.835 GC heap before
{Heap before GC invocations=2 (full 0):
 garbage-first heap   total 516096K, used 66527K [0x000000060c000000, 0x0000000800000000)
  region size 4096K, 15 young (61440K), 1 survivors (4096K)
 Metaspace       used 15059K, committed 15296K, reserved 1114112K
  class space    used 1702K, committed 1856K, reserved 1048576K
}
Event: 0.838 GC heap after
{Heap after GC invocations=3 (full 0):
 garbage-first heap   total 516096K, used 13189K [0x000000060c000000, 0x0000000800000000)
  region size 4096K, 2 young (8192K), 2 survivors (8192K)
 Metaspace       used 15059K, committed 15296K, reserved 1114112K
  class space    used 1702K, committed 1856K, reserved 1048576K
}
Event: 1.104 GC heap before
{Heap before GC invocations=3 (full 0):
 garbage-first heap   total 516096K, used 41861K [0x000000060c000000, 0x0000000800000000)
  region size 4096K, 10 young (40960K), 2 survivors (8192K)
 Metaspace       used 21193K, committed 21504K, reserved 1114112K
  class space    used 2437K, committed 2560K, reserved 1048576K
}
Event: 1.107 GC heap after
{Heap after GC invocations=4 (full 0):
 garbage-first heap   total 516096K, used 15033K [0x000000060c000000, 0x0000000800000000)
  region size 4096K, 3 young (12288K), 3 survivors (12288K)
 Metaspace       used 21193K, committed 21504K, reserved 1114112K
  class space    used 2437K, committed 2560K, reserved 1048576K
}
Event: 1.713 GC heap before
{Heap before GC invocations=5 (full 0):
 garbage-first heap   total 81920K, used 72377K [0x000000060c000000, 0x0000000800000000)
  region size 4096K, 17 young (69632K), 3 survivors (12288K)
 Metaspace       used 27707K, committed 28352K, reserved 1114112K
  class space    used 3118K, committed 3456K, reserved 1048576K
}
Event: 1.721 GC heap after
{Heap after GC invocations=6 (full 0):
 garbage-first heap   total 98304K, used 22494K [0x000000060c000000, 0x0000000800000000)
  region size 4096K, 4 young (16384K), 4 survivors (16384K)
 Metaspace       used 27707K, committed 28352K, reserved 1114112K
  class space    used 3118K, committed 3456K, reserved 1048576K
}
Event: 2.077 GC heap before
{Heap before GC invocations=6 (full 0):
 garbage-first heap   total 98304K, used 63454K [0x000000060c000000, 0x0000000800000000)
  region size 4096K, 14 young (57344K), 4 survivors (16384K)
 Metaspace       used 27808K, committed 28480K, reserved 1114112K
  class space    used 3118K, committed 3456K, reserved 1048576K
}
Event: 2.084 GC heap after
{Heap after GC invocations=7 (full 0):
 garbage-first heap   total 98304K, used 23959K [0x000000060c000000, 0x0000000800000000)
  region size 4096K, 1 young (4096K), 1 survivors (4096K)
 Metaspace       used 27808K, committed 28480K, reserved 1114112K
  class space    used 3118K, committed 3456K, reserved 1048576K
}

Dll operation events (9 events):
Event: 0.001 Loaded shared library /home/mroth/.sdkman/candidates/java/21.0.7-amzn/lib/libjava.so
Event: 0.018 Loaded shared library /home/mroth/.sdkman/candidates/java/21.0.7-amzn/lib/libjsvml.so
Event: 0.023 Loaded shared library /home/mroth/.sdkman/candidates/java/21.0.7-amzn/lib/libnio.so
Event: 0.024 Loaded shared library /home/mroth/.sdkman/candidates/java/21.0.7-amzn/lib/libzip.so
Event: 0.051 Loaded shared library /home/mroth/.sdkman/candidates/java/21.0.7-amzn/lib/libverify.so
Event: 0.065 Loaded shared library /home/mroth/.sdkman/candidates/java/21.0.7-amzn/lib/libjimage.so
Event: 0.342 Loaded shared library /home/mroth/.sdkman/candidates/java/21.0.7-amzn/lib/libnet.so
Event: 1.095 Loaded shared library /home/mroth/.sdkman/candidates/java/21.0.7-amzn/lib/libmanagement.so
Event: 1.096 Loaded shared library /home/mroth/.sdkman/candidates/java/21.0.7-amzn/lib/libmanagement_ext.so

Deoptimization events (20 events):
Event: 2.053 Thread 0x000073d21802b840 DEOPT PACKING pc=0x000073d20864cd40 sp=0x000073d21f7fb6b0
Event: 2.053 Thread 0x000073d21802b840 DEOPT UNPACKING pc=0x000073d207cb2f99 sp=0x000073d21f7fb638 mode 2
Event: 2.274 Thread 0x000073d21802b840 DEOPT PACKING pc=0x000073d2086d3f24 sp=0x000073d21f7fc960
Event: 2.274 Thread 0x000073d21802b840 DEOPT UNPACKING pc=0x000073d207cb372f sp=0x000073d21f7fba30 mode 0
Event: 2.275 Thread 0x000073d21802b840 DEOPT PACKING pc=0x000073d2086cb5a0 sp=0x000073d21f7fc630
Event: 2.275 Thread 0x000073d21802b840 DEOPT UNPACKING pc=0x000073d207cb372f sp=0x000073d21f7fb250 mode 0
Event: 2.275 Thread 0x000073d21802b840 DEOPT PACKING pc=0x000073d2086cf674 sp=0x000073d21f7fbd00
Event: 2.275 Thread 0x000073d21802b840 DEOPT UNPACKING pc=0x000073d207cb372f sp=0x000073d21f7faed0 mode 0
Event: 2.276 Thread 0x000073d21802b840 DEOPT PACKING pc=0x000073d2086d83f0 sp=0x000073d21f7fb9a0
Event: 2.276 Thread 0x000073d21802b840 DEOPT UNPACKING pc=0x000073d207cb372f sp=0x000073d21f7fa7e8 mode 0
Event: 2.276 Thread 0x000073d21802b840 DEOPT PACKING pc=0x000073d2086f95dc sp=0x000073d21f7fb2b0
Event: 2.276 Thread 0x000073d21802b840 DEOPT UNPACKING pc=0x000073d207cb372f sp=0x000073d21f7fa0f0 mode 0
Event: 2.276 Thread 0x000073d21802b840 DEOPT PACKING pc=0x000073d2086f2fdc sp=0x000073d21f7fb420
Event: 2.276 Thread 0x000073d21802b840 DEOPT UNPACKING pc=0x000073d207cb372f sp=0x000073d21f7fa260 mode 0
Event: 2.277 Thread 0x000073d21802b840 DEOPT PACKING pc=0x000073d20138b33c sp=0x000073d21f7fae70
Event: 2.277 Thread 0x000073d21802b840 DEOPT UNPACKING pc=0x000073d207cb372f sp=0x000073d21f7fa2f0 mode 0
Event: 2.277 Thread 0x000073d21802b840 DEOPT PACKING pc=0x000073d208708428 sp=0x000073d21f7fbe20
Event: 2.277 Thread 0x000073d21802b840 DEOPT UNPACKING pc=0x000073d207cb372f sp=0x000073d21f7fafc0 mode 0
Event: 2.277 Thread 0x000073d21802b840 DEOPT PACKING pc=0x000073d20871f190 sp=0x000073d21f7fc670
Event: 2.277 Thread 0x000073d21802b840 DEOPT UNPACKING pc=0x000073d207cb372f sp=0x000073d21f7fb338 mode 0

Classes loaded (20 events):
Event: 1.356 Loading class java/lang/BooleanBeanInfo
Event: 1.356 Loading class java/lang/BooleanBeanInfo done
Event: 1.356 Loading class java/lang/BooleanBeanInfo
Event: 1.356 Loading class java/lang/BooleanBeanInfo done
Event: 1.356 Loading class java/lang/BooleanCustomizer
Event: 1.356 Loading class java/lang/BooleanCustomizer done
Event: 1.356 Loading class java/lang/BooleanCustomizer
Event: 1.356 Loading class java/lang/BooleanCustomizer done
Event: 1.372 Loading class java/io/FilterWriter
Event: 1.372 Loading class java/io/FilterWriter done
Event: 1.384 Loading class java/lang/StringBeanInfo
Event: 1.384 Loading class java/lang/StringBeanInfo done
Event: 1.384 Loading class java/lang/StringBeanInfo
Event: 1.384 Loading class java/lang/StringBeanInfo done
Event: 1.384 Loading class java/lang/StringCustomizer
Event: 1.384 Loading class java/lang/StringCustomizer done
Event: 1.384 Loading class java/lang/StringCustomizer
Event: 1.384 Loading class java/lang/StringCustomizer done
Event: 1.407 Loading class java/lang/StringIndexOutOfBoundsException
Event: 1.407 Loading class java/lang/StringIndexOutOfBoundsException done

Classes unloaded (0 events):
No events

Classes redefined (0 events):
No events

Internal exceptions (20 events):
Event: 1.368 Thread 0x000073d21802b840 Exception <a 'java/lang/ClassNotFoundException'{0x000000060e381a98}: org/apache/commons/configuration2/event/BaseEventSourceBeanInfo> (0x000000060e381a98) 
thrown [src/hotspot/share/classfile/systemDictionary.cpp, line 312]
Event: 1.368 Thread 0x000073d21802b840 Exception <a 'java/lang/ClassNotFoundException'{0x000000060e388788}: org/apache/commons/configuration2/event/BaseEventSourceCustomizer> (0x000000060e388788) 
thrown [src/hotspot/share/classfile/systemDictionary.cpp, line 312]
Event: 1.369 Thread 0x000073d21802b840 Exception <a 'java/lang/ClassNotFoundException'{0x000000060e3a1960}: org/apache/commons/configuration2/AbstractConfigurationCustomizer> (0x000000060e3a1960) 
thrown [src/hotspot/share/classfile/systemDictionary.cpp, line 312]
Event: 1.370 Thread 0x000073d21802b840 Exception <a 'java/lang/ClassNotFoundException'{0x000000060e3ecec8}: org/apache/commons/configuration2/BaseConfigurationCustomizer> (0x000000060e3ecec8) 
thrown [src/hotspot/share/classfile/systemDictionary.cpp, line 312]
Event: 1.370 Thread 0x000073d21802b840 Exception <a 'java/lang/ClassNotFoundException'{0x000000060dc00b98}: org/apache/commons/configuration2/PropertiesConfigurationCustomizer> (0x000000060dc00b98) 
thrown [src/hotspot/share/classfile/systemDictionary.cpp, line 312]
Event: 1.381 Thread 0x000073d21802b840 Exception <a 'java/lang/ClassNotFoundException'{0x000000060dd232a8}: org/apache/commons/configuration2/convert/DisabledListDelimiterHandlerBeanInfo> (0x000000060dd232a8) 
thrown [src/hotspot/share/classfile/systemDictionary.cpp, line 312]
Event: 1.381 Thread 0x000073d21802b840 Exception <a 'java/lang/ClassNotFoundException'{0x000000060dd2a3a0}: org/apache/commons/configuration2/convert/AbstractListDelimiterHandlerBeanInfo> (0x000000060dd2a3a0) 
thrown [src/hotspot/share/classfile/systemDictionary.cpp, line 312]
Event: 1.382 Thread 0x000073d21802b840 Exception <a 'java/lang/ClassNotFoundException'{0x000000060dd31508}: org/apache/commons/configuration2/convert/AbstractListDelimiterHandlerCustomizer> (0x000000060dd31508) 
thrown [src/hotspot/share/classfile/systemDictionary.cpp, line 312]
Event: 1.382 Thread 0x000073d21802b840 Exception <a 'java/lang/ClassNotFoundException'{0x000000060dd3d540}: org/apache/commons/configuration2/convert/DisabledListDelimiterHandlerCustomizer> (0x000000060dd3d540) 
thrown [src/hotspot/share/classfile/systemDictionary.cpp, line 312]
Event: 1.384 Thread 0x000073d21802b840 Exception <a 'java/lang/ClassNotFoundException'{0x000000060dd71750}: java/lang/StringBeanInfo> (0x000000060dd71750) 
thrown [src/hotspot/share/classfile/systemDictionary.cpp, line 312]
Event: 1.384 Thread 0x000073d21802b840 Exception <a 'java/lang/ClassNotFoundException'{0x000000060dd761c0}: java/lang/StringCustomizer> (0x000000060dd761c0) 
thrown [src/hotspot/share/classfile/systemDictionary.cpp, line 312]
Event: 1.388 Thread 0x000073d21802b840 Exception <a 'java/lang/NoSuchMethodError'{0x000000060ddd9508}: 'void java.lang.invoke.DirectMethodHandle$Holder.invokeInterface(java.lang.Object, java.lang.Object, java.lang.Object, java.lang.Object)'> (0x000000060ddd9508) 
thrown [src/hotspot/share/interpreter/linkResolver.cpp, line 773]
Event: 1.402 Thread 0x000073d21802b840 Exception <a 'java/lang/ClassNotFoundException'{0x000000060df77e38}: org/codehaus/groovy/util/HashCodeHelperBeanInfo> (0x000000060df77e38) 
thrown [src/hotspot/share/classfile/systemDictionary.cpp, line 312]
Event: 1.402 Thread 0x000073d21802b840 Exception <a 'java/lang/ClassNotFoundException'{0x000000060df7e618}: org/codehaus/groovy/util/HashCodeHelperCustomizer> (0x000000060df7e618) 
thrown [src/hotspot/share/classfile/systemDictionary.cpp, line 312]
Event: 1.403 Thread 0x000073d21802b840 Exception <a 'java/lang/NoSuchMethodError'{0x000000060df8b1c0}: 'int java.lang.invoke.DirectMethodHandle$Holder.invokeStaticInit(java.lang.Object)'> (0x000000060df8b1c0) 
thrown [src/hotspot/share/interpreter/linkResolver.cpp, line 773]
Event: 1.403 Thread 0x000073d21802b840 Exception <a 'java/lang/NoSuchMethodError'{0x000000060df8e7c8}: 'int java.lang.invoke.DelegatingMethodHandle$Holder.reinvoke_L(java.lang.Object)'> (0x000000060df8e7c8) 
thrown [src/hotspot/share/interpreter/linkResolver.cpp, line 773]
Event: 1.403 Thread 0x000073d21802b840 Exception <a 'java/lang/NoSuchMethodError'{0x000000060df999d0}: 'int java.lang.invoke.DirectMethodHandle$Holder.invokeSpecial(java.lang.Object, java.lang.Object, int, java.lang.Object)'> (0x000000060df999d0) 
thrown [src/hotspot/share/interpreter/linkResolver.cpp, line 773]
Event: 1.404 Thread 0x000073d21802b840 Exception <a 'java/lang/NoSuchMethodError'{0x000000060df9d2a8}: 'int java.lang.invoke.DelegatingMethodHandle$Holder.reinvoke_L(java.lang.Object, int, java.lang.Object)'> (0x000000060df9d2a8) 
thrown [src/hotspot/share/interpreter/linkResolver.cpp, line 773]
Event: 1.410 Thread 0x000073d21802b840 Implicit null exception at 0x000073d208610547 to 0x000073d208610800
Event: 1.425 Thread 0x000073d21802b840 Implicit null exception at 0x000073d208613f7f to 0x000073d20861437c

ZGC Phase Switch (0 events):
No events

VM Operations (20 events):
Event: 2.077 Executing VM operation: G1CollectForAllocation (G1 Evacuation Pause)
Event: 2.084 Executing VM operation: G1CollectForAllocation (G1 Evacuation Pause) done
Event: 2.274 Executing VM operation: HandshakeAllThreads (Deoptimize)
Event: 2.274 Executing VM operation: HandshakeAllThreads (Deoptimize) done
Event: 2.275 Executing VM operation: HandshakeAllThreads (Deoptimize)
Event: 2.275 Executing VM operation: HandshakeAllThreads (Deoptimize) done
Event: 2.275 Executing VM operation: HandshakeAllThreads (Deoptimize)
Event: 2.275 Executing VM operation: HandshakeAllThreads (Deoptimize) done
Event: 2.276 Executing VM operation: HandshakeAllThreads (Deoptimize)
Event: 2.276 Executing VM operation: HandshakeAllThreads (Deoptimize) done
Event: 2.276 Executing VM operation: HandshakeAllThreads (Deoptimize)
Event: 2.276 Executing VM operation: HandshakeAllThreads (Deoptimize) done
Event: 2.276 Executing VM operation: HandshakeAllThreads (Deoptimize)
Event: 2.276 Executing VM operation: HandshakeAllThreads (Deoptimize) done
Event: 2.277 Executing VM operation: HandshakeAllThreads (Deoptimize)
Event: 2.277 Executing VM operation: HandshakeAllThreads (Deoptimize) done
Event: 2.277 Executing VM operation: HandshakeAllThreads (Deoptimize)
Event: 2.277 Executing VM operation: HandshakeAllThreads (Deoptimize) done
Event: 2.277 Executing VM operation: HandshakeAllThreads (Deoptimize)
Event: 2.277 Executing VM operation: HandshakeAllThreads (Deoptimize) done

Memory protections (20 events):
Event: 0.017 Protecting memory [0x000073d1e6d00000,0x000073d1e6d04000] with protection modes 0
Event: 0.017 Protecting memory [0x000073d1e6c00000,0x000073d1e6c04000] with protection modes 0
Event: 0.018 Protecting memory [0x000073d1e6b00000,0x000073d1e6b04000] with protection modes 0
Event: 0.018 Protecting memory [0x000073d1e6a00000,0x000073d1e6a04000] with protection modes 0
Event: 0.018 Protecting memory [0x000073d1e6900000,0x000073d1e6904000] with protection modes 0
Event: 0.018 Protecting memory [0x000073d1e6800000,0x000073d1e6804000] with protection modes 0
Event: 0.021 Protecting memory [0x000073d1e6700000,0x000073d1e6704000] with protection modes 0
Event: 0.022 Protecting memory [0x000073d1e6300000,0x000073d1e6304000] with protection modes 0
Event: 0.026 Protecting memory [0x000073d1e5f00000,0x000073d1e5f04000] with protection modes 0
Event: 0.031 Protecting memory [0x000073d1e5b00000,0x000073d1e5b04000] with protection modes 0
Event: 0.075 Protecting memory [0x000073d1e5700000,0x000073d1e5704000] with protection modes 0
Event: 0.075 Protecting memory [0x000073d1e5300000,0x000073d1e5304000] with protection modes 0
Event: 0.079 Protecting memory [0x000073d1e5200000,0x000073d1e5204000] with protection modes 0
Event: 0.079 Protecting memory [0x000073d1e5100000,0x000073d1e5104000] with protection modes 0
Event: 0.333 Protecting memory [0x000073d1e44f5000,0x000073d1e44f9000] with protection modes 0
Event: 0.334 Protecting memory [0x000073d1e43f5000,0x000073d1e43f9000] with protection modes 0
Event: 0.362 Protecting memory [0x000073d1e42f5000,0x000073d1e42f9000] with protection modes 0
Event: 0.384 Protecting memory [0x000073d1e41f5000,0x000073d1e41f9000] with protection modes 0
Event: 2.253 Protecting memory [0x000073d1e41f5000,0x000073d1e41f9000] with protection modes 0
Event: 2.254 Protecting memory [0x000073d19a700000,0x000073d19a704000] with protection modes 0

Nmethod flushes (0 events):
No events

Events (20 events):
Event: 0.017 Thread 0x000073d21802b840 Thread added: 0x000073d21814e220
Event: 0.018 Thread 0x000073d21802b840 Thread added: 0x000073d21814f850
Event: 0.018 Thread 0x000073d21802b840 Thread added: 0x000073d218150de0
Event: 0.018 Thread 0x000073d21802b840 Thread added: 0x000073d218152990
Event: 0.018 Thread 0x000073d21802b840 Thread added: 0x000073d218154040
Event: 0.021 Thread 0x000073d21802b840 Thread added: 0x000073d2181605d0
Event: 0.022 Thread 0x000073d21802b840 Thread added: 0x000073d2181638e0
Event: 0.026 Thread 0x000073d218154040 Thread added: 0x000073d17401c3f0
Event: 0.031 Thread 0x000073d218152990 Thread added: 0x000073d17009f740
Event: 0.075 Thread 0x000073d17401c3f0 Thread added: 0x000073d160037fb0
Event: 0.075 Thread 0x000073d17401c3f0 Thread added: 0x000073d160039250
Event: 0.079 Thread 0x000073d160039250 Thread added: 0x000073d15c001840
Event: 0.079 Thread 0x000073d160039250 Thread added: 0x000073d15c002ab0
Event: 0.333 Thread 0x000073d21802b840 Thread added: 0x000073d2185da7b0
Event: 0.334 Thread 0x000073d21802b840 Thread added: 0x000073d2185dc5d0
Event: 0.362 Thread 0x000073d218154040 Thread added: 0x000073d17415fc90
Event: 0.384 Thread 0x000073d160037fb0 Thread added: 0x000073d158149170
Event: 1.727 Thread 0x000073d158149170 Thread exited: 0x000073d158149170
Event: 2.253 Thread 0x000073d160039250 Thread added: 0x000073d15c1ce390
Event: 2.254 Thread 0x000073d160039250 Thread added: 0x000073d15c1ceff0


Dynamic libraries:
60c000000-610800000 rw-p 00000000 00:00 0 
610800000-628800000 ---p 00000000 00:00 0 
628800000-629400000 rw-p 00000000 00:00 0 
629400000-62ac00000 ---p 00000000 00:00 0 
62ac00000-62b400000 rw-p 00000000 00:00 0 
62b400000-7ffc00000 ---p 00000000 00:00 0 
7ffc00000-7ffd0d000 rw-p 00cd6000 08:12 52827809                         /home/mroth/.sdkman/candidates/java/21.0.7-amzn/lib/server/classes.jsa
7ffd0d000-800000000 rw-p 00000000 00:00 0 
5d275e400000-5d275e401000 r-xp 00000000 08:12 52828244                   /home/mroth/.sdkman/candidates/java/21.0.7-amzn/bin/java
5d275e601000-5d275e602000 r--p 00001000 08:12 52828244                   /home/mroth/.sdkman/candidates/java/21.0.7-amzn/bin/java
5d275e602000-5d275e603000 rw-p 00002000 08:12 52828244                   /home/mroth/.sdkman/candidates/java/21.0.7-amzn/bin/java
5d275efa9000-5d275efef000 rw-p 00000000 00:00 0                          [heap]
73d100000000-73d100aae000 rw-p 00000000 00:00 0 
73d100aae000-73d104000000 ---p 00000000 00:00 0 
73d108000000-73d108021000 rw-p 00000000 00:00 0 
73d108021000-73d10c000000 ---p 00000000 00:00 0 
73d10c000000-73d10c021000 rw-p 00000000 00:00 0 
73d10c021000-73d110000000 ---p 00000000 00:00 0 
73d110000000-73d111001000 rw-p 00000000 00:00 0 
73d111001000-73d114000000 ---p 00000000 00:00 0 
73d114000000-73d114021000 rw-p 00000000 00:00 0 
73d114021000-73d118000000 ---p 00000000 00:00 0 
73d118000000-73d1180b8000 rw-p 00000000 00:00 0 
73d1180b8000-73d11c000000 ---p 00000000 00:00 0 
73d11c000000-73d11ce90000 rw-p 00000000 00:00 0 
73d11ce90000-73d120000000 ---p 00000000 00:00 0 
73d120000000-73d120021000 rw-p 00000000 00:00 0 
73d120021000-73d124000000 ---p 00000000 00:00 0 
73d124000000-73d124021000 rw-p 00000000 00:00 0 
73d124021000-73d128000000 ---p 00000000 00:00 0 
73d128000000-73d128021000 rw-p 00000000 00:00 0 
73d128021000-73d12c000000 ---p 00000000 00:00 0 
73d12c000000-73d12c021000 rw-p 00000000 00:00 0 
73d12c021000-73d130000000 ---p 00000000 00:00 0 
73d130000000-73d130021000 rw-p 00000000 00:00 0 
73d130021000-73d134000000 ---p 00000000 00:00 0 
73d134000000-73d134021000 rw-p 00000000 00:00 0 
73d134021000-73d138000000 ---p 00000000 00:00 0 
73d138000000-73d138021000 rw-p 00000000 00:00 0 
73d138021000-73d13c000000 ---p 00000000 00:00 0 
73d13c000000-73d13c021000 rw-p 00000000 00:00 0 
73d13c021000-73d140000000 ---p 00000000 00:00 0 
73d140000000-73d140021000 rw-p 00000000 00:00 0 
73d140021000-73d144000000 ---p 00000000 00:00 0 
73d144000000-73d144021000 rw-p 00000000 00:00 0 
73d144021000-73d148000000 ---p 00000000 00:00 0 
73d148000000-73d148021000 rw-p 00000000 00:00 0 
73d148021000-73d14c000000 ---p 00000000 00:00 0 
73d14c000000-73d14c021000 rw-p 00000000 00:00 0 
73d14c021000-73d150000000 ---p 00000000 00:00 0 
73d150000000-73d150f64000 rw-p 00000000 00:00 0 
73d150f64000-73d154000000 ---p 00000000 00:00 0 
73d154000000-73d155144000 rw-p 00000000 00:00 0 
73d155144000-73d158000000 ---p 00000000 00:00 0 
73d158000000-73d15863f000 rw-p 00000000 00:00 0 
73d15863f000-73d15c000000 ---p 00000000 00:00 0 
73d15c000000-73d15c27a000 rw-p 00000000 00:00 0 
73d15c27a000-73d160000000 ---p 00000000 00:00 0 
73d160000000-73d1603e8000 rw-p 00000000 00:00 0 
73d1603e8000-73d164000000 ---p 00000000 00:00 0 
73d164000000-73d16533d000 rw-p 00000000 00:00 0 
73d16533d000-73d168000000 ---p 00000000 00:00 0 
73d168000000-73d168021000 rw-p 00000000 00:00 0 
73d168021000-73d16c000000 ---p 00000000 00:00 0 
73d16c000000-73d16c021000 rw-p 00000000 00:00 0 
73d16c021000-73d170000000 ---p 00000000 00:00 0 
73d170000000-73d170fbf000 rw-p 00000000 00:00 0 
73d170fbf000-73d174000000 ---p 00000000 00:00 0 
73d174000000-73d174379000 rw-p 00000000 00:00 0 
73d174379000-73d178000000 ---p 00000000 00:00 0 
73d178000000-73d178021000 rw-p 00000000 00:00 0 
73d178021000-73d17c000000 ---p 00000000 00:00 0 
73d17c000000-73d17c021000 rw-p 00000000 00:00 0 
73d17c021000-73d180000000 ---p 00000000 00:00 0 
73d180000000-73d180021000 rw-p 00000000 00:00 0 
73d180021000-73d184000000 ---p 00000000 00:00 0 
73d184000000-73d184021000 rw-p 00000000 00:00 0 
73d184021000-73d188000000 ---p 00000000 00:00 0 
73d188000000-73d188021000 rw-p 00000000 00:00 0 
73d188021000-73d18c000000 ---p 00000000 00:00 0 
73d18c000000-73d18c021000 rw-p 00000000 00:00 0 
73d18c021000-73d190000000 ---p 00000000 00:00 0 
73d190000000-73d1903f0000 rw-p 00000000 00:00 0 
73d1903f0000-73d1908f0000 rw-p 00000000 00:00 0 
73d1908f0000-73d1909f0000 rw-p 00000000 00:00 0 
73d1909f0000-73d190b70000 rw-p 00000000 00:00 0 
73d190b70000-73d190bf0000 rw-p 00000000 00:00 0 
73d190bf0000-73d190df0000 rw-p 00000000 00:00 0 
73d190df0000-73d190ff0000 rw-p 00000000 00:00 0 
73d190ff0000-73d1912b0000 rw-p 00000000 00:00 0 
73d1912b0000-73d1912f0000 rw-p 00000000 00:00 0 
73d1912f0000-73d1914f0000 rw-p 00000000 00:00 0 
73d1914f0000-73d1917b0000 rw-p 00000000 00:00 0 
73d1917b0000-73d1917e0000 rw-p 00000000 00:00 0 
73d1917e0000-73d191800000 ---p 00000000 00:00 0 
73d191800000-73d1918b0000 rw-p 00000000 00:00 0 
73d1918b0000-73d194000000 ---p 00000000 00:00 0 
73d194000000-73d194021000 rw-p 00000000 00:00 0 
73d194021000-73d198000000 ---p 00000000 00:00 0 
73d19a41c000-73d19a700000 rw-p 00000000 00:00 0 
73d19a700000-73d19a704000 ---p 00000000 00:00 0 
73d19a704000-73d19a800000 rw-p 00000000 00:00 0 
73d19a800000-73d19a805000 r-xp 00000000 08:12 52827824                   /home/mroth/.sdkman/candidates/java/21.0.7-amzn/lib/libmanagement_ext.so
73d19a805000-73d19aa05000 ---p 00005000 08:12 52827824                   /home/mroth/.sdkman/candidates/java/21.0.7-amzn/lib/libmanagement_ext.so
73d19aa05000-73d19aa06000 r--p 00005000 08:12 52827824                   /home/mroth/.sdkman/candidates/java/21.0.7-amzn/lib/libmanagement_ext.so
73d19aa06000-73d19aa07000 rw-p 00000000 00:00 0 
73d19aaff000-73d19ab00000 ---p 00000000 00:00 0 
73d19ab00000-73d19ac00000 rw-p 00000000 00:00 0 
73d19ac00000-73d19ac04000 r-xp 00000000 08:12 52827817                   /home/mroth/.sdkman/candidates/java/21.0.7-amzn/lib/libmanagement.so
73d19ac04000-73d19ae03000 ---p 00004000 08:12 52827817                   /home/mroth/.sdkman/candidates/java/21.0.7-amzn/lib/libmanagement.so
73d19ae03000-73d19ae04000 r--p 00003000 08:12 52827817                   /home/mroth/.sdkman/candidates/java/21.0.7-amzn/lib/libmanagement.so
73d19ae04000-73d19ae05000 rw-p 00000000 00:00 0 
73d19aeff000-73d19af00000 ---p 00000000 00:00 0 
73d19af00000-73d19b000000 rw-p 00000000 00:00 0 
73d19b000000-73d19bc97000 rw-p 00001000 08:12 52827809                   /home/mroth/.sdkman/candidates/java/21.0.7-amzn/lib/server/classes.jsa
73d19bc97000-73d19c000000 ---p 00000000 00:00 0 
73d19c000000-73d19c030000 rw-p 00000000 00:00 0 
73d19c030000-73d19c0b0000 rw-p 00000000 00:00 0 
73d19c0b0000-73d19c0f0000 rw-p 00000000 00:00 0 
73d19c0f0000-73d19c1b0000 rw-p 00000000 00:00 0 
73d19c1b0000-73d19c1f0000 rw-p 00000000 00:00 0 
73d19c1f0000-73d19c2e0000 rw-p 00000000 00:00 0 
73d19c2e0000-73d19c300000 ---p 00000000 00:00 0 
73d19c300000-73d19c380000 rw-p 00000000 00:00 0 
73d19c380000-73d1dc000000 ---p 00000000 00:00 0 
73d1dc000000-73d1dc021000 rw-p 00000000 00:00 0 
73d1dc021000-73d1e0000000 ---p 00000000 00:00 0 
73d1e0000000-73d1e0021000 rw-p 00000000 00:00 0 
73d1e0021000-73d1e4000000 ---p 00000000 00:00 0 
73d1e40f4000-73d1e40f5000 ---p 00000000 00:00 0 
73d1e40f5000-73d1e41f5000 rw-p 00000000 00:00 0 
73d1e41f5000-73d1e41f9000 ---p 00000000 00:00 0 
73d1e41f9000-73d1e42f5000 rw-p 00000000 00:00 0 
73d1e42f5000-73d1e42f9000 ---p 00000000 00:00 0 
73d1e42f9000-73d1e43f5000 rw-p 00000000 00:00 0 
73d1e43f5000-73d1e43f9000 ---p 00000000 00:00 0 
73d1e43f9000-73d1e44f5000 rw-p 00000000 00:00 0 
73d1e44f5000-73d1e44f9000 ---p 00000000 00:00 0 
73d1e44f9000-73d1e45f5000 rw-p 00000000 00:00 0 
73d1e45f5000-73d1e45f6000 ---p 00000000 00:00 0 
73d1e45f6000-73d1e46f6000 rw-p 00000000 00:00 0 
73d1e46f6000-73d1e46f7000 ---p 00000000 00:00 0 
73d1e46f7000-73d1e47f7000 rw-p 00000000 00:00 0 
73d1e47f7000-73d1e47f8000 ---p 00000000 00:00 0 
73d1e47f8000-73d1e48f8000 rw-p 00000000 00:00 0 
73d1e48f8000-73d1e48f9000 ---p 00000000 00:00 0 
73d1e48f9000-73d1e49f9000 rw-p 00000000 00:00 0 
73d1e49f9000-73d1e49fa000 ---p 00000000 00:00 0 
73d1e49fa000-73d1e4afa000 rw-p 00000000 00:00 0 
73d1e4afa000-73d1e4afb000 ---p 00000000 00:00 0 
73d1e4afb000-73d1e4bfb000 rw-p 00000000 00:00 0 
73d1e4bfb000-73d1e4bfc000 ---p 00000000 00:00 0 
73d1e4bfc000-73d1e4cfc000 rw-p 00000000 00:00 0 
73d1e4cfc000-73d1e4cfd000 ---p 00000000 00:00 0 
73d1e4cfd000-73d1e4dfd000 rw-p 00000000 00:00 0 
73d1e4dfd000-73d1e4dfe000 ---p 00000000 00:00 0 
73d1e4dfe000-73d1e4efe000 rw-p 00000000 00:00 0 
73d1e4efe000-73d1e4eff000 ---p 00000000 00:00 0 
73d1e4eff000-73d1e4fff000 rw-p 00000000 00:00 0 
73d1e4fff000-73d1e5000000 ---p 00000000 00:00 0 
73d1e5000000-73d1e5100000 rw-p 00000000 00:00 0 
73d1e5100000-73d1e5104000 ---p 00000000 00:00 0 
73d1e5104000-73d1e5200000 rw-p 00000000 00:00 0 
73d1e5200000-73d1e5204000 ---p 00000000 00:00 0 
73d1e5204000-73d1e5300000 rw-p 00000000 00:00 0 
73d1e5300000-73d1e5304000 ---p 00000000 00:00 0 
73d1e5304000-73d1e5400000 rw-p 00000000 00:00 0 
73d1e5400000-73d1e540d000 r-xp 00000000 08:12 52827816                   /home/mroth/.sdkman/candidates/java/21.0.7-amzn/lib/libverify.so
73d1e540d000-73d1e560c000 ---p 0000d000 08:12 52827816                   /home/mroth/.sdkman/candidates/java/21.0.7-amzn/lib/libverify.so
73d1e560c000-73d1e560e000 r--p 0000c000 08:12 52827816                   /home/mroth/.sdkman/candidates/java/21.0.7-amzn/lib/libverify.so
73d1e560e000-73d1e560f000 rw-p 00000000 00:00 0 
73d1e5700000-73d1e5704000 ---p 00000000 00:00 0 
73d1e5704000-73d1e5800000 rw-p 00000000 00:00 0 
73d1e5800000-73d1e5807000 r-xp 00000000 08:12 52827841                   /home/mroth/.sdkman/candidates/java/21.0.7-amzn/lib/libzip.so
73d1e5807000-73d1e5a06000 ---p 00007000 08:12 52827841                   /home/mroth/.sdkman/candidates/java/21.0.7-amzn/lib/libzip.so
73d1e5a06000-73d1e5a07000 r--p 00006000 08:12 52827841                   /home/mroth/.sdkman/candidates/java/21.0.7-amzn/lib/libzip.so
73d1e5a07000-73d1e5a08000 rw-p 00000000 00:00 0 
73d1e5b00000-73d1e5b04000 ---p 00000000 00:00 0 
73d1e5b04000-73d1e5c00000 rw-p 00000000 00:00 0 
73d1e5c00000-73d1e5c0b000 r-xp 00000000 08:12 52827855                   /home/mroth/.sdkman/candidates/java/21.0.7-amzn/lib/libnet.so
73d1e5c0b000-73d1e5e0a000 ---p 0000b000 08:12 52827855                   /home/mroth/.sdkman/candidates/java/21.0.7-amzn/lib/libnet.so
73d1e5e0a000-73d1e5e0b000 r--p 0000a000 08:12 52827855                   /home/mroth/.sdkman/candidates/java/21.0.7-amzn/lib/libnet.so
73d1e5e0b000-73d1e5e0c000 rw-p 00000000 00:00 0 
73d1e5f00000-73d1e5f04000 ---p 00000000 00:00 0 
73d1e5f04000-73d1e6000000 rw-p 00000000 00:00 0 
73d1e6000000-73d1e6013000 r-xp 00000000 08:12 52827822                   /home/mroth/.sdkman/candidates/java/21.0.7-amzn/lib/libnio.so
73d1e6013000-73d1e6212000 ---p 00013000 08:12 52827822                   /home/mroth/.sdkman/candidates/java/21.0.7-amzn/lib/libnio.so
73d1e6212000-73d1e6213000 r--p 00012000 08:12 52827822                   /home/mroth/.sdkman/candidates/java/21.0.7-amzn/lib/libnio.so
73d1e6213000-73d1e6214000 rw-p 00013000 08:12 52827822                   /home/mroth/.sdkman/candidates/java/21.0.7-amzn/lib/libnio.so
73d1e6300000-73d1e6304000 ---p 00000000 00:00 0 
73d1e6304000-73d1e6400000 rw-p 00000000 00:00 0 
73d1e6400000-73d1e64ce000 r-xp 00000000 08:12 52827798                   /home/mroth/.sdkman/candidates/java/21.0.7-amzn/lib/libjsvml.so
73d1e64ce000-73d1e66cd000 ---p 000ce000 08:12 52827798                   /home/mroth/.sdkman/candidates/java/21.0.7-amzn/lib/libjsvml.so
73d1e66cd000-73d1e66ce000 r--p 000cd000 08:12 52827798                   /home/mroth/.sdkman/candidates/java/21.0.7-amzn/lib/libjsvml.so
73d1e66ce000-73d1e66cf000 rw-p 000ce000 08:12 52827798                   /home/mroth/.sdkman/candidates/java/21.0.7-amzn/lib/libjsvml.so
73d1e6700000-73d1e6704000 ---p 00000000 00:00 0 
73d1e6704000-73d1e6800000 rw-p 00000000 00:00 0 
73d1e6800000-73d1e6804000 ---p 00000000 00:00 0 
73d1e6804000-73d1e6900000 rw-p 00000000 00:00 0 
73d1e6900000-73d1e6904000 ---p 00000000 00:00 0 
73d1e6904000-73d1e6a00000 rw-p 00000000 00:00 0 
73d1e6a00000-73d1e6a04000 ---p 00000000 00:00 0 
73d1e6a04000-73d1e6b00000 rw-p 00000000 00:00 0 
73d1e6b00000-73d1e6b04000 ---p 00000000 00:00 0 
73d1e6b04000-73d1e6c00000 rw-p 00000000 00:00 0 
73d1e6c00000-73d1e6c04000 ---p 00000000 00:00 0 
73d1e6c04000-73d1e6d00000 rw-p 00000000 00:00 0 
73d1e6d00000-73d1e6d04000 ---p 00000000 00:00 0 
73d1e6d04000-73d1e6e00000 rw-p 00000000 00:00 0 
73d1e6e00000-73d1e7bec000 r--p 00000000 08:12 17566342                   /usr/lib/locale/locale-archive
73d1e7bfd000-73d1e7c01000 ---p 00000000 00:00 0 
73d1e7c01000-73d1e7cfd000 rw-p 00000000 00:00 0 
73d1e7cfd000-73d1e7cfe000 ---p 00000000 00:00 0 
73d1e7cfe000-73d1e7dfe000 rw-p 00000000 00:00 0 
73d1e7dfe000-73d1e7dff000 ---p 00000000 00:00 0 
73d1e7dff000-73d1e7eff000 rw-p 00000000 00:00 0 
73d1e7eff000-73d1e7f00000 ---p 00000000 00:00 0 
73d1e7f00000-73d1e8000000 rw-p 00000000 00:00 0 
73d1e8000000-73d1e8021000 rw-p 00000000 00:00 0 
73d1e8021000-73d1ec000000 ---p 00000000 00:00 0 
73d1ec000000-73d1ec021000 rw-p 00000000 00:00 0 
73d1ec021000-73d1f0000000 ---p 00000000 00:00 0 
73d1f0000000-73d1f0021000 rw-p 00000000 00:00 0 
73d1f0021000-73d1f4000000 ---p 00000000 00:00 0 
73d1f40f7000-73d1f40f8000 ---p 00000000 00:00 0 
73d1f40f8000-73d1f41f8000 rw-p 00000000 00:00 0 
73d1f41f8000-73d1f6a00000 rw-p 00000000 00:00 0 
73d1f6abf000-73d1f6ce0000 rw-p 00000000 00:00 0 
73d1f6ce0000-73d1f72e0000 ---p 00000000 00:00 0 
73d1f72e0000-73d1f7310000 rw-p 00000000 00:00 0 
73d1f7310000-73d1f7370000 ---p 00000000 00:00 0 
73d1f7370000-73d1f7390000 rw-p 00000000 00:00 0 
73d1f7390000-73d1fe8b0000 ---p 00000000 00:00 0 
73d1fe8b0000-73d1fe8e4000 rw-p 00000000 00:00 0 
73d1fe8e4000-73d1fe9a4000 ---p 00000000 00:00 0 
73d1fe9a4000-73d1fe9aa000 rw-p 00000000 00:00 0 
73d1fe9aa000-73d1fe9b6000 ---p 00000000 00:00 0 
73d1fe9b6000-73d1fe9ba000 rw-p 00000000 00:00 0 
73d1fe9ba000-73d1ff85e000 ---p 00000000 00:00 0 
73d1ff85e000-73d1ff884000 rw-p 00000000 00:00 0 
73d1ff884000-73d1ff944000 ---p 00000000 00:00 0 
73d1ff944000-73d1ff94a000 rw-p 00000000 00:00 0 
73d1ff94a000-73d1ff956000 ---p 00000000 00:00 0 
73d1ff956000-73d1ff95a000 rw-p 00000000 00:00 0 
73d1ff95a000-73d2007fe000 ---p 00000000 00:00 0 
73d2007fe000-73d200800000 rw-p 00000000 00:00 0 
73d200800000-73d2014d0000 rwxp 00000000 00:00 0 
73d2014d0000-73d207c5f000 ---p 00000000 00:00 0 
73d207c5f000-73d20800f000 rwxp 00000000 00:00 0 
73d20800f000-73d2083a0000 ---p 00000000 00:00 0 
73d2083a0000-73d208750000 rwxp 00000000 00:00 0 
73d208750000-73d20f800000 ---p 00000000 00:00 0 
73d20f800000-73d217f60000 r--s 00000000 08:12 52827821                   /home/mroth/.sdkman/candidates/java/21.0.7-amzn/lib/modules
73d218000000-73d218b57000 rw-p 00000000 00:00 0 
73d218b57000-73d21c000000 ---p 00000000 00:00 0 
73d21c013000-73d21c06c000 r--p 00000000 08:12 17566345                   /usr/lib/locale/C.utf8/LC_CTYPE
73d21c06c000-73d21c4f1000 rw-p 00000000 00:00 0 
73d21c4f1000-73d21c4f2000 ---p 00000000 00:00 0 
73d21c4f2000-73d21c5f2000 rw-p 00000000 00:00 0 
73d21c5f2000-73d21c5f3000 ---p 00000000 00:00 0 
73d21c5f3000-73d21c6f3000 rw-p 00000000 00:00 0 
73d21c6f3000-73d21c6f4000 ---p 00000000 00:00 0 
73d21c6f4000-73d21c7f4000 rw-p 00000000 00:00 0 
73d21c7f4000-73d21d400000 rw-p 00000000 00:00 0 
73d21d400000-73d21d420000 r-xp 00000000 08:12 52827853                   /home/mroth/.sdkman/candidates/java/21.0.7-amzn/lib/libjava.so
73d21d420000-73d21d61f000 ---p 00020000 08:12 52827853                   /home/mroth/.sdkman/candidates/java/21.0.7-amzn/lib/libjava.so
73d21d61f000-73d21d620000 r--p 0001f000 08:12 52827853                   /home/mroth/.sdkman/candidates/java/21.0.7-amzn/lib/libjava.so
73d21d620000-73d21d621000 rw-p 00020000 08:12 52827853                   /home/mroth/.sdkman/candidates/java/21.0.7-amzn/lib/libjava.so
73d21d621000-73d21d622000 rw-p 00000000 00:00 0 
73d21d663000-73d21d800000 rw-p 00000000 00:00 0 
73d21d800000-73d21d81b000 r-xp 00000000 08:12 52827842                   /home/mroth/.sdkman/candidates/java/21.0.7-amzn/lib/libjimage.so
73d21d81b000-73d21da1a000 ---p 0001b000 08:12 52827842                   /home/mroth/.sdkman/candidates/java/21.0.7-amzn/lib/libjimage.so
73d21da1a000-73d21da1c000 r--p 0001a000 08:12 52827842                   /home/mroth/.sdkman/candidates/java/21.0.7-amzn/lib/libjimage.so
73d21da1c000-73d21da1d000 rw-p 0001c000 08:12 52827842                   /home/mroth/.sdkman/candidates/java/21.0.7-amzn/lib/libjimage.so
73d21da57000-73d21db1f000 rw-p 00000000 00:00 0 
73d21db1f000-73d21dc00000 ---p 00000000 00:00 0 
73d21dc00000-73d21f056000 r-xp 00000000 08:12 52827810                   /home/mroth/.sdkman/candidates/java/21.0.7-amzn/lib/server/libjvm.so
73d21f056000-73d21f256000 ---p 01456000 08:12 52827810                   /home/mroth/.sdkman/candidates/java/21.0.7-amzn/lib/server/libjvm.so
73d21f256000-73d21f32a000 r--p 01456000 08:12 52827810                   /home/mroth/.sdkman/candidates/java/21.0.7-amzn/lib/server/libjvm.so
73d21f32a000-73d21f35a000 rw-p 0152a000 08:12 52827810                   /home/mroth/.sdkman/candidates/java/21.0.7-amzn/lib/server/libjvm.so
73d21f35a000-73d21f3c0000 rw-p 00000000 00:00 0 
73d21f400000-73d21f428000 r--p 00000000 08:12 17575120                   /usr/lib/x86_64-linux-gnu/libc.so.6
73d21f428000-73d21f5b0000 r-xp 00028000 08:12 17575120                   /usr/lib/x86_64-linux-gnu/libc.so.6
73d21f5b0000-73d21f5ff000 r--p 001b0000 08:12 17575120                   /usr/lib/x86_64-linux-gnu/libc.so.6
73d21f5ff000-73d21f603000 r--p 001fe000 08:12 17575120                   /usr/lib/x86_64-linux-gnu/libc.so.6
73d21f603000-73d21f605000 rw-p 00202000 08:12 17575120                   /usr/lib/x86_64-linux-gnu/libc.so.6
73d21f605000-73d21f612000 rw-p 00000000 00:00 0 
73d21f617000-73d21f631000 rw-p 00000000 00:00 0 
73d21f631000-73d21f700000 ---p 00000000 00:00 0 
73d21f700000-73d21f704000 ---p 00000000 00:00 0 
73d21f704000-73d21f800000 rw-p 00000000 00:00 0 
73d21f800000-73d21f80f000 r-xp 00000000 08:12 52827844                   /home/mroth/.sdkman/candidates/java/21.0.7-amzn/lib/libjli.so
73d21f80f000-73d21fa0f000 ---p 0000f000 08:12 52827844                   /home/mroth/.sdkman/candidates/java/21.0.7-amzn/lib/libjli.so
73d21fa0f000-73d21fa10000 r--p 0000f000 08:12 52827844                   /home/mroth/.sdkman/candidates/java/21.0.7-amzn/lib/libjli.so
73d21fa10000-73d21fa11000 rw-p 00010000 08:12 52827844                   /home/mroth/.sdkman/candidates/java/21.0.7-amzn/lib/libjli.so
73d21fa22000-73d21fa23000 r--p 00000000 08:12 17566350                   /usr/lib/locale/C.utf8/LC_NUMERIC
73d21fa23000-73d21fa24000 r--p 00000000 08:12 17566353                   /usr/lib/locale/C.utf8/LC_TIME
73d21fa24000-73d21fa25000 r--p 00000000 08:12 17566344                   /usr/lib/locale/C.utf8/LC_COLLATE
73d21fa25000-73d21fa26000 r--p 00000000 08:12 17566348                   /usr/lib/locale/C.utf8/LC_MONETARY
73d21fa26000-73d21fa2d000 r--s 00000000 08:12 17576800                   /usr/lib/x86_64-linux-gnu/gconv/gconv-modules.cache
73d21fa2d000-73d21fab3000 rw-p 00000000 00:00 0 
73d21fab3000-73d21faba000 ---p 00000000 00:00 0 
73d21faba000-73d21faca000 r--p 00000000 08:12 17575426                   /usr/lib/x86_64-linux-gnu/libm.so.6
73d21faca000-73d21fb49000 r-xp 00010000 08:12 17575426                   /usr/lib/x86_64-linux-gnu/libm.so.6
73d21fb49000-73d21fba1000 r--p 0008f000 08:12 17575426                   /usr/lib/x86_64-linux-gnu/libm.so.6
73d21fba1000-73d21fba2000 r--p 000e7000 08:12 17575426                   /usr/lib/x86_64-linux-gnu/libm.so.6
73d21fba2000-73d21fba3000 rw-p 000e8000 08:12 17575426                   /usr/lib/x86_64-linux-gnu/libm.so.6
73d21fba3000-73d21fba4000 r--p 00000000 08:12 17575595                   /usr/lib/x86_64-linux-gnu/librt.so.1
73d21fba4000-73d21fba5000 r-xp 00001000 08:12 17575595                   /usr/lib/x86_64-linux-gnu/librt.so.1
73d21fba5000-73d21fba6000 r--p 00002000 08:12 17575595                   /usr/lib/x86_64-linux-gnu/librt.so.1
73d21fba6000-73d21fba7000 r--p 00002000 08:12 17575595                   /usr/lib/x86_64-linux-gnu/librt.so.1
73d21fba7000-73d21fba8000 rw-p 00003000 08:12 17575595                   /usr/lib/x86_64-linux-gnu/librt.so.1
73d21fba8000-73d21fbac000 rw-p 00000000 00:00 0 
73d21fbac000-73d21fbad000 r--p 00000000 08:12 17575179                   /usr/lib/x86_64-linux-gnu/libdl.so.2
73d21fbad000-73d21fbae000 r-xp 00001000 08:12 17575179                   /usr/lib/x86_64-linux-gnu/libdl.so.2
73d21fbae000-73d21fbaf000 r--p 00002000 08:12 17575179                   /usr/lib/x86_64-linux-gnu/libdl.so.2
73d21fbaf000-73d21fbb0000 r--p 00002000 08:12 17575179                   /usr/lib/x86_64-linux-gnu/libdl.so.2
73d21fbb0000-73d21fbb1000 rw-p 00003000 08:12 17575179                   /usr/lib/x86_64-linux-gnu/libdl.so.2
73d21fbb1000-73d21fbb2000 r--p 00000000 08:12 17575577                   /usr/lib/x86_64-linux-gnu/libpthread.so.0
73d21fbb2000-73d21fbb3000 r-xp 00001000 08:12 17575577                   /usr/lib/x86_64-linux-gnu/libpthread.so.0
73d21fbb3000-73d21fbb4000 r--p 00002000 08:12 17575577                   /usr/lib/x86_64-linux-gnu/libpthread.so.0
73d21fbb4000-73d21fbb5000 r--p 00002000 08:12 17575577                   /usr/lib/x86_64-linux-gnu/libpthread.so.0
73d21fbb5000-73d21fbb6000 rw-p 00003000 08:12 17575577                   /usr/lib/x86_64-linux-gnu/libpthread.so.0
73d21fbb6000-73d21fbb8000 r--p 00000000 08:12 17575780                   /usr/lib/x86_64-linux-gnu/libz.so.1.3
73d21fbb8000-73d21fbca000 r-xp 00002000 08:12 17575780                   /usr/lib/x86_64-linux-gnu/libz.so.1.3
73d21fbca000-73d21fbd0000 r--p 00014000 08:12 17575780                   /usr/lib/x86_64-linux-gnu/libz.so.1.3
73d21fbd0000-73d21fbd1000 r--p 0001a000 08:12 17575780                   /usr/lib/x86_64-linux-gnu/libz.so.1.3
73d21fbd1000-73d21fbd2000 rw-p 0001b000 08:12 17575780                   /usr/lib/x86_64-linux-gnu/libz.so.1.3
73d21fbd2000-73d21fbd3000 r--p 00000000 08:12 17566354                   /usr/lib/locale/C.utf8/LC_MESSAGES/SYS_LC_MESSAGES
73d21fbd3000-73d21fbd4000 r--p 00000000 08:12 17566351                   /usr/lib/locale/C.utf8/LC_PAPER
73d21fbd4000-73d21fbd5000 r--p 00000000 08:12 17566349                   /usr/lib/locale/C.utf8/LC_NAME
73d21fbd5000-73d21fbd6000 r--p 00000000 08:12 17566343                   /usr/lib/locale/C.utf8/LC_ADDRESS
73d21fbd6000-73d21fbd7000 r--p 00000000 08:12 17566352                   /usr/lib/locale/C.utf8/LC_TELEPHONE
73d21fbd7000-73d21fbd8000 r--p 00000000 08:12 17566347                   /usr/lib/locale/C.utf8/LC_MEASUREMENT
73d21fbd8000-73d21fbd9000 r--p 00000000 08:12 17566346                   /usr/lib/locale/C.utf8/LC_IDENTIFICATION
73d21fbd9000-73d21fbe1000 rw-s 00000000 08:12 51249164                   /tmp/hsperfdata_mroth/12708
73d21fbe1000-73d21fbe2000 ---p 00000000 00:00 0 
73d21fbe2000-73d21fbe3000 r--p 00000000 00:00 0 
73d21fbe3000-73d21fbe4000 ---p 00000000 00:00 0 
73d21fbe4000-73d21fbe6000 rw-p 00000000 00:00 0 
73d21fbe6000-73d21fbea000 r--p 00000000 00:00 0                          [vvar]
73d21fbea000-73d21fbec000 r-xp 00000000 00:00 0                          [vdso]
73d21fbec000-73d21fbed000 r--p 00000000 08:12 17574938                   /usr/lib/x86_64-linux-gnu/ld-linux-x86-64.so.2
73d21fbed000-73d21fc18000 r-xp 00001000 08:12 17574938                   /usr/lib/x86_64-linux-gnu/ld-linux-x86-64.so.2
73d21fc18000-73d21fc22000 r--p 0002c000 08:12 17574938                   /usr/lib/x86_64-linux-gnu/ld-linux-x86-64.so.2
73d21fc22000-73d21fc24000 r--p 00036000 08:12 17574938                   /usr/lib/x86_64-linux-gnu/ld-linux-x86-64.so.2
73d21fc24000-73d21fc26000 rw-p 00038000 08:12 17574938                   /usr/lib/x86_64-linux-gnu/ld-linux-x86-64.so.2
7fffcf1e2000-7fffcf204000 rw-p 00000000 00:00 0                          [stack]
ffffffffff600000-ffffffffff601000 --xp 00000000 00:00 0                  [vsyscall]
Total number of mappings: 349


VM Arguments:
java_command: org.codehaus.groovy.tools.GroovyStarter --main groovy.ui.GroovyMain --classpath ./src/main/java:./src/main/resources ./src/main/java/de/crash/the/jvm/srv/gen/CrashTheJvm.groovy -e
java_class_path (initial): ./_deps/log4j-api-2.20.0.jar:./_deps/groovy-cli-picocli-4.0.22.jar:./_deps/groovy-groovysh-4.0.22.jar:./_deps/commons-text-1.10.0.jar:./_deps/picocli-4.7.6.jar:./_deps/slf4j-api-2.0.7.jar:./_deps/groovy-templates-4.0.22.jar:./_deps/groovy-groovydoc-4.0.22.jar:./_deps/groovy-console-4.0.22.jar:./_deps/groovy-4.0.22.jar:./_deps/groovy-datetime-4.0.22.jar:./_deps/commons-lang3-3.17.0.jar:./_deps/groovy-swing-4.0.22.jar:./_deps/groovy-docgenerator-4.0.22.jar:./_deps/groovy-dateutil-4.0.22.jar:./_deps/groovy-xml-4.0.22.jar:./_deps/groovy-jsr223-4.0.22.jar:./_deps/groovy-json-4.0.22.jar:./_deps/velocity-engine-core-2.4.1.jar:./_deps/commons-configuration2-2.11.0.jar:./_deps/log4j-core-2.20.0.jar:./_deps/groovy-yaml-4.0.22.jar:./_deps/velocity-tools-generic-3.1.jar:./_deps/groovy-nio-4.0.22.jar:./_deps/commons-logging-1.3.2.jar:./_deps/groovy-sql-4.0.22.jar:./_deps/groovy-test-junit5-4.0.22.jar:./_deps/groovy-servlet-4.0.22.jar:./_deps/log4j-slf4j2-impl-2.20.0.jar:./_deps/groovy-test-4.0.22.jar:./_deps/groovy-jmx-4.0.22.jar:./_deps/groovy-macro-4.0.22.jar:./_deps/commons-io-2.18.0.jar
Launcher Type: SUN_STANDARD

[Global flags]
     intx CICompilerCount                          = 12                                        {product} {ergonomic}
     uint ConcGCThreads                            = 3                                         {product} {ergonomic}
     uint G1ConcRefinementThreads                  = 13                                        {product} {ergonomic}
   size_t G1HeapRegionSize                         = 4194304                                   {product} {ergonomic}
    uintx GCDrainStackTargetSize                   = 64                                        {product} {ergonomic}
   size_t InitialHeapSize                          = 524288000                                 {product} {ergonomic}
   size_t MarkStackSize                            = 4194304                                   {product} {ergonomic}
   size_t MaxHeapSize                              = 8388608000                                {product} {ergonomic}
   size_t MaxNewSize                               = 5033164800                                {product} {ergonomic}
   size_t MinHeapDeltaBytes                        = 4194304                                   {product} {ergonomic}
   size_t MinHeapSize                              = 8388608                                   {product} {ergonomic}
    uintx NonNMethodCodeHeapSize                   = 7602480                                {pd product} {ergonomic}
    uintx NonProfiledCodeHeapSize                  = 122027880                              {pd product} {ergonomic}
    uintx ProfiledCodeHeapSize                     = 122027880                              {pd product} {ergonomic}
    uintx ReservedCodeCacheSize                    = 251658240                              {pd product} {ergonomic}
     bool SegmentedCodeCache                       = true                                      {product} {ergonomic}
   size_t SoftMaxHeapSize                          = 8388608000                             {manageable} {ergonomic}
     bool UseCompressedOops                        = true                           {product lp64_product} {ergonomic}
     bool UseG1GC                                  = true                                      {product} {ergonomic}

Logging:
Log output configuration:
 #0: stdout all=warning uptime,level,tags foldmultilines=false
 #1: stderr all=off uptime,level,tags foldmultilines=false

Environment Variables:
JAVA_HOME=/home/mroth/.sdkman/candidates/java/current
PATH=/home/mroth/.sdkman/candidates/java/current/bin:/home/mroth/.sdkman/candidates/groovy/current/bin:/usr/local/sbin:/usr/local/bin:/usr/sbin:/usr/bin:/sbin:/bin:/usr/games:/usr/local/games:/usr/lib/wsl/lib:/mnt/c/Tools/Java/64/jdk17_release/bin:/mnt/c/Tools/Java/64/jdk-11.0.10/bin:/mnt/c/Users/moroth/scoop/shims:/mnt/c/ProgramData/Oracle/Java/javapath:/mnt/c/ProgramFiles(x86)/Intel/Intel(R)ManagementEngineComponents/iCLS/:/mnt/c/ProgramFiles/Intel/Intel(R)ManagementEngineComponents/iCLS/:/mnt/c/Windows/system32:/mnt/c/Windows:/mnt/c/Windows/System32/Wbem:/mnt/c/Windows/System32/WindowsPowerShell/v1.0/:/mnt/c/Tools/groovy:/mnt/c/Tools/Java/64/jdk1.8.0_65/bin:/mnt/c/Windows/system32/config/systemprofile/AppData/Local/Microsoft/WindowsApps:/mnt/c/Tools/apache-maven/bin:/mnt/c/Tools/UNIXcom:/mnt/c/ProgramFiles/MicrosoftSQLServer/110/Tools/Binn/:/mnt/c/Tools/strawberry/c/bin:/mnt/c/Tools/strawberry/perl/site/bin:/mnt/c/Tools/strawberry/perl/bin:/mnt/c/oracle/product/12.2.0/dbhome_1/bin:/mnt/c/Tools/groovy/bin:/mnt/c/WINDOWS/system32:/mnt/c/WINDOWS:/mnt/c/WINDOWS/System32/Wbem:/mnt/c/WINDOWS/System32/WindowsPowerShell/v1.0/:/mnt/c/ProgramFiles(x86)/Intel/Intel(R)ManagementEngineComponents/DAL:/mnt/c/ProgramFiles/Intel/Intel(R)ManagementEngineComponents/DAL:/mnt/c/ProgramFiles(x86)/Intel/Intel(R)ManagementEngineComponents/IPT:/mnt/c/ProgramFiles/Intel/Intel(R)ManagementEngineComponents/IPT:/mnt/c/WINDOWS/System32/OpenSSH/:/mnt/c/ProgramFiles/PuTTY/:/mnt/c/ProgramFiles/Intel/WiFi/bin/:/mnt/c/ProgramFiles/CommonFiles/Intel/WirelessCommon/:/mnt/c/ProgramFiles/Git/cmd:/mnt/c/Tools/TortoiseSVN/bin:/mnt/c/ProgramData/chocolatey/bin:/mnt/c/WINDOWS/system32:/mnt/c/WINDOWS:/mnt/c/WINDOWS/System32/Wbem:/mnt/c/WINDOWS/System32/WindowsPowerShell/v1.0/:/mnt/c/WINDOWS/System32/OpenSSH/:/mnt/c/Tools/NodeJS/:/mnt/c/ProgramFiles(x86)/Webex/Plugins:/mnt/c/Tools/Visual-Studio-Code:/mnt/c/Tools/Git/cmd:/mnt/c/Python27/:/mnt/c/Tools/TortoiseGit/bin:/mnt/c/Program Files (x86)/Webex/Plugins:/mnt/c/Program Files/Rancher Desktop/resources/resources/win32/bin/:/mnt/c/Program Files/Rancher Desktop/resources/resources/win32/docker-cli-plugins/:/mnt/c/Program Files/Rancher Desktop/resources/resources/linux/bin/:/mnt/c/Program Files/Rancher Desktop/resources/resources/linux/docker-cli-plugins/:/mnt/c/Users/moroth/scoop/apps/openjdk22/current/bin:/mnt/c/Users/moroth/scoop/apps/llvm/current/bin:/mnt/c/Users/moroth/scoop/apps/vscode/current/bin:/mnt/c/Users/moroth/scoop/apps/gcc/current/bin:/mnt/c/Users/moroth/scoop/apps/python/current/Scripts:/mnt/c/Users/moroth/scoop/apps/python/current:/mnt/c/Users/moroth/scoop/apps/openjdk17/current/bin:/mnt/c/Users/moroth/scoop/apps/msys2/current/mingw64/bin:/mnt/c/Users/moroth/scoop/apps/dotnet-sdk/current:/mnt/c/Users/moroth/scoop/shims:/mnt/c/Users/moroth/.dotnet/tools:/mnt/c/prj/wms_java17/bsw/srv/_exe/win32:/mnt/c/prj/wms_java17/bsw/srv/_bin:/mnt/c/prj/wms_java17/lvs/srv/_exe/win32:/mnt/c/prj/wms_java17/lvs/srv/_bin:/mnt/c/prj/wms_java17/srv/_exe/win32:/mnt/c/prj/wms_java17/srv/_bin:/mnt/c/prj/wms_java17/bsw/spu/_bin:/mnt/c/prj/wms_java17/bsw/spu/_alias:/mnt/c/prj/wms_java17/bsw_pjf/env/scripts/spu/_alias:/snap/bin
USERNAME=mroth
SHELL=/bin/bash
DISPLAY=:0
HOSTTYPE=x86_64
LANG=C.UTF-8
TERM=xterm-256color

Active Locale:
LC_ALL=C.UTF-8
LC_COLLATE=C.UTF-8
LC_CTYPE=C.UTF-8
LC_MESSAGES=C.UTF-8
LC_MONETARY=C.UTF-8
LC_NUMERIC=C.UTF-8
LC_TIME=C.UTF-8

Signal Handlers:
   SIGSEGV: crash_handler in libjvm.so, mask=11100100010111111101111111111110, flags=SA_RESTART|SA_SIGINFO, unblocked
    SIGBUS: crash_handler in libjvm.so, mask=11100100010111111101111111111110, flags=SA_RESTART|SA_SIGINFO, unblocked
    SIGFPE: crash_handler in libjvm.so, mask=11100100010111111101111111111110, flags=SA_RESTART|SA_SIGINFO, unblocked
   SIGPIPE: javaSignalHandler in libjvm.so, mask=11100100010111111101111111111110, flags=SA_RESTART|SA_SIGINFO, blocked
   SIGXFSZ: javaSignalHandler in libjvm.so, mask=11100100010111111101111111111110, flags=SA_RESTART|SA_SIGINFO, blocked
    SIGILL: crash_handler in libjvm.so, mask=11100100010111111101111111111110, flags=SA_RESTART|SA_SIGINFO, unblocked
   SIGUSR2: SR_handler in libjvm.so, mask=00000000000000000000000000000000, flags=SA_RESTART|SA_SIGINFO, blocked
    SIGHUP: UserHandler in libjvm.so, mask=11100100010111111101111111111110, flags=SA_RESTART|SA_SIGINFO, blocked
    SIGINT: UserHandler in libjvm.so, mask=11100100010111111101111111111110, flags=SA_RESTART|SA_SIGINFO, blocked
   SIGTERM: UserHandler in libjvm.so, mask=11100100010111111101111111111110, flags=SA_RESTART|SA_SIGINFO, blocked
   SIGQUIT: UserHandler in libjvm.so, mask=11100100010111111101111111111110, flags=SA_RESTART|SA_SIGINFO, blocked
   SIGTRAP: crash_handler in libjvm.so, mask=11100100010111111101111111111110, flags=SA_RESTART|SA_SIGINFO, unblocked


Periodic native trim disabled

---------------  S Y S T E M  ---------------

OS:
DISTRIB_ID=Ubuntu
DISTRIB_RELEASE=24.04
DISTRIB_CODENAME=noble
DISTRIB_DESCRIPTION="Ubuntu 24.04.2 LTS"
uname: Linux 6.11.0-24-generic #24~24.04.1-Ubuntu SMP PREEMPT_DYNAMIC Tue Mar 25 20:14:34 UTC 2 x86_64
OS uptime: 0 days 3:01 hours
libc: glibc 2.39 NPTL 2.39 
rlimit (soft/hard): STACK 8192k/infinity , CORE 0k/infinity , NPROC 127274/127274 , NOFILE 1048576/1048576 , AS infinity/infinity , CPU infinity/infinity , DATA infinity/infinity , FSIZE infinity/infinity , MEMLOCK 4095916k/4095916k
load average: 0.53 0.29 0.23

/proc/meminfo:
MemTotal:       32767336 kB
MemFree:        25772016 kB
MemAvailable:   29246492 kB
Buffers:          120180 kB
Cached:          3637972 kB
SwapCached:            0 kB
Active:          3708980 kB
Inactive:        2341924 kB
Active(anon):    2328416 kB
Inactive(anon):        0 kB
Active(file):    1380564 kB
Inactive(file):  2341924 kB
Unevictable:       14416 kB
Mlocked:              16 kB
SwapTotal:       8388604 kB
SwapFree:        8388604 kB
Zswap:                 0 kB
Zswapped:              0 kB
Dirty:               352 kB
Writeback:             0 kB
AnonPages:       2308188 kB
Mapped:           870968 kB
Shmem:             35664 kB
KReclaimable:     215224 kB
Slab:             484704 kB
SReclaimable:     215224 kB
SUnreclaim:       269480 kB
KernelStack:       19008 kB
PageTables:        36412 kB
SecPageTables:      4892 kB
NFS_Unstable:          0 kB
Bounce:                0 kB
WritebackTmp:          0 kB
CommitLimit:    24772272 kB
Committed_AS:    8560096 kB
VmallocTotal:   34359738367 kB
VmallocUsed:      113508 kB
VmallocChunk:          0 kB
Percpu:            15936 kB
HardwareCorrupted:     0 kB
AnonHugePages:         0 kB
ShmemHugePages:        0 kB
ShmemPmdMapped:        0 kB
FileHugePages:         0 kB
FilePmdMapped:         0 kB
Unaccepted:            0 kB
HugePages_Total:       0
HugePages_Free:        0
HugePages_Rsvd:        0
HugePages_Surp:        0
Hugepagesize:       2048 kB
Hugetlb:               0 kB
DirectMap4k:      686588 kB
DirectMap2M:     7608320 kB
DirectMap1G:    26214400 kB

/sys/kernel/mm/transparent_hugepage/enabled: always [madvise] never
/sys/kernel/mm/transparent_hugepage/hpage_pmd_size: 2097152
/sys/kernel/mm/transparent_hugepage/defrag (defrag/compaction efforts parameter): always defer defer+madvise [madvise] never

Process Memory:
Virtual Size: 12794152K (peak: 12856728K)
Resident Set Size: 322852K (peak: 322852K) (anon: 298260K, file: 24592K, shmem: 0K)
Swapped out: 0K
C-Heap outstanding allocations: 159688K, retained: 16371K
glibc malloc tunables: (default)

/proc/sys/kernel/threads-max (system-wide limit on the number of threads): 254548
/proc/sys/vm/max_map_count (maximum number of memory map areas a process may have): 1048576
/proc/sys/vm/swappiness (control to define how aggressively the kernel swaps out anonymous memory): 60
/proc/sys/kernel/pid_max (system-wide limit on number of process identifiers): 4194304

container (cgroup) information:
container_type: cgroupv2
cpu_cpuset_cpus: not supported
cpu_memory_nodes: not supported
active_processor_count: 16
cpu_quota: not supported
cpu_period: not supported
cpu_shares: not supported
memory_limit_in_bytes: unlimited
memory_and_swap_limit_in_bytes: unlimited
memory_soft_limit_in_bytes: unlimited
memory_usage_in_bytes: 1517412 k
memory_max_usage_in_bytes: not supported
memory_swap_current_in_bytes: unlimited
memory_swap_max_limit_in_bytes: unlimited
maximum number of tasks: 38182
current number of tasks: 44

Steal ticks since vm start: 0
Steal ticks percentage since vm start:  0.000

CPU: total 16 (initial active 16) (16 cores per cpu, 2 threads per core) family 23 model 113 stepping 0 microcode 0x8701013, cx8, cmov, fxsr, ht, mmx, 3dnowpref, sse, sse2, sse3, ssse3, sse4a, sse4.1, sse4.2, popcnt, lzcnt, tsc, tscinvbit, avx, avx2, aes, clmul, bmi1, bmi2, adx, sha, fma, vzeroupper, clflush, clflushopt, rdtscp, rdpid, f16c
CPU Model and flags from /proc/cpuinfo:
model name	: AMD Ryzen 7 3700X 8-Core Processor
flags		: fpu vme de pse tsc msr pae mce cx8 apic sep mtrr pge mca cmov pat pse36 clflush mmx fxsr sse sse2 ht syscall nx mmxext fxsr_opt pdpe1gb rdtscp lm constant_tsc rep_good nopl xtopology nonstop_tsc cpuid extd_apicid aperfmperf rapl pni pclmulqdq monitor ssse3 fma cx16 sse4_1 sse4_2 movbe popcnt aes xsave avx f16c rdrand lahf_lm cmp_legacy svm extapic cr8_legacy abm sse4a misalignsse 3dnowprefetch osvw ibs skinit wdt tce topoext perfctr_core perfctr_nb bpext perfctr_llc mwaitx cpb cat_l3 cdp_l3 hw_pstate ssbd mba ibpb stibp vmmcall fsgsbase bmi1 avx2 smep bmi2 cqm rdt_a rdseed adx smap clflushopt clwb sha_ni xsaveopt xsavec xgetbv1 cqm_llc cqm_occup_llc cqm_mbm_total cqm_mbm_local clzero irperf xsaveerptr rdpru wbnoinvd arat npt lbrv svm_lock nrip_save tsc_scale vmcb_clean flushbyasid decodeassists pausefilter pfthreshold avic v_vmsave_vmload vgif v_spec_ctrl umip rdpid overflow_recov succor smca sev sev_es

Online cpus: 0-15
Offline cpus: 
BIOS frequency limitation: 3600000
Frequency switch latency (ns): 0
Available cpu frequencies: 3600000 2800000 2200000 
Current governor: schedutil
Core performance/turbo boost: 1

Memory: 4k page, physical 32767336k(29246492k free), swap 8388604k(8388604k free)
Page Sizes: 4k

vm_info: OpenJDK 64-Bit Server VM (21.0.7+6-LTS) for linux-amd64 JRE (21.0.7+6-LTS), built on 2025-04-09T23:35:16Z by "jenkins" with gcc 7.3.1 20180303 (Red Hat 7.3.1-5)

END.
